<?xml version="1.0" encoding="UTF-8"?>
<coverage generated="1733722905210" clover="3.2.0">
  <project timestamp="1733722905210" name="All files">
    <metrics statements="443" coveredstatements="387" conditionals="141" coveredconditionals="103" methods="95" coveredmethods="80" elements="679" coveredelements="570" complexity="0" loc="443" ncloc="443" packages="1" files="23" classes="23"/>
    <file name="Cache.ts" path="/home/runner/work/thingies/thingies/src/Cache.ts">
      <metrics statements="74" coveredstatements="38" conditionals="30" coveredconditionals="12" methods="13" coveredmethods="5"/>
      <line num="2" count="1" type="stmt"/>
      <line num="3" count="1" type="stmt"/>
      <line num="4" count="1" type="stmt"/>
      <line num="7" count="6" type="stmt"/>
      <line num="8" count="6" type="stmt"/>
      <line num="9" count="6" type="stmt"/>
      <line num="10" count="6" type="stmt"/>
      <line num="11" count="6" type="stmt"/>
      <line num="12" count="6" type="stmt"/>
      <line num="13" count="6" type="stmt"/>
      <line num="14" count="6" type="stmt"/>
      <line num="15" count="0" type="stmt"/>
      <line num="16" count="0" type="stmt"/>
      <line num="17" count="0" type="stmt"/>
      <line num="18" count="0" type="cond" truecount="0" falsecount="4"/>
      <line num="19" count="0" type="stmt"/>
      <line num="20" count="0" type="stmt"/>
      <line num="23" count="0" type="stmt"/>
      <line num="25" count="6" type="stmt"/>
      <line num="26" count="0" type="stmt"/>
      <line num="30" count="8" type="stmt"/>
      <line num="34" count="8" type="cond" truecount="2" falsecount="0"/>
      <line num="35" count="1" type="stmt"/>
      <line num="38" count="7" type="stmt"/>
      <line num="39" count="7" type="stmt"/>
      <line num="41" count="8" type="cond" truecount="1" falsecount="1"/>
      <line num="42" count="0" type="stmt"/>
      <line num="43" count="0" type="cond" truecount="0" falsecount="2"/>
      <line num="44" count="0" type="stmt"/>
      <line num="45" count="0" type="stmt"/>
      <line num="46" count="0" type="stmt"/>
      <line num="52" count="8" type="stmt"/>
      <line num="53" count="8" type="stmt"/>
      <line num="54" count="8" type="stmt"/>
      <line num="57" count="15" type="stmt"/>
      <line num="58" count="15" type="cond" truecount="2" falsecount="0"/>
      <line num="59" count="9" type="stmt"/>
      <line num="60" count="9" type="cond" truecount="2" falsecount="0"/>
      <line num="61" count="7" type="stmt"/>
      <line num="63" count="2" type="cond" truecount="2" falsecount="0"/>
      <line num="64" count="1" type="stmt"/>
      <line num="65" count="1" type="stmt"/>
      <line num="68" count="1" type="stmt"/>
      <line num="69" count="1" type="stmt"/>
      <line num="70" count="1" type="stmt"/>
      <line num="74" count="6" type="stmt"/>
      <line num="78" count="0" type="stmt"/>
      <line num="79" count="0" type="cond" truecount="0" falsecount="2"/>
      <line num="80" count="0" type="stmt"/>
      <line num="81" count="0" type="stmt"/>
      <line num="82" count="0" type="cond" truecount="0" falsecount="2"/>
      <line num="83" count="0" type="stmt"/>
      <line num="85" count="0" type="cond" truecount="0" falsecount="2"/>
      <line num="86" count="0" type="stmt"/>
      <line num="87" count="0" type="stmt"/>
      <line num="89" count="0" type="stmt"/>
      <line num="92" count="0" type="stmt"/>
      <line num="93" count="0" type="cond" truecount="0" falsecount="2"/>
      <line num="94" count="0" type="stmt"/>
      <line num="95" count="0" type="stmt"/>
      <line num="96" count="0" type="stmt"/>
      <line num="99" count="0" type="stmt"/>
      <line num="100" count="0" type="stmt"/>
      <line num="103" count="0" type="stmt"/>
      <line num="106" count="1" type="stmt"/>
      <line num="107" count="1" type="cond" truecount="1" falsecount="1"/>
      <line num="108" count="0" type="stmt"/>
      <line num="109" count="1" type="stmt"/>
      <line num="110" count="1" type="stmt"/>
      <line num="113" count="0" type="stmt"/>
      <line num="114" count="0" type="cond" truecount="0" falsecount="2"/>
      <line num="115" count="0" type="stmt"/>
      <line num="116" count="0" type="stmt"/>
      <line num="119" count="1" type="stmt"/>
    </file>
    <file name="Defer.ts" path="/home/runner/work/thingies/thingies/src/Defer.ts">
      <metrics statements="6" coveredstatements="6" conditionals="0" coveredconditionals="0" methods="2" coveredmethods="2"/>
      <line num="2" count="1" type="stmt"/>
      <line num="3" count="1" type="stmt"/>
      <line num="18" count="5" type="stmt"/>
      <line num="19" count="5" type="stmt"/>
      <line num="20" count="5" type="stmt"/>
      <line num="24" count="1" type="stmt"/>
    </file>
    <file name="Locks.ts" path="/home/runner/work/thingies/thingies/src/Locks.ts">
      <metrics statements="44" coveredstatements="40" conditionals="29" coveredconditionals="20" methods="8" coveredmethods="7"/>
      <line num="2" count="1" type="stmt"/>
      <line num="3" count="1" type="stmt"/>
      <line num="4" count="1" type="cond" truecount="2" falsecount="3"/>
      <line num="23" count="9" type="stmt"/>
      <line num="24" count="9" type="stmt"/>
      <line num="25" count="9" type="stmt"/>
      <line num="28" count="33" type="cond" truecount="1" falsecount="1"/>
      <line num="29" count="0" type="stmt"/>
      <line num="30" count="33" type="stmt"/>
      <line num="31" count="33" type="stmt"/>
      <line num="32" count="33" type="stmt"/>
      <line num="33" count="33" type="cond" truecount="2" falsecount="0"/>
      <line num="34" count="33" type="cond" truecount="2" falsecount="0"/>
      <line num="35" count="17" type="stmt"/>
      <line num="36" count="16" type="stmt"/>
      <line num="37" count="16" type="stmt"/>
      <line num="38" count="16" type="stmt"/>
      <line num="39" count="12" type="cond" truecount="2" falsecount="0"/>
      <line num="40" count="11" type="stmt"/>
      <line num="42" count="16" type="stmt"/>
      <line num="45" count="7" type="stmt"/>
      <line num="46" count="7" type="stmt"/>
      <line num="47" count="7" type="cond" truecount="2" falsecount="0"/>
      <line num="48" count="1" type="stmt"/>
      <line num="49" count="6" type="stmt"/>
      <line num="50" count="6" type="stmt"/>
      <line num="51" count="6" type="stmt"/>
      <line num="54" count="9" type="stmt"/>
      <line num="55" count="9" type="stmt"/>
      <line num="57" count="9" type="stmt"/>
      <line num="58" count="20" type="stmt"/>
      <line num="59" count="20" type="cond" truecount="2" falsecount="0"/>
      <line num="60" count="8" type="stmt"/>
      <line num="61" count="12" type="stmt"/>
      <line num="62" count="12" type="cond" truecount="2" falsecount="0"/>
      <line num="63" count="1" type="stmt"/>
      <line num="65" count="8" type="stmt"/>
      <line num="66" count="8" type="stmt"/>
      <line num="69" count="8" type="stmt"/>
      <line num="74" count="1" type="stmt"/>
      <line num="75" count="1" type="stmt"/>
      <line num="76" count="0" type="cond" truecount="0" falsecount="2"/>
      <line num="77" count="0" type="stmt"/>
      <line num="78" count="0" type="stmt"/>
    </file>
    <file name="LruCache.ts" path="/home/runner/work/thingies/thingies/src/LruCache.ts">
      <metrics statements="64" coveredstatements="54" conditionals="21" coveredconditionals="14" methods="12" coveredmethods="10"/>
      <line num="2" count="1" type="stmt"/>
      <line num="3" count="1" type="stmt"/>
      <line num="6" count="13" type="stmt"/>
      <line num="7" count="13" type="stmt"/>
      <line num="8" count="13" type="stmt"/>
      <line num="9" count="13" type="stmt"/>
      <line num="10" count="13" type="stmt"/>
      <line num="13" count="16" type="stmt"/>
      <line num="16" count="52" type="stmt"/>
      <line num="17" count="52" type="cond" truecount="2" falsecount="0"/>
      <line num="18" count="2" type="stmt"/>
      <line num="19" count="2" type="stmt"/>
      <line num="20" count="2" type="stmt"/>
      <line num="23" count="50" type="cond" truecount="2" falsecount="0"/>
      <line num="24" count="10" type="stmt"/>
      <line num="25" count="10" type="cond" truecount="1" falsecount="1"/>
      <line num="26" count="10" type="stmt"/>
      <line num="27" count="10" type="stmt"/>
      <line num="28" count="10" type="stmt"/>
      <line num="31" count="50" type="stmt"/>
      <line num="32" count="50" type="stmt"/>
      <line num="33" count="50" type="stmt"/>
      <line num="34" count="50" type="stmt"/>
      <line num="38" count="47" type="stmt"/>
      <line num="39" count="47" type="cond" truecount="2" falsecount="0"/>
      <line num="40" count="10" type="stmt"/>
      <line num="41" count="37" type="cond" truecount="2" falsecount="0"/>
      <line num="42" count="31" type="stmt"/>
      <line num="43" count="31" type="stmt"/>
      <line num="45" count="37" type="stmt"/>
      <line num="48" count="0" type="stmt"/>
      <line num="49" count="0" type="cond" truecount="0" falsecount="2"/>
      <line num="52" count="4" type="stmt"/>
      <line num="55" count="1" type="stmt"/>
      <line num="56" count="1" type="stmt"/>
      <line num="57" count="1" type="stmt"/>
      <line num="58" count="1" type="stmt"/>
      <line num="61" count="2" type="stmt"/>
      <line num="64" count="0" type="stmt"/>
      <line num="65" count="0" type="cond" truecount="0" falsecount="2"/>
      <line num="66" count="0" type="stmt"/>
      <line num="67" count="0" type="stmt"/>
      <line num="68" count="0" type="stmt"/>
      <line num="69" count="0" type="stmt"/>
      <line num="71" count="0" type="stmt"/>
      <line num="74" count="43" type="stmt"/>
      <line num="75" count="43" type="stmt"/>
      <line num="76" count="43" type="cond" truecount="2" falsecount="0"/>
      <line num="77" count="27" type="stmt"/>
      <line num="79" count="16" type="stmt"/>
      <line num="80" count="43" type="cond" truecount="1" falsecount="1"/>
      <line num="81" count="0" type="stmt"/>
      <line num="83" count="43" type="stmt"/>
      <line num="88" count="83" type="stmt"/>
      <line num="89" count="83" type="cond" truecount="2" falsecount="0"/>
      <line num="90" count="71" type="stmt"/>
      <line num="91" count="71" type="stmt"/>
      <line num="94" count="12" type="stmt"/>
      <line num="95" count="83" type="stmt"/>
      <line num="98" count="1" type="stmt"/>
      <line num="101" count="50" type="stmt"/>
      <line num="102" count="50" type="stmt"/>
      <line num="103" count="50" type="stmt"/>
      <line num="104" count="50" type="stmt"/>
    </file>
    <file name="LruMap.ts" path="/home/runner/work/thingies/thingies/src/LruMap.ts">
      <metrics statements="18" coveredstatements="18" conditionals="7" coveredconditionals="6" methods="3" coveredmethods="3"/>
      <line num="2" count="2" type="stmt"/>
      <line num="3" count="2" type="stmt"/>
      <line num="8" count="22" type="stmt"/>
      <line num="9" count="22" type="stmt"/>
      <line num="12" count="108" type="stmt"/>
      <line num="13" count="108" type="stmt"/>
      <line num="14" count="108" type="cond" truecount="2" falsecount="0"/>
      <line num="15" count="19" type="stmt"/>
      <line num="16" count="108" type="stmt"/>
      <line num="19" count="70" type="stmt"/>
      <line num="20" count="70" type="cond" truecount="2" falsecount="0"/>
      <line num="21" count="11" type="cond" truecount="2" falsecount="0"/>
      <line num="22" count="1" type="stmt"/>
      <line num="23" count="11" type="stmt"/>
      <line num="25" count="59" type="stmt"/>
      <line num="26" count="59" type="stmt"/>
      <line num="27" count="59" type="stmt"/>
      <line num="30" count="2" type="stmt"/>
    </file>
    <file name="LruTtlMap.ts" path="/home/runner/work/thingies/thingies/src/LruTtlMap.ts">
      <metrics statements="25" coveredstatements="25" conditionals="10" coveredconditionals="9" methods="6" coveredmethods="6"/>
      <line num="2" count="1" type="stmt"/>
      <line num="3" count="1" type="stmt"/>
      <line num="4" count="1" type="stmt"/>
      <line num="7" count="9" type="stmt"/>
      <line num="8" count="9" type="stmt"/>
      <line num="11" count="1" type="stmt"/>
      <line num="12" count="1" type="stmt"/>
      <line num="15" count="2" type="stmt"/>
      <line num="16" count="2" type="stmt"/>
      <line num="19" count="31" type="cond" truecount="2" falsecount="0"/>
      <line num="20" count="6" type="stmt"/>
      <line num="21" count="25" type="cond" truecount="1" falsecount="1"/>
      <line num="22" count="25" type="stmt"/>
      <line num="23" count="25" type="cond" truecount="2" falsecount="0"/>
      <line num="24" count="2" type="stmt"/>
      <line num="25" count="25" type="stmt"/>
      <line num="28" count="31" type="cond" truecount="2" falsecount="0"/>
      <line num="29" count="8" type="stmt"/>
      <line num="30" count="23" type="stmt"/>
      <line num="31" count="23" type="stmt"/>
      <line num="32" count="23" type="stmt"/>
      <line num="35" count="33" type="stmt"/>
      <line num="36" count="33" type="stmt"/>
      <line num="37" count="33" type="stmt"/>
      <line num="40" count="1" type="stmt"/>
    </file>
    <file name="TimedQueue.ts" path="/home/runner/work/thingies/thingies/src/TimedQueue.ts">
      <metrics statements="25" coveredstatements="24" conditionals="8" coveredconditionals="8" methods="5" coveredmethods="4"/>
      <line num="2" count="1" type="stmt"/>
      <line num="3" count="1" type="stmt"/>
      <line num="13" count="9" type="stmt"/>
      <line num="17" count="9" type="stmt"/>
      <line num="21" count="9" type="stmt"/>
      <line num="22" count="9" type="stmt"/>
      <line num="23" count="9" type="stmt"/>
      <line num="26" count="24" type="stmt"/>
      <line num="27" count="24" type="cond" truecount="2" falsecount="0"/>
      <line num="28" count="3" type="stmt"/>
      <line num="29" count="3" type="stmt"/>
      <line num="31" count="21" type="cond" truecount="2" falsecount="0"/>
      <line num="32" count="13" type="stmt"/>
      <line num="33" count="5" type="stmt"/>
      <line num="38" count="14" type="stmt"/>
      <line num="39" count="14" type="stmt"/>
      <line num="40" count="14" type="cond" truecount="2" falsecount="0"/>
      <line num="41" count="13" type="stmt"/>
      <line num="42" count="14" type="stmt"/>
      <line num="43" count="14" type="cond" truecount="2" falsecount="0"/>
      <line num="44" count="13" type="stmt"/>
      <line num="45" count="13" type="stmt"/>
      <line num="49" count="0" type="stmt"/>
      <line num="52" count="14" type="stmt"/>
      <line num="55" count="1" type="stmt"/>
    </file>
    <file name="TimedState.ts" path="/home/runner/work/thingies/thingies/src/TimedState.ts">
      <metrics statements="30" coveredstatements="29" conditionals="8" coveredconditionals="8" methods="5" coveredmethods="4"/>
      <line num="2" count="1" type="stmt"/>
      <line num="3" count="1" type="stmt"/>
      <line num="10" count="10" type="stmt"/>
      <line num="11" count="10" type="stmt"/>
      <line num="15" count="10" type="stmt"/>
      <line num="19" count="10" type="stmt"/>
      <line num="23" count="10" type="stmt"/>
      <line num="24" count="10" type="stmt"/>
      <line num="25" count="10" type="stmt"/>
      <line num="26" count="10" type="stmt"/>
      <line num="29" count="26" type="stmt"/>
      <line num="30" count="26" type="stmt"/>
      <line num="31" count="26" type="cond" truecount="2" falsecount="0"/>
      <line num="32" count="3" type="stmt"/>
      <line num="33" count="3" type="stmt"/>
      <line num="35" count="23" type="cond" truecount="2" falsecount="0"/>
      <line num="36" count="14" type="stmt"/>
      <line num="37" count="5" type="stmt"/>
      <line num="42" count="15" type="stmt"/>
      <line num="43" count="15" type="stmt"/>
      <line num="44" count="15" type="stmt"/>
      <line num="45" count="15" type="cond" truecount="2" falsecount="0"/>
      <line num="46" count="14" type="stmt"/>
      <line num="47" count="15" type="cond" truecount="2" falsecount="0"/>
      <line num="48" count="14" type="stmt"/>
      <line num="49" count="14" type="stmt"/>
      <line num="50" count="14" type="stmt"/>
      <line num="54" count="0" type="stmt"/>
      <line num="57" count="15" type="stmt"/>
      <line num="60" count="1" type="stmt"/>
    </file>
    <file name="base64.ts" path="/home/runner/work/thingies/thingies/src/base64.ts">
      <metrics statements="6" coveredstatements="6" conditionals="0" coveredconditionals="0" methods="2" coveredmethods="2"/>
      <line num="2" count="1" type="stmt"/>
      <line num="3" count="1" type="stmt"/>
      <line num="4" count="2" type="stmt"/>
      <line num="5" count="1" type="stmt"/>
      <line num="6" count="1" type="stmt"/>
      <line num="7" count="1" type="stmt"/>
    </file>
    <file name="codeMutex.ts" path="/home/runner/work/thingies/thingies/src/codeMutex.ts">
      <metrics statements="10" coveredstatements="10" conditionals="2" coveredconditionals="2" methods="2" coveredmethods="2"/>
      <line num="2" count="2" type="stmt"/>
      <line num="3" count="2" type="stmt"/>
      <line num="8" count="2" type="stmt"/>
      <line num="10" count="13" type="stmt"/>
      <line num="11" count="57" type="cond" truecount="2" falsecount="0"/>
      <line num="12" count="31" type="stmt"/>
      <line num="13" count="26" type="stmt"/>
      <line num="14" count="26" type="stmt"/>
      <line num="17" count="26" type="stmt"/>
      <line num="21" count="2" type="stmt"/>
    </file>
    <file name="concurrency.ts" path="/home/runner/work/thingies/thingies/src/concurrency.ts">
      <metrics statements="25" coveredstatements="23" conditionals="6" coveredconditionals="5" methods="5" coveredmethods="5"/>
      <line num="2" count="2" type="stmt"/>
      <line num="3" count="2" type="stmt"/>
      <line num="4" count="2" type="stmt"/>
      <line num="8" count="1806" type="stmt"/>
      <line num="9" count="1806" type="stmt"/>
      <line num="10" count="1806" type="stmt"/>
      <line num="11" count="1806" type="stmt"/>
      <line num="16" count="2" type="stmt"/>
      <line num="17" count="268" type="stmt"/>
      <line num="18" count="268" type="stmt"/>
      <line num="19" count="268" type="stmt"/>
      <line num="20" count="1806" type="stmt"/>
      <line num="21" count="1806" type="cond" truecount="1" falsecount="1"/>
      <line num="22" count="1806" type="stmt"/>
      <line num="24" count="0" type="stmt"/>
      <line num="25" count="1806" type="stmt"/>
      <line num="26" count="1806" type="stmt"/>
      <line num="27" count="1806" type="stmt"/>
      <line num="30" count="0" type="stmt"/>
      <line num="33" count="1806" type="cond" truecount="2" falsecount="0"/>
      <line num="36" count="268" type="stmt"/>
      <line num="37" count="1806" type="stmt"/>
      <line num="38" count="1806" type="stmt"/>
      <line num="39" count="1806" type="cond" truecount="2" falsecount="0"/>
      <line num="42" count="2" type="stmt"/>
    </file>
    <file name="concurrencyDecorator.ts" path="/home/runner/work/thingies/thingies/src/concurrencyDecorator.ts">
      <metrics statements="12" coveredstatements="12" conditionals="4" coveredconditionals="4" methods="4" coveredmethods="4"/>
      <line num="2" count="1" type="stmt"/>
      <line num="3" count="1" type="stmt"/>
      <line num="4" count="1" type="stmt"/>
      <line num="6" count="1" type="stmt"/>
      <line num="13" count="135" type="stmt"/>
      <line num="14" count="135" type="stmt"/>
      <line num="15" count="909" type="stmt"/>
      <line num="16" count="909" type="cond" truecount="2" falsecount="0"/>
      <line num="17" count="135" type="stmt"/>
      <line num="18" count="909" type="cond" truecount="2" falsecount="0"/>
      <line num="19" count="136" type="stmt"/>
      <line num="20" count="909" type="stmt"/>
    </file>
    <file name="createRace.ts" path="/home/runner/work/thingies/thingies/src/createRace.ts">
      <metrics statements="12" coveredstatements="12" conditionals="2" coveredconditionals="2" methods="2" coveredmethods="2"/>
      <line num="2" count="1" type="stmt"/>
      <line num="3" count="1" type="stmt"/>
      <line num="30" count="1" type="stmt"/>
      <line num="31" count="3" type="stmt"/>
      <line num="32" count="3" type="stmt"/>
      <line num="33" count="6" type="cond" truecount="2" falsecount="0"/>
      <line num="34" count="2" type="stmt"/>
      <line num="35" count="4" type="stmt"/>
      <line num="36" count="4" type="stmt"/>
      <line num="37" count="4" type="stmt"/>
      <line num="40" count="4" type="stmt"/>
      <line num="44" count="1" type="stmt"/>
    </file>
    <file name="fanout.ts" path="/home/runner/work/thingies/thingies/src/fanout.ts">
      <metrics statements="8" coveredstatements="8" conditionals="0" coveredconditionals="0" methods="5" coveredmethods="5"/>
      <line num="2" count="1" type="stmt"/>
      <line num="3" count="1" type="stmt"/>
      <line num="6" count="3" type="stmt"/>
      <line num="9" count="10" type="stmt"/>
      <line num="12" count="5" type="stmt"/>
      <line num="13" count="5" type="stmt"/>
      <line num="14" count="9" type="stmt"/>
      <line num="17" count="1" type="stmt"/>
    </file>
    <file name="go.ts" path="/home/runner/work/thingies/thingies/src/go.ts">
      <metrics statements="5" coveredstatements="5" conditionals="0" coveredconditionals="0" methods="2" coveredmethods="1"/>
      <line num="2" count="2" type="stmt"/>
      <line num="3" count="2" type="stmt"/>
      <line num="5" count="2" type="stmt"/>
      <line num="6" count="1806" type="stmt"/>
      <line num="8" count="2" type="stmt"/>
    </file>
    <file name="hasKeys.ts" path="/home/runner/work/thingies/thingies/src/hasKeys.ts">
      <metrics statements="7" coveredstatements="7" conditionals="0" coveredconditionals="0" methods="1" coveredmethods="1"/>
      <line num="2" count="1" type="stmt"/>
      <line num="3" count="1" type="stmt"/>
      <line num="4" count="1" type="stmt"/>
      <line num="5" count="2" type="stmt"/>
      <line num="6" count="1" type="stmt"/>
      <line num="7" count="1" type="stmt"/>
      <line num="9" count="1" type="stmt"/>
    </file>
    <file name="hash.ts" path="/home/runner/work/thingies/thingies/src/hash.ts">
      <metrics statements="9" coveredstatements="9" conditionals="0" coveredconditionals="0" methods="1" coveredmethods="1"/>
      <line num="2" count="1" type="stmt"/>
      <line num="3" count="1" type="stmt"/>
      <line num="4" count="1" type="stmt"/>
      <line num="5" count="400" type="stmt"/>
      <line num="6" count="400" type="stmt"/>
      <line num="7" count="400" type="stmt"/>
      <line num="8" count="2760" type="stmt"/>
      <line num="9" count="400" type="stmt"/>
      <line num="11" count="1" type="stmt"/>
    </file>
    <file name="mutex.ts" path="/home/runner/work/thingies/thingies/src/mutex.ts">
      <metrics statements="16" coveredstatements="16" conditionals="6" coveredconditionals="6" methods="5" coveredmethods="5"/>
      <line num="2" count="1" type="stmt"/>
      <line num="3" count="1" type="stmt"/>
      <line num="4" count="1" type="stmt"/>
      <line num="11" count="7" type="stmt"/>
      <line num="12" count="7" type="cond" truecount="2" falsecount="0"/>
      <line num="13" count="2" type="stmt"/>
      <line num="14" count="2" type="stmt"/>
      <line num="15" count="12" type="stmt"/>
      <line num="18" count="5" type="stmt"/>
      <line num="19" count="5" type="stmt"/>
      <line num="20" count="21" type="stmt"/>
      <line num="21" count="21" type="cond" truecount="2" falsecount="0"/>
      <line num="22" count="6" type="stmt"/>
      <line num="23" count="21" type="cond" truecount="2" falsecount="0"/>
      <line num="24" count="6" type="stmt"/>
      <line num="25" count="21" type="stmt"/>
    </file>
    <file name="normalizeEmail.ts" path="/home/runner/work/thingies/thingies/src/normalizeEmail.ts">
      <metrics statements="11" coveredstatements="11" conditionals="0" coveredconditionals="0" methods="1" coveredmethods="1"/>
      <line num="2" count="1" type="stmt"/>
      <line num="3" count="1" type="stmt"/>
      <line num="4" count="1" type="stmt"/>
      <line num="20" count="1" type="stmt"/>
      <line num="21" count="4" type="stmt"/>
      <line num="22" count="4" type="stmt"/>
      <line num="23" count="4" type="stmt"/>
      <line num="24" count="4" type="stmt"/>
      <line num="25" count="4" type="stmt"/>
      <line num="26" count="4" type="stmt"/>
      <line num="28" count="1" type="stmt"/>
    </file>
    <file name="once.ts" path="/home/runner/work/thingies/thingies/src/once.ts">
      <metrics statements="10" coveredstatements="10" conditionals="4" coveredconditionals="4" methods="2" coveredmethods="2"/>
      <line num="3" count="1" type="stmt"/>
      <line num="4" count="1" type="stmt"/>
      <line num="5" count="1" type="stmt"/>
      <line num="11" count="5" type="stmt"/>
      <line num="12" count="17" type="stmt"/>
      <line num="13" count="17" type="cond" truecount="2" falsecount="0"/>
      <line num="14" count="4" type="stmt"/>
      <line num="15" count="17" type="cond" truecount="2" falsecount="0"/>
      <line num="16" count="5" type="stmt"/>
      <line num="17" count="17" type="stmt"/>
    </file>
    <file name="tick.ts" path="/home/runner/work/thingies/thingies/src/tick.ts">
      <metrics statements="4" coveredstatements="4" conditionals="1" coveredconditionals="0" methods="2" coveredmethods="2"/>
      <line num="2" count="6" type="stmt"/>
      <line num="3" count="6" type="stmt"/>
      <line num="4" count="979" type="cond" truecount="0" falsecount="1"/>
      <line num="5" count="6" type="stmt"/>
    </file>
    <file name="timeout.ts" path="/home/runner/work/thingies/thingies/src/timeout.ts">
      <metrics statements="11" coveredstatements="9" conditionals="2" coveredconditionals="2" methods="5" coveredmethods="4"/>
      <line num="2" count="1" type="stmt"/>
      <line num="3" count="1" type="stmt"/>
      <line num="19" count="4" type="stmt"/>
      <line num="20" count="4" type="stmt"/>
      <line num="21" count="4" type="cond" truecount="2" falsecount="0"/>
      <line num="22" count="4" type="stmt"/>
      <line num="23" count="3" type="stmt"/>
      <line num="24" count="3" type="stmt"/>
      <line num="26" count="0" type="stmt"/>
      <line num="27" count="0" type="stmt"/>
      <line num="30" count="1" type="stmt"/>
    </file>
    <file name="xorshift.ts" path="/home/runner/work/thingies/thingies/src/xorshift.ts">
      <metrics statements="11" coveredstatements="11" conditionals="1" coveredconditionals="1" methods="2" coveredmethods="2"/>
      <line num="2" count="1" type="stmt"/>
      <line num="3" count="1" type="stmt"/>
      <line num="4" count="1" type="cond" truecount="1" falsecount="0"/>
      <line num="5" count="1" type="stmt"/>
      <line num="6" count="1" type="stmt"/>
      <line num="7" count="100" type="stmt"/>
      <line num="8" count="100" type="stmt"/>
      <line num="9" count="100" type="stmt"/>
      <line num="10" count="100" type="stmt"/>
      <line num="13" count="1" type="stmt"/>
      <line num="14" count="1" type="stmt"/>
    </file>
  </project>
</coverage>
