<?xml version="1.0" encoding="UTF-8"?>
<coverage generated="1714235044866" clover="3.2.0">
  <project timestamp="1714235044866" name="All files">
    <metrics statements="379" coveredstatements="335" conditionals="116" coveredconditionals="85" methods="90" coveredmethods="78" elements="585" coveredelements="498" complexity="0" loc="379" ncloc="379" packages="1" files="21" classes="21"/>
    <file name="Cache.ts" path="/home/runner/work/thingies/thingies/src/Cache.ts">
      <metrics statements="77" coveredstatements="41" conditionals="30" coveredconditionals="12" methods="15" coveredmethods="7"/>
      <line num="2" count="1" type="stmt"/>
      <line num="3" count="1" type="stmt"/>
      <line num="4" count="1" type="stmt"/>
      <line num="5" count="1" type="stmt"/>
      <line num="8" count="6" type="stmt"/>
      <line num="9" count="6" type="stmt"/>
      <line num="10" count="6" type="stmt"/>
      <line num="11" count="6" type="stmt"/>
      <line num="12" count="6" type="stmt"/>
      <line num="13" count="6" type="stmt"/>
      <line num="14" count="6" type="stmt"/>
      <line num="15" count="6" type="stmt"/>
      <line num="16" count="0" type="stmt"/>
      <line num="17" count="0" type="stmt"/>
      <line num="18" count="0" type="stmt"/>
      <line num="19" count="0" type="cond" truecount="0" falsecount="4"/>
      <line num="20" count="0" type="stmt"/>
      <line num="21" count="0" type="stmt"/>
      <line num="24" count="0" type="stmt"/>
      <line num="26" count="6" type="stmt"/>
      <line num="27" count="0" type="stmt"/>
      <line num="31" count="8" type="stmt"/>
      <line num="35" count="8" type="cond" truecount="2" falsecount="0"/>
      <line num="36" count="1" type="stmt"/>
      <line num="39" count="7" type="stmt"/>
      <line num="40" count="7" type="stmt"/>
      <line num="42" count="8" type="cond" truecount="1" falsecount="1"/>
      <line num="43" count="0" type="stmt"/>
      <line num="44" count="0" type="cond" truecount="0" falsecount="2"/>
      <line num="45" count="0" type="stmt"/>
      <line num="46" count="0" type="stmt"/>
      <line num="47" count="0" type="stmt"/>
      <line num="53" count="8" type="stmt"/>
      <line num="54" count="8" type="stmt"/>
      <line num="55" count="8" type="stmt"/>
      <line num="56" count="8" type="stmt"/>
      <line num="60" count="15" type="stmt"/>
      <line num="61" count="15" type="stmt"/>
      <line num="62" count="15" type="cond" truecount="2" falsecount="0"/>
      <line num="63" count="9" type="stmt"/>
      <line num="64" count="9" type="cond" truecount="2" falsecount="0"/>
      <line num="65" count="7" type="stmt"/>
      <line num="67" count="2" type="cond" truecount="2" falsecount="0"/>
      <line num="68" count="1" type="stmt"/>
      <line num="69" count="1" type="stmt"/>
      <line num="72" count="1" type="stmt"/>
      <line num="73" count="1" type="stmt"/>
      <line num="74" count="1" type="stmt"/>
      <line num="78" count="6" type="stmt"/>
      <line num="83" count="0" type="stmt"/>
      <line num="84" count="0" type="cond" truecount="0" falsecount="2"/>
      <line num="85" count="0" type="stmt"/>
      <line num="86" count="0" type="stmt"/>
      <line num="87" count="0" type="cond" truecount="0" falsecount="2"/>
      <line num="88" count="0" type="stmt"/>
      <line num="90" count="0" type="cond" truecount="0" falsecount="2"/>
      <line num="91" count="0" type="stmt"/>
      <line num="92" count="0" type="stmt"/>
      <line num="94" count="0" type="stmt"/>
      <line num="97" count="0" type="stmt"/>
      <line num="98" count="0" type="cond" truecount="0" falsecount="2"/>
      <line num="99" count="0" type="stmt"/>
      <line num="100" count="0" type="stmt"/>
      <line num="101" count="0" type="stmt"/>
      <line num="104" count="0" type="stmt"/>
      <line num="105" count="0" type="stmt"/>
      <line num="108" count="0" type="stmt"/>
      <line num="111" count="1" type="stmt"/>
      <line num="112" count="1" type="cond" truecount="1" falsecount="1"/>
      <line num="113" count="0" type="stmt"/>
      <line num="114" count="1" type="stmt"/>
      <line num="115" count="1" type="stmt"/>
      <line num="118" count="0" type="stmt"/>
      <line num="119" count="0" type="cond" truecount="0" falsecount="2"/>
      <line num="120" count="0" type="stmt"/>
      <line num="121" count="0" type="stmt"/>
      <line num="124" count="1" type="stmt"/>
    </file>
    <file name="Defer.ts" path="/home/runner/work/thingies/thingies/src/Defer.ts">
      <metrics statements="6" coveredstatements="6" conditionals="0" coveredconditionals="0" methods="2" coveredmethods="2"/>
      <line num="2" count="1" type="stmt"/>
      <line num="3" count="1" type="stmt"/>
      <line num="18" count="5" type="stmt"/>
      <line num="19" count="5" type="stmt"/>
      <line num="20" count="5" type="stmt"/>
      <line num="24" count="1" type="stmt"/>
    </file>
    <file name="Locks.ts" path="/home/runner/work/thingies/thingies/src/Locks.ts">
      <metrics statements="45" coveredstatements="41" conditionals="29" coveredconditionals="20" methods="9" coveredmethods="8"/>
      <line num="2" count="1" type="stmt"/>
      <line num="3" count="1" type="stmt"/>
      <line num="4" count="1" type="stmt"/>
      <line num="5" count="1" type="cond" truecount="2" falsecount="3"/>
      <line num="24" count="9" type="stmt"/>
      <line num="25" count="9" type="stmt"/>
      <line num="26" count="9" type="stmt"/>
      <line num="29" count="33" type="cond" truecount="1" falsecount="1"/>
      <line num="30" count="0" type="stmt"/>
      <line num="31" count="33" type="stmt"/>
      <line num="32" count="33" type="stmt"/>
      <line num="33" count="33" type="stmt"/>
      <line num="34" count="33" type="cond" truecount="2" falsecount="0"/>
      <line num="35" count="33" type="cond" truecount="2" falsecount="0"/>
      <line num="36" count="17" type="stmt"/>
      <line num="37" count="16" type="stmt"/>
      <line num="38" count="16" type="stmt"/>
      <line num="39" count="16" type="stmt"/>
      <line num="40" count="12" type="cond" truecount="2" falsecount="0"/>
      <line num="41" count="11" type="stmt"/>
      <line num="43" count="16" type="stmt"/>
      <line num="46" count="7" type="stmt"/>
      <line num="47" count="7" type="stmt"/>
      <line num="48" count="7" type="cond" truecount="2" falsecount="0"/>
      <line num="49" count="1" type="stmt"/>
      <line num="50" count="6" type="stmt"/>
      <line num="51" count="6" type="stmt"/>
      <line num="52" count="6" type="stmt"/>
      <line num="55" count="9" type="stmt"/>
      <line num="56" count="9" type="stmt"/>
      <line num="58" count="9" type="stmt"/>
      <line num="59" count="20" type="stmt"/>
      <line num="60" count="20" type="cond" truecount="2" falsecount="0"/>
      <line num="61" count="8" type="stmt"/>
      <line num="62" count="12" type="stmt"/>
      <line num="63" count="12" type="cond" truecount="2" falsecount="0"/>
      <line num="64" count="1" type="stmt"/>
      <line num="66" count="8" type="stmt"/>
      <line num="67" count="8" type="stmt"/>
      <line num="70" count="8" type="stmt"/>
      <line num="75" count="1" type="stmt"/>
      <line num="76" count="1" type="stmt"/>
      <line num="77" count="0" type="cond" truecount="0" falsecount="2"/>
      <line num="78" count="0" type="stmt"/>
      <line num="79" count="0" type="stmt"/>
    </file>
    <file name="LruMap.ts" path="/home/runner/work/thingies/thingies/src/LruMap.ts">
      <metrics statements="15" coveredstatements="15" conditionals="5" coveredconditionals="4" methods="3" coveredmethods="3"/>
      <line num="2" count="2" type="stmt"/>
      <line num="3" count="2" type="stmt"/>
      <line num="6" count="15" type="stmt"/>
      <line num="7" count="15" type="stmt"/>
      <line num="10" count="79" type="stmt"/>
      <line num="11" count="79" type="cond" truecount="2" falsecount="0"/>
      <line num="12" count="15" type="stmt"/>
      <line num="13" count="79" type="stmt"/>
      <line num="16" count="43" type="cond" truecount="2" falsecount="0"/>
      <line num="17" count="6" type="stmt"/>
      <line num="18" count="37" type="stmt"/>
      <line num="19" count="37" type="stmt"/>
      <line num="20" count="37" type="stmt"/>
      <line num="21" count="37" type="stmt"/>
      <line num="24" count="2" type="stmt"/>
    </file>
    <file name="LruTtlMap.ts" path="/home/runner/work/thingies/thingies/src/LruTtlMap.ts">
      <metrics statements="25" coveredstatements="25" conditionals="10" coveredconditionals="9" methods="6" coveredmethods="6"/>
      <line num="2" count="1" type="stmt"/>
      <line num="3" count="1" type="stmt"/>
      <line num="4" count="1" type="stmt"/>
      <line num="7" count="9" type="stmt"/>
      <line num="8" count="9" type="stmt"/>
      <line num="11" count="1" type="stmt"/>
      <line num="12" count="1" type="stmt"/>
      <line num="15" count="11" type="stmt"/>
      <line num="16" count="11" type="stmt"/>
      <line num="19" count="31" type="cond" truecount="2" falsecount="0"/>
      <line num="20" count="6" type="stmt"/>
      <line num="21" count="25" type="cond" truecount="1" falsecount="1"/>
      <line num="22" count="25" type="stmt"/>
      <line num="23" count="25" type="cond" truecount="2" falsecount="0"/>
      <line num="24" count="2" type="stmt"/>
      <line num="25" count="25" type="stmt"/>
      <line num="28" count="31" type="cond" truecount="2" falsecount="0"/>
      <line num="29" count="8" type="stmt"/>
      <line num="30" count="23" type="stmt"/>
      <line num="31" count="23" type="stmt"/>
      <line num="32" count="23" type="stmt"/>
      <line num="35" count="33" type="stmt"/>
      <line num="36" count="33" type="stmt"/>
      <line num="37" count="33" type="stmt"/>
      <line num="40" count="1" type="stmt"/>
    </file>
    <file name="TimedQueue.ts" path="/home/runner/work/thingies/thingies/src/TimedQueue.ts">
      <metrics statements="25" coveredstatements="24" conditionals="8" coveredconditionals="8" methods="5" coveredmethods="4"/>
      <line num="2" count="1" type="stmt"/>
      <line num="3" count="1" type="stmt"/>
      <line num="13" count="9" type="stmt"/>
      <line num="17" count="9" type="stmt"/>
      <line num="21" count="9" type="stmt"/>
      <line num="22" count="9" type="stmt"/>
      <line num="23" count="9" type="stmt"/>
      <line num="26" count="24" type="stmt"/>
      <line num="27" count="24" type="cond" truecount="2" falsecount="0"/>
      <line num="28" count="3" type="stmt"/>
      <line num="29" count="3" type="stmt"/>
      <line num="31" count="21" type="cond" truecount="2" falsecount="0"/>
      <line num="32" count="13" type="stmt"/>
      <line num="33" count="5" type="stmt"/>
      <line num="38" count="14" type="stmt"/>
      <line num="39" count="14" type="stmt"/>
      <line num="40" count="14" type="cond" truecount="2" falsecount="0"/>
      <line num="41" count="13" type="stmt"/>
      <line num="42" count="14" type="stmt"/>
      <line num="43" count="14" type="cond" truecount="2" falsecount="0"/>
      <line num="44" count="13" type="stmt"/>
      <line num="45" count="13" type="stmt"/>
      <line num="49" count="0" type="stmt"/>
      <line num="52" count="14" type="stmt"/>
      <line num="55" count="1" type="stmt"/>
    </file>
    <file name="TimedState.ts" path="/home/runner/work/thingies/thingies/src/TimedState.ts">
      <metrics statements="30" coveredstatements="29" conditionals="8" coveredconditionals="8" methods="5" coveredmethods="4"/>
      <line num="2" count="1" type="stmt"/>
      <line num="3" count="1" type="stmt"/>
      <line num="10" count="10" type="stmt"/>
      <line num="11" count="10" type="stmt"/>
      <line num="15" count="10" type="stmt"/>
      <line num="19" count="10" type="stmt"/>
      <line num="23" count="10" type="stmt"/>
      <line num="24" count="10" type="stmt"/>
      <line num="25" count="10" type="stmt"/>
      <line num="26" count="10" type="stmt"/>
      <line num="29" count="26" type="stmt"/>
      <line num="30" count="26" type="stmt"/>
      <line num="31" count="26" type="cond" truecount="2" falsecount="0"/>
      <line num="32" count="3" type="stmt"/>
      <line num="33" count="3" type="stmt"/>
      <line num="35" count="23" type="cond" truecount="2" falsecount="0"/>
      <line num="36" count="14" type="stmt"/>
      <line num="37" count="5" type="stmt"/>
      <line num="42" count="15" type="stmt"/>
      <line num="43" count="15" type="stmt"/>
      <line num="44" count="15" type="stmt"/>
      <line num="45" count="15" type="cond" truecount="2" falsecount="0"/>
      <line num="46" count="14" type="stmt"/>
      <line num="47" count="15" type="cond" truecount="2" falsecount="0"/>
      <line num="48" count="14" type="stmt"/>
      <line num="49" count="14" type="stmt"/>
      <line num="50" count="14" type="stmt"/>
      <line num="54" count="0" type="stmt"/>
      <line num="57" count="15" type="stmt"/>
      <line num="60" count="1" type="stmt"/>
    </file>
    <file name="base64.ts" path="/home/runner/work/thingies/thingies/src/base64.ts">
      <metrics statements="6" coveredstatements="6" conditionals="0" coveredconditionals="0" methods="2" coveredmethods="2"/>
      <line num="2" count="1" type="stmt"/>
      <line num="3" count="1" type="stmt"/>
      <line num="4" count="2" type="stmt"/>
      <line num="5" count="1" type="stmt"/>
      <line num="6" count="1" type="stmt"/>
      <line num="7" count="1" type="stmt"/>
    </file>
    <file name="codeMutex.ts" path="/home/runner/work/thingies/thingies/src/codeMutex.ts">
      <metrics statements="11" coveredstatements="11" conditionals="2" coveredconditionals="2" methods="3" coveredmethods="3"/>
      <line num="2" count="2" type="stmt"/>
      <line num="3" count="2" type="stmt"/>
      <line num="4" count="2" type="stmt"/>
      <line num="9" count="2" type="stmt"/>
      <line num="11" count="57" type="stmt"/>
      <line num="12" count="57" type="cond" truecount="2" falsecount="0"/>
      <line num="13" count="31" type="stmt"/>
      <line num="14" count="26" type="stmt"/>
      <line num="15" count="26" type="stmt"/>
      <line num="18" count="26" type="stmt"/>
      <line num="22" count="2" type="stmt"/>
    </file>
    <file name="concurrency.ts" path="/home/runner/work/thingies/thingies/src/concurrency.ts">
      <metrics statements="26" coveredstatements="24" conditionals="6" coveredconditionals="5" methods="7" coveredmethods="7"/>
      <line num="2" count="2" type="stmt"/>
      <line num="3" count="2" type="stmt"/>
      <line num="4" count="2" type="stmt"/>
      <line num="5" count="2" type="stmt"/>
      <line num="9" count="1806" type="stmt"/>
      <line num="10" count="1806" type="stmt"/>
      <line num="11" count="1806" type="stmt"/>
      <line num="12" count="1806" type="stmt"/>
      <line num="17" count="2" type="stmt"/>
      <line num="18" count="268" type="stmt"/>
      <line num="19" count="268" type="stmt"/>
      <line num="20" count="1806" type="stmt"/>
      <line num="21" count="1806" type="stmt"/>
      <line num="22" count="1806" type="cond" truecount="1" falsecount="1"/>
      <line num="23" count="1806" type="stmt"/>
      <line num="25" count="0" type="stmt"/>
      <line num="26" count="1806" type="stmt"/>
      <line num="27" count="1806" type="stmt"/>
      <line num="28" count="1806" type="stmt"/>
      <line num="31" count="0" type="stmt"/>
      <line num="34" count="1806" type="cond" truecount="2" falsecount="0"/>
      <line num="37" count="1806" type="stmt"/>
      <line num="38" count="1806" type="stmt"/>
      <line num="39" count="1806" type="stmt"/>
      <line num="40" count="1806" type="cond" truecount="2" falsecount="0"/>
      <line num="43" count="2" type="stmt"/>
    </file>
    <file name="concurrencyDecorator.ts" path="/home/runner/work/thingies/thingies/src/concurrencyDecorator.ts">
      <metrics statements="15" coveredstatements="15" conditionals="4" coveredconditionals="4" methods="6" coveredmethods="6"/>
      <line num="2" count="1" type="stmt"/>
      <line num="3" count="1" type="stmt"/>
      <line num="4" count="1" type="stmt"/>
      <line num="5" count="1" type="stmt"/>
      <line num="6" count="1" type="stmt"/>
      <line num="13" count="135" type="stmt"/>
      <line num="14" count="135" type="stmt"/>
      <line num="15" count="909" type="stmt"/>
      <line num="16" count="909" type="stmt"/>
      <line num="17" count="909" type="cond" truecount="2" falsecount="0"/>
      <line num="18" count="135" type="stmt"/>
      <line num="19" count="909" type="cond" truecount="2" falsecount="0"/>
      <line num="20" count="136" type="stmt"/>
      <line num="21" count="909" type="stmt"/>
      <line num="26" count="1" type="stmt"/>
    </file>
    <file name="createRace.ts" path="/home/runner/work/thingies/thingies/src/createRace.ts">
      <metrics statements="12" coveredstatements="12" conditionals="2" coveredconditionals="2" methods="2" coveredmethods="2"/>
      <line num="2" count="1" type="stmt"/>
      <line num="3" count="1" type="stmt"/>
      <line num="30" count="1" type="stmt"/>
      <line num="31" count="3" type="stmt"/>
      <line num="32" count="3" type="stmt"/>
      <line num="33" count="6" type="cond" truecount="2" falsecount="0"/>
      <line num="34" count="2" type="stmt"/>
      <line num="35" count="4" type="stmt"/>
      <line num="36" count="4" type="stmt"/>
      <line num="37" count="4" type="stmt"/>
      <line num="40" count="4" type="stmt"/>
      <line num="44" count="1" type="stmt"/>
    </file>
    <file name="fanout.ts" path="/home/runner/work/thingies/thingies/src/fanout.ts">
      <metrics statements="8" coveredstatements="8" conditionals="0" coveredconditionals="0" methods="5" coveredmethods="5"/>
      <line num="2" count="1" type="stmt"/>
      <line num="3" count="1" type="stmt"/>
      <line num="6" count="3" type="stmt"/>
      <line num="9" count="10" type="stmt"/>
      <line num="12" count="5" type="stmt"/>
      <line num="13" count="5" type="stmt"/>
      <line num="14" count="9" type="stmt"/>
      <line num="17" count="1" type="stmt"/>
    </file>
    <file name="go.ts" path="/home/runner/work/thingies/thingies/src/go.ts">
      <metrics statements="5" coveredstatements="5" conditionals="0" coveredconditionals="0" methods="2" coveredmethods="1"/>
      <line num="2" count="2" type="stmt"/>
      <line num="3" count="2" type="stmt"/>
      <line num="5" count="2" type="stmt"/>
      <line num="6" count="1806" type="stmt"/>
      <line num="8" count="2" type="stmt"/>
    </file>
    <file name="hasKeys.ts" path="/home/runner/work/thingies/thingies/src/hasKeys.ts">
      <metrics statements="7" coveredstatements="7" conditionals="0" coveredconditionals="0" methods="1" coveredmethods="1"/>
      <line num="2" count="1" type="stmt"/>
      <line num="3" count="1" type="stmt"/>
      <line num="4" count="1" type="stmt"/>
      <line num="5" count="2" type="stmt"/>
      <line num="6" count="1" type="stmt"/>
      <line num="7" count="1" type="stmt"/>
      <line num="9" count="1" type="stmt"/>
    </file>
    <file name="hash.ts" path="/home/runner/work/thingies/thingies/src/hash.ts">
      <metrics statements="9" coveredstatements="9" conditionals="0" coveredconditionals="0" methods="1" coveredmethods="1"/>
      <line num="2" count="1" type="stmt"/>
      <line num="3" count="1" type="stmt"/>
      <line num="4" count="1" type="stmt"/>
      <line num="5" count="400" type="stmt"/>
      <line num="6" count="400" type="stmt"/>
      <line num="7" count="400" type="stmt"/>
      <line num="8" count="2760" type="stmt"/>
      <line num="9" count="400" type="stmt"/>
      <line num="11" count="1" type="stmt"/>
    </file>
    <file name="mutex.ts" path="/home/runner/work/thingies/thingies/src/mutex.ts">
      <metrics statements="20" coveredstatements="20" conditionals="6" coveredconditionals="6" methods="9" coveredmethods="9"/>
      <line num="2" count="1" type="stmt"/>
      <line num="3" count="1" type="stmt"/>
      <line num="4" count="1" type="stmt"/>
      <line num="5" count="1" type="stmt"/>
      <line num="11" count="7" type="stmt"/>
      <line num="12" count="7" type="cond" truecount="2" falsecount="0"/>
      <line num="13" count="2" type="stmt"/>
      <line num="14" count="2" type="stmt"/>
      <line num="15" count="12" type="stmt"/>
      <line num="16" count="12" type="stmt"/>
      <line num="20" count="5" type="stmt"/>
      <line num="21" count="5" type="stmt"/>
      <line num="22" count="21" type="stmt"/>
      <line num="23" count="21" type="stmt"/>
      <line num="24" count="21" type="cond" truecount="2" falsecount="0"/>
      <line num="25" count="6" type="stmt"/>
      <line num="26" count="21" type="cond" truecount="2" falsecount="0"/>
      <line num="27" count="6" type="stmt"/>
      <line num="28" count="21" type="stmt"/>
      <line num="32" count="1" type="stmt"/>
    </file>
    <file name="normalizeEmail.ts" path="/home/runner/work/thingies/thingies/src/normalizeEmail.ts">
      <metrics statements="11" coveredstatements="11" conditionals="0" coveredconditionals="0" methods="1" coveredmethods="1"/>
      <line num="2" count="1" type="stmt"/>
      <line num="3" count="1" type="stmt"/>
      <line num="4" count="1" type="stmt"/>
      <line num="20" count="1" type="stmt"/>
      <line num="21" count="4" type="stmt"/>
      <line num="22" count="4" type="stmt"/>
      <line num="23" count="4" type="stmt"/>
      <line num="24" count="4" type="stmt"/>
      <line num="25" count="4" type="stmt"/>
      <line num="26" count="4" type="stmt"/>
      <line num="28" count="1" type="stmt"/>
    </file>
    <file name="once.ts" path="/home/runner/work/thingies/thingies/src/once.ts">
      <metrics statements="11" coveredstatements="11" conditionals="4" coveredconditionals="4" methods="2" coveredmethods="2"/>
      <line num="2" count="1" type="stmt"/>
      <line num="3" count="1" type="stmt"/>
      <line num="4" count="1" type="stmt"/>
      <line num="10" count="5" type="stmt"/>
      <line num="11" count="17" type="stmt"/>
      <line num="12" count="17" type="cond" truecount="2" falsecount="0"/>
      <line num="13" count="4" type="stmt"/>
      <line num="14" count="17" type="cond" truecount="2" falsecount="0"/>
      <line num="15" count="5" type="stmt"/>
      <line num="16" count="17" type="stmt"/>
      <line num="19" count="1" type="stmt"/>
    </file>
    <file name="tick.ts" path="/home/runner/work/thingies/thingies/src/tick.ts">
      <metrics statements="4" coveredstatements="4" conditionals="1" coveredconditionals="0" methods="2" coveredmethods="2"/>
      <line num="2" count="5" type="stmt"/>
      <line num="3" count="5" type="stmt"/>
      <line num="4" count="976" type="cond" truecount="0" falsecount="1"/>
      <line num="5" count="5" type="stmt"/>
    </file>
    <file name="xorshift.ts" path="/home/runner/work/thingies/thingies/src/xorshift.ts">
      <metrics statements="11" coveredstatements="11" conditionals="1" coveredconditionals="1" methods="2" coveredmethods="2"/>
      <line num="2" count="1" type="stmt"/>
      <line num="3" count="1" type="stmt"/>
      <line num="4" count="1" type="cond" truecount="1" falsecount="0"/>
      <line num="5" count="1" type="stmt"/>
      <line num="6" count="1" type="stmt"/>
      <line num="7" count="100" type="stmt"/>
      <line num="8" count="100" type="stmt"/>
      <line num="9" count="100" type="stmt"/>
      <line num="10" count="100" type="stmt"/>
      <line num="13" count="1" type="stmt"/>
      <line num="14" count="1" type="stmt"/>
    </file>
  </project>
</coverage>
