{"/home/runner/work/thingies/thingies/src/Cache.ts": {"path":"/home/runner/work/thingies/thingies/src/Cache.ts","statementMap":{"0":{"start":{"line":2,"column":0},"end":{"line":2,"column":62}},"1":{"start":{"line":3,"column":0},"end":{"line":3,"column":23}},"2":{"start":{"line":4,"column":13},"end":{"line":4,"column":22}},"3":{"start":{"line":7,"column":8},"end":{"line":7,"column":29}},"4":{"start":{"line":8,"column":8},"end":{"line":8,"column":25}},"5":{"start":{"line":9,"column":8},"end":{"line":9,"column":34}},"6":{"start":{"line":10,"column":8},"end":{"line":10,"column":30}},"7":{"start":{"line":11,"column":8},"end":{"line":11,"column":33}},"8":{"start":{"line":12,"column":8},"end":{"line":12,"column":25}},"9":{"start":{"line":13,"column":8},"end":{"line":13,"column":29}},"10":{"start":{"line":14,"column":8},"end":{"line":24,"column":10}},"11":{"start":{"line":15,"column":24},"end":{"line":15,"column":34}},"12":{"start":{"line":16,"column":12},"end":{"line":22,"column":13}},"13":{"start":{"line":17,"column":30},"end":{"line":17,"column":47}},"14":{"start":{"line":18,"column":16},"end":{"line":21,"column":17}},"15":{"start":{"line":19,"column":20},"end":{"line":19,"column":41}},"16":{"start":{"line":20,"column":20},"end":{"line":20,"column":35}},"17":{"start":{"line":23,"column":12},"end":{"line":23,"column":30}},"18":{"start":{"line":25,"column":8},"end":{"line":27,"column":10}},"19":{"start":{"line":26,"column":12},"end":{"line":26,"column":37}},"20":{"start":{"line":30,"column":22},"end":{"line":33,"column":9}},"21":{"start":{"line":34,"column":8},"end":{"line":40,"column":9}},"22":{"start":{"line":35,"column":12},"end":{"line":35,"column":37}},"23":{"start":{"line":38,"column":12},"end":{"line":38,"column":37}},"24":{"start":{"line":39,"column":12},"end":{"line":39,"column":27}},"25":{"start":{"line":41,"column":8},"end":{"line":49,"column":9}},"26":{"start":{"line":42,"column":12},"end":{"line":48,"column":13}},"27":{"start":{"line":43,"column":16},"end":{"line":47,"column":17}},"28":{"start":{"line":44,"column":20},"end":{"line":44,"column":50}},"29":{"start":{"line":45,"column":20},"end":{"line":45,"column":35}},"30":{"start":{"line":46,"column":20},"end":{"line":46,"column":26}},"31":{"start":{"line":52,"column":22},"end":{"line":52,"column":44}},"32":{"start":{"line":53,"column":8},"end":{"line":53,"column":29}},"33":{"start":{"line":54,"column":8},"end":{"line":54,"column":21}},"34":{"start":{"line":57,"column":22},"end":{"line":57,"column":39}},"35":{"start":{"line":58,"column":8},"end":{"line":75,"column":9}},"36":{"start":{"line":59,"column":24},"end":{"line":59,"column":34}},"37":{"start":{"line":60,"column":12},"end":{"line":71,"column":13}},"38":{"start":{"line":61,"column":16},"end":{"line":61,"column":35}},"39":{"start":{"line":63,"column":17},"end":{"line":71,"column":13}},"40":{"start":{"line":64,"column":16},"end":{"line":64,"column":52}},"41":{"start":{"line":65,"column":16},"end":{"line":65,"column":35}},"42":{"start":{"line":68,"column":16},"end":{"line":68,"column":37}},"43":{"start":{"line":69,"column":16},"end":{"line":69,"column":31}},"44":{"start":{"line":70,"column":16},"end":{"line":70,"column":53}},"45":{"start":{"line":74,"column":12},"end":{"line":74,"column":49}},"46":{"start":{"line":78,"column":22},"end":{"line":78,"column":39}},"47":{"start":{"line":79,"column":8},"end":{"line":80,"column":24}},"48":{"start":{"line":80,"column":12},"end":{"line":80,"column":24}},"49":{"start":{"line":81,"column":20},"end":{"line":81,"column":30}},"50":{"start":{"line":82,"column":8},"end":{"line":88,"column":9}},"51":{"start":{"line":83,"column":12},"end":{"line":83,"column":31}},"52":{"start":{"line":85,"column":13},"end":{"line":88,"column":9}},"53":{"start":{"line":86,"column":12},"end":{"line":86,"column":48}},"54":{"start":{"line":87,"column":12},"end":{"line":87,"column":31}},"55":{"start":{"line":89,"column":8},"end":{"line":89,"column":20}},"56":{"start":{"line":92,"column":22},"end":{"line":92,"column":39}},"57":{"start":{"line":93,"column":8},"end":{"line":94,"column":25}},"58":{"start":{"line":94,"column":12},"end":{"line":94,"column":25}},"59":{"start":{"line":95,"column":20},"end":{"line":95,"column":30}},"60":{"start":{"line":96,"column":8},"end":{"line":96,"column":50}},"61":{"start":{"line":99,"column":8},"end":{"line":99,"column":59}},"62":{"start":{"line":100,"column":8},"end":{"line":100,"column":27}},"63":{"start":{"line":103,"column":8},"end":{"line":103,"column":26}},"64":{"start":{"line":106,"column":22},"end":{"line":106,"column":39}},"65":{"start":{"line":107,"column":8},"end":{"line":108,"column":25}},"66":{"start":{"line":108,"column":12},"end":{"line":108,"column":25}},"67":{"start":{"line":109,"column":8},"end":{"line":109,"column":26}},"68":{"start":{"line":110,"column":8},"end":{"line":110,"column":20}},"69":{"start":{"line":113,"column":24},"end":{"line":113,"column":44}},"70":{"start":{"line":114,"column":8},"end":{"line":115,"column":27}},"71":{"start":{"line":115,"column":12},"end":{"line":115,"column":27}},"72":{"start":{"line":116,"column":8},"end":{"line":116,"column":23}},"73":{"start":{"line":119,"column":0},"end":{"line":119,"column":22}}},"fnMap":{"0":{"name":"(anonymous_0)","decl":{"start":{"line":4,"column":13},"end":{"line":4,"column":14}},"loc":{"start":{"line":4,"column":19},"end":{"line":4,"column":22}},"line":4},"1":{"name":"(anonymous_1)","decl":{"start":{"line":6,"column":4},"end":{"line":6,"column":5}},"loc":{"start":{"line":6,"column":31},"end":{"line":28,"column":5}},"line":6},"2":{"name":"(anonymous_2)","decl":{"start":{"line":14,"column":21},"end":{"line":14,"column":22}},"loc":{"start":{"line":14,"column":27},"end":{"line":24,"column":9}},"line":14},"3":{"name":"(anonymous_3)","decl":{"start":{"line":25,"column":22},"end":{"line":25,"column":23}},"loc":{"start":{"line":25,"column":28},"end":{"line":27,"column":9}},"line":25},"4":{"name":"(anonymous_4)","decl":{"start":{"line":29,"column":4},"end":{"line":29,"column":5}},"loc":{"start":{"line":29,"column":20},"end":{"line":50,"column":5}},"line":29},"5":{"name":"(anonymous_5)","decl":{"start":{"line":51,"column":4},"end":{"line":51,"column":5}},"loc":{"start":{"line":51,"column":29},"end":{"line":55,"column":5}},"line":51},"6":{"name":"(anonymous_6)","decl":{"start":{"line":56,"column":4},"end":{"line":56,"column":5}},"loc":{"start":{"line":56,"column":19},"end":{"line":76,"column":5}},"line":56},"7":{"name":"(anonymous_7)","decl":{"start":{"line":77,"column":4},"end":{"line":77,"column":5}},"loc":{"start":{"line":77,"column":17},"end":{"line":90,"column":5}},"line":77},"8":{"name":"(anonymous_8)","decl":{"start":{"line":91,"column":4},"end":{"line":91,"column":5}},"loc":{"start":{"line":91,"column":16},"end":{"line":97,"column":5}},"line":91},"9":{"name":"(anonymous_9)","decl":{"start":{"line":98,"column":4},"end":{"line":98,"column":5}},"loc":{"start":{"line":98,"column":17},"end":{"line":101,"column":5}},"line":98},"10":{"name":"(anonymous_10)","decl":{"start":{"line":102,"column":4},"end":{"line":102,"column":5}},"loc":{"start":{"line":102,"column":14},"end":{"line":104,"column":5}},"line":102},"11":{"name":"(anonymous_11)","decl":{"start":{"line":105,"column":4},"end":{"line":105,"column":5}},"loc":{"start":{"line":105,"column":29},"end":{"line":111,"column":5}},"line":105},"12":{"name":"(anonymous_12)","decl":{"start":{"line":112,"column":4},"end":{"line":112,"column":5}},"loc":{"start":{"line":112,"column":16},"end":{"line":117,"column":5}},"line":112}},"branchMap":{"0":{"loc":{"start":{"line":6,"column":16},"end":{"line":6,"column":29}},"type":"default-arg","locations":[{"start":{"line":6,"column":25},"end":{"line":6,"column":29}}],"line":6},"1":{"loc":{"start":{"line":18,"column":16},"end":{"line":21,"column":17}},"type":"if","locations":[{"start":{"line":18,"column":16},"end":{"line":21,"column":17}},{"start":{},"end":{}}],"line":18},"2":{"loc":{"start":{"line":18,"column":20},"end":{"line":18,"column":63}},"type":"binary-expr","locations":[{"start":{"line":18,"column":20},"end":{"line":18,"column":25}},{"start":{"line":18,"column":29},"end":{"line":18,"column":63}}],"line":18},"3":{"loc":{"start":{"line":34,"column":8},"end":{"line":40,"column":9}},"type":"if","locations":[{"start":{"line":34,"column":8},"end":{"line":40,"column":9}},{"start":{"line":37,"column":13},"end":{"line":40,"column":9}}],"line":34},"4":{"loc":{"start":{"line":41,"column":8},"end":{"line":49,"column":9}},"type":"if","locations":[{"start":{"line":41,"column":8},"end":{"line":49,"column":9}},{"start":{},"end":{}}],"line":41},"5":{"loc":{"start":{"line":43,"column":16},"end":{"line":47,"column":17}},"type":"if","locations":[{"start":{"line":43,"column":16},"end":{"line":47,"column":17}},{"start":{},"end":{}}],"line":43},"6":{"loc":{"start":{"line":58,"column":8},"end":{"line":75,"column":9}},"type":"if","locations":[{"start":{"line":58,"column":8},"end":{"line":75,"column":9}},{"start":{"line":73,"column":13},"end":{"line":75,"column":9}}],"line":58},"7":{"loc":{"start":{"line":60,"column":12},"end":{"line":71,"column":13}},"type":"if","locations":[{"start":{"line":60,"column":12},"end":{"line":71,"column":13}},{"start":{"line":63,"column":17},"end":{"line":71,"column":13}}],"line":60},"8":{"loc":{"start":{"line":63,"column":17},"end":{"line":71,"column":13}},"type":"if","locations":[{"start":{"line":63,"column":17},"end":{"line":71,"column":13}},{"start":{"line":67,"column":17},"end":{"line":71,"column":13}}],"line":63},"9":{"loc":{"start":{"line":79,"column":8},"end":{"line":80,"column":24}},"type":"if","locations":[{"start":{"line":79,"column":8},"end":{"line":80,"column":24}},{"start":{},"end":{}}],"line":79},"10":{"loc":{"start":{"line":82,"column":8},"end":{"line":88,"column":9}},"type":"if","locations":[{"start":{"line":82,"column":8},"end":{"line":88,"column":9}},{"start":{"line":85,"column":13},"end":{"line":88,"column":9}}],"line":82},"11":{"loc":{"start":{"line":85,"column":13},"end":{"line":88,"column":9}},"type":"if","locations":[{"start":{"line":85,"column":13},"end":{"line":88,"column":9}},{"start":{},"end":{}}],"line":85},"12":{"loc":{"start":{"line":93,"column":8},"end":{"line":94,"column":25}},"type":"if","locations":[{"start":{"line":93,"column":8},"end":{"line":94,"column":25}},{"start":{},"end":{}}],"line":93},"13":{"loc":{"start":{"line":105,"column":16},"end":{"line":105,"column":27}},"type":"default-arg","locations":[{"start":{"line":105,"column":26},"end":{"line":105,"column":27}}],"line":105},"14":{"loc":{"start":{"line":107,"column":8},"end":{"line":108,"column":25}},"type":"if","locations":[{"start":{"line":107,"column":8},"end":{"line":108,"column":25}},{"start":{},"end":{}}],"line":107},"15":{"loc":{"start":{"line":114,"column":8},"end":{"line":115,"column":27}},"type":"if","locations":[{"start":{"line":114,"column":8},"end":{"line":115,"column":27}},{"start":{},"end":{}}],"line":114}},"s":{"0":1,"1":1,"2":1,"3":6,"4":6,"5":6,"6":6,"7":6,"8":6,"9":6,"10":6,"11":0,"12":0,"13":0,"14":0,"15":0,"16":0,"17":0,"18":6,"19":0,"20":8,"21":8,"22":1,"23":7,"24":7,"25":8,"26":0,"27":0,"28":0,"29":0,"30":0,"31":8,"32":8,"33":8,"34":15,"35":15,"36":9,"37":9,"38":7,"39":2,"40":1,"41":1,"42":1,"43":1,"44":1,"45":6,"46":0,"47":0,"48":0,"49":0,"50":0,"51":0,"52":0,"53":0,"54":0,"55":0,"56":0,"57":0,"58":0,"59":0,"60":0,"61":0,"62":0,"63":0,"64":1,"65":1,"66":0,"67":1,"68":1,"69":0,"70":0,"71":0,"72":0,"73":1},"f":{"0":0,"1":6,"2":0,"3":0,"4":8,"5":8,"6":15,"7":0,"8":0,"9":0,"10":0,"11":1,"12":0},"b":{"0":[6],"1":[0,0],"2":[0,0],"3":[1,7],"4":[0,8],"5":[0,0],"6":[9,6],"7":[7,2],"8":[1,1],"9":[0,0],"10":[0,0],"11":[0,0],"12":[0,0],"13":[1],"14":[0,1],"15":[0,0]},"_coverageSchema":"1a1c01bbd47fc00a2c39e90264f33305004495a9","hash":"8552e01eaae2dc6a0cacebdd37690077e9e53a2f"}
,"/home/runner/work/thingies/thingies/src/Defer.ts": {"path":"/home/runner/work/thingies/thingies/src/Defer.ts","statementMap":{"0":{"start":{"line":2,"column":0},"end":{"line":2,"column":62}},"1":{"start":{"line":3,"column":0},"end":{"line":3,"column":23}},"2":{"start":{"line":18,"column":8},"end":{"line":21,"column":11}},"3":{"start":{"line":19,"column":12},"end":{"line":19,"column":35}},"4":{"start":{"line":20,"column":12},"end":{"line":20,"column":33}},"5":{"start":{"line":24,"column":0},"end":{"line":24,"column":22}}},"fnMap":{"0":{"name":"(anonymous_0)","decl":{"start":{"line":17,"column":4},"end":{"line":17,"column":5}},"loc":{"start":{"line":17,"column":18},"end":{"line":22,"column":5}},"line":17},"1":{"name":"(anonymous_1)","decl":{"start":{"line":18,"column":35},"end":{"line":18,"column":36}},"loc":{"start":{"line":18,"column":56},"end":{"line":21,"column":9}},"line":18}},"branchMap":{},"s":{"0":1,"1":1,"2":5,"3":5,"4":5,"5":1},"f":{"0":5,"1":5},"b":{},"_coverageSchema":"1a1c01bbd47fc00a2c39e90264f33305004495a9","hash":"f67a8832d962c02cd09f3fdb7b628fb84d1b964f"}
,"/home/runner/work/thingies/thingies/src/Locks.ts": {"path":"/home/runner/work/thingies/thingies/src/Locks.ts","statementMap":{"0":{"start":{"line":2,"column":0},"end":{"line":2,"column":62}},"1":{"start":{"line":3,"column":0},"end":{"line":3,"column":23}},"2":{"start":{"line":4,"column":21},"end":{"line":4,"column":129}},"3":{"start":{"line":23,"column":8},"end":{"line":23,"column":27}},"4":{"start":{"line":24,"column":8},"end":{"line":24,"column":23}},"5":{"start":{"line":25,"column":8},"end":{"line":25,"column":23}},"6":{"start":{"line":28,"column":8},"end":{"line":29,"column":19}},"7":{"start":{"line":29,"column":12},"end":{"line":29,"column":19}},"8":{"start":{"line":30,"column":20},"end":{"line":30,"column":33}},"9":{"start":{"line":31,"column":26},"end":{"line":31,"column":41}},"10":{"start":{"line":32,"column":20},"end":{"line":32,"column":30}},"11":{"start":{"line":33,"column":25},"end":{"line":33,"column":81}},"12":{"start":{"line":34,"column":8},"end":{"line":35,"column":19}},"13":{"start":{"line":35,"column":12},"end":{"line":35,"column":19}},"14":{"start":{"line":36,"column":29},"end":{"line":36,"column":52}},"15":{"start":{"line":37,"column":8},"end":{"line":37,"column":39}},"16":{"start":{"line":38,"column":23},"end":{"line":41,"column":9}},"17":{"start":{"line":39,"column":12},"end":{"line":40,"column":39}},"18":{"start":{"line":40,"column":16},"end":{"line":40,"column":39}},"19":{"start":{"line":42,"column":8},"end":{"line":42,"column":22}},"20":{"start":{"line":45,"column":20},"end":{"line":45,"column":33}},"21":{"start":{"line":46,"column":26},"end":{"line":46,"column":41}},"22":{"start":{"line":47,"column":8},"end":{"line":48,"column":25}},"23":{"start":{"line":48,"column":12},"end":{"line":48,"column":25}},"24":{"start":{"line":49,"column":20},"end":{"line":49,"column":30}},"25":{"start":{"line":50,"column":29},"end":{"line":50,"column":52}},"26":{"start":{"line":51,"column":8},"end":{"line":51,"column":34}},"27":{"start":{"line":54,"column":8},"end":{"line":71,"column":10}},"28":{"start":{"line":55,"column":28},"end":{"line":55,"column":50}},"29":{"start":{"line":57,"column":12},"end":{"line":64,"column":13}},"30":{"start":{"line":58,"column":16},"end":{"line":58,"column":46}},"31":{"start":{"line":59,"column":16},"end":{"line":60,"column":26}},"32":{"start":{"line":60,"column":20},"end":{"line":60,"column":26}},"33":{"start":{"line":61,"column":16},"end":{"line":61,"column":65}},"34":{"start":{"line":61,"column":41},"end":{"line":61,"column":63}},"35":{"start":{"line":62,"column":16},"end":{"line":63,"column":52}},"36":{"start":{"line":63,"column":20},"end":{"line":63,"column":52}},"37":{"start":{"line":65,"column":12},"end":{"line":70,"column":13}},"38":{"start":{"line":66,"column":16},"end":{"line":66,"column":34}},"39":{"start":{"line":69,"column":16},"end":{"line":69,"column":25}},"40":{"start":{"line":74,"column":0},"end":{"line":74,"column":22}},"41":{"start":{"line":75,"column":0},"end":{"line":79,"column":2}},"42":{"start":{"line":76,"column":4},"end":{"line":77,"column":29}},"43":{"start":{"line":77,"column":8},"end":{"line":77,"column":29}},"44":{"start":{"line":78,"column":4},"end":{"line":78,"column":18}}},"fnMap":{"0":{"name":"(anonymous_0)","decl":{"start":{"line":22,"column":4},"end":{"line":22,"column":5}},"loc":{"start":{"line":22,"column":75},"end":{"line":26,"column":5}},"line":22},"1":{"name":"(anonymous_1)","decl":{"start":{"line":27,"column":4},"end":{"line":27,"column":5}},"loc":{"start":{"line":27,"column":27},"end":{"line":43,"column":5}},"line":27},"2":{"name":"(anonymous_2)","decl":{"start":{"line":38,"column":23},"end":{"line":38,"column":24}},"loc":{"start":{"line":38,"column":29},"end":{"line":41,"column":9}},"line":38},"3":{"name":"(anonymous_3)","decl":{"start":{"line":44,"column":4},"end":{"line":44,"column":5}},"loc":{"start":{"line":44,"column":17},"end":{"line":52,"column":5}},"line":44},"4":{"name":"(anonymous_4)","decl":{"start":{"line":53,"column":4},"end":{"line":53,"column":5}},"loc":{"start":{"line":53,"column":53},"end":{"line":72,"column":5}},"line":53},"5":{"name":"(anonymous_5)","decl":{"start":{"line":54,"column":15},"end":{"line":54,"column":16}},"loc":{"start":{"line":54,"column":29},"end":{"line":71,"column":9}},"line":54},"6":{"name":"(anonymous_6)","decl":{"start":{"line":61,"column":34},"end":{"line":61,"column":35}},"loc":{"start":{"line":61,"column":41},"end":{"line":61,"column":63}},"line":61},"7":{"name":"(anonymous_7)","decl":{"start":{"line":75,"column":12},"end":{"line":75,"column":13}},"loc":{"start":{"line":75,"column":18},"end":{"line":79,"column":1}},"line":75}},"branchMap":{"0":{"loc":{"start":{"line":4,"column":21},"end":{"line":4,"column":129}},"type":"cond-expr","locations":[{"start":{"line":4,"column":103},"end":{"line":4,"column":122}},{"start":{"line":4,"column":125},"end":{"line":4,"column":129}}],"line":4},"1":{"loc":{"start":{"line":4,"column":21},"end":{"line":4,"column":100}},"type":"binary-expr","locations":[{"start":{"line":4,"column":21},"end":{"line":4,"column":47}},{"start":{"line":4,"column":51},"end":{"line":4,"column":57}},{"start":{"line":4,"column":61},"end":{"line":4,"column":100}}],"line":4},"2":{"loc":{"start":{"line":22,"column":16},"end":{"line":22,"column":42}},"type":"default-arg","locations":[{"start":{"line":22,"column":24},"end":{"line":22,"column":42}}],"line":22},"3":{"loc":{"start":{"line":22,"column":24},"end":{"line":22,"column":42}},"type":"binary-expr","locations":[{"start":{"line":22,"column":24},"end":{"line":22,"column":36}},{"start":{"line":22,"column":40},"end":{"line":22,"column":42}}],"line":22},"4":{"loc":{"start":{"line":22,"column":44},"end":{"line":22,"column":58}},"type":"default-arg","locations":[{"start":{"line":22,"column":50},"end":{"line":22,"column":58}}],"line":22},"5":{"loc":{"start":{"line":22,"column":60},"end":{"line":22,"column":73}},"type":"default-arg","locations":[{"start":{"line":22,"column":66},"end":{"line":22,"column":73}}],"line":22},"6":{"loc":{"start":{"line":27,"column":16},"end":{"line":27,"column":25}},"type":"default-arg","locations":[{"start":{"line":27,"column":21},"end":{"line":27,"column":25}}],"line":27},"7":{"loc":{"start":{"line":28,"column":8},"end":{"line":29,"column":19}},"type":"if","locations":[{"start":{"line":28,"column":8},"end":{"line":29,"column":19}},{"start":{},"end":{}}],"line":28},"8":{"loc":{"start":{"line":33,"column":25},"end":{"line":33,"column":81}},"type":"binary-expr","locations":[{"start":{"line":33,"column":25},"end":{"line":33,"column":48}},{"start":{"line":33,"column":52},"end":{"line":33,"column":81}}],"line":33},"9":{"loc":{"start":{"line":34,"column":8},"end":{"line":35,"column":19}},"type":"if","locations":[{"start":{"line":34,"column":8},"end":{"line":35,"column":19}},{"start":{},"end":{}}],"line":34},"10":{"loc":{"start":{"line":39,"column":12},"end":{"line":40,"column":39}},"type":"if","locations":[{"start":{"line":39,"column":12},"end":{"line":40,"column":39}},{"start":{},"end":{}}],"line":39},"11":{"loc":{"start":{"line":47,"column":8},"end":{"line":48,"column":25}},"type":"if","locations":[{"start":{"line":47,"column":8},"end":{"line":48,"column":25}},{"start":{},"end":{}}],"line":47},"12":{"loc":{"start":{"line":53,"column":17},"end":{"line":53,"column":37}},"type":"default-arg","locations":[{"start":{"line":53,"column":29},"end":{"line":53,"column":37}}],"line":53},"13":{"loc":{"start":{"line":53,"column":39},"end":{"line":53,"column":51}},"type":"default-arg","locations":[{"start":{"line":53,"column":49},"end":{"line":53,"column":51}}],"line":53},"14":{"loc":{"start":{"line":59,"column":16},"end":{"line":60,"column":26}},"type":"if","locations":[{"start":{"line":59,"column":16},"end":{"line":60,"column":26}},{"start":{},"end":{}}],"line":59},"15":{"loc":{"start":{"line":62,"column":16},"end":{"line":63,"column":52}},"type":"if","locations":[{"start":{"line":62,"column":16},"end":{"line":63,"column":52}},{"start":{},"end":{}}],"line":62},"16":{"loc":{"start":{"line":76,"column":4},"end":{"line":77,"column":29}},"type":"if","locations":[{"start":{"line":76,"column":4},"end":{"line":77,"column":29}},{"start":{},"end":{}}],"line":76}},"s":{"0":1,"1":1,"2":1,"3":9,"4":9,"5":9,"6":33,"7":0,"8":33,"9":33,"10":33,"11":33,"12":33,"13":17,"14":16,"15":16,"16":16,"17":12,"18":11,"19":16,"20":7,"21":7,"22":7,"23":1,"24":6,"25":6,"26":6,"27":9,"28":9,"29":9,"30":20,"31":20,"32":8,"33":12,"34":12,"35":12,"36":1,"37":8,"38":8,"39":8,"40":1,"41":1,"42":0,"43":0,"44":0},"f":{"0":9,"1":33,"2":12,"3":7,"4":9,"5":9,"6":12,"7":0},"b":{"0":[0,1],"1":[1,0,0],"2":[0],"3":[0,0],"4":[9],"5":[9],"6":[11],"7":[0,33],"8":[33,18],"9":[17,16],"10":[11,1],"11":[1,6],"12":[4],"13":[9],"14":[8,12],"15":[1,11],"16":[0,0]},"_coverageSchema":"1a1c01bbd47fc00a2c39e90264f33305004495a9","hash":"563d57e00f5ab7bcb6dea3e71271b32ccc7b25fe"}
,"/home/runner/work/thingies/thingies/src/LruCache.ts": {"path":"/home/runner/work/thingies/thingies/src/LruCache.ts","statementMap":{"0":{"start":{"line":2,"column":0},"end":{"line":2,"column":62}},"1":{"start":{"line":3,"column":0},"end":{"line":3,"column":26}},"2":{"start":{"line":6,"column":8},"end":{"line":6,"column":27}},"3":{"start":{"line":7,"column":8},"end":{"line":7,"column":30}},"4":{"start":{"line":8,"column":8},"end":{"line":8,"column":30}},"5":{"start":{"line":9,"column":8},"end":{"line":9,"column":39}},"6":{"start":{"line":10,"column":8},"end":{"line":10,"column":34}},"7":{"start":{"line":13,"column":8},"end":{"line":13,"column":42}},"8":{"start":{"line":16,"column":21},"end":{"line":16,"column":34}},"9":{"start":{"line":17,"column":8},"end":{"line":35,"column":9}},"10":{"start":{"line":18,"column":12},"end":{"line":18,"column":27}},"11":{"start":{"line":19,"column":12},"end":{"line":19,"column":27}},"12":{"start":{"line":20,"column":12},"end":{"line":20,"column":28}},"13":{"start":{"line":23,"column":12},"end":{"line":30,"column":13}},"14":{"start":{"line":24,"column":29},"end":{"line":24,"column":38}},"15":{"start":{"line":25,"column":16},"end":{"line":29,"column":17}},"16":{"start":{"line":26,"column":20},"end":{"line":26,"column":35}},"17":{"start":{"line":27,"column":20},"end":{"line":27,"column":44}},"18":{"start":{"line":28,"column":20},"end":{"line":28,"column":36}},"19":{"start":{"line":31,"column":12},"end":{"line":31,"column":28}},"20":{"start":{"line":32,"column":25},"end":{"line":32,"column":48}},"21":{"start":{"line":33,"column":12},"end":{"line":33,"column":33}},"22":{"start":{"line":34,"column":12},"end":{"line":34,"column":28}},"23":{"start":{"line":38,"column":21},"end":{"line":38,"column":34}},"24":{"start":{"line":39,"column":8},"end":{"line":40,"column":19}},"25":{"start":{"line":40,"column":12},"end":{"line":40,"column":19}},"26":{"start":{"line":41,"column":8},"end":{"line":44,"column":9}},"27":{"start":{"line":42,"column":12},"end":{"line":42,"column":27}},"28":{"start":{"line":43,"column":12},"end":{"line":43,"column":28}},"29":{"start":{"line":45,"column":8},"end":{"line":45,"column":22}},"30":{"start":{"line":48,"column":21},"end":{"line":48,"column":34}},"31":{"start":{"line":49,"column":8},"end":{"line":49,"column":60}},"32":{"start":{"line":52,"column":8},"end":{"line":52,"column":31}},"33":{"start":{"line":55,"column":8},"end":{"line":55,"column":30}},"34":{"start":{"line":56,"column":8},"end":{"line":56,"column":30}},"35":{"start":{"line":57,"column":8},"end":{"line":57,"column":39}},"36":{"start":{"line":58,"column":8},"end":{"line":58,"column":35}},"37":{"start":{"line":61,"column":8},"end":{"line":61,"column":37}},"38":{"start":{"line":64,"column":21},"end":{"line":64,"column":34}},"39":{"start":{"line":65,"column":8},"end":{"line":70,"column":9}},"40":{"start":{"line":66,"column":12},"end":{"line":66,"column":27}},"41":{"start":{"line":67,"column":12},"end":{"line":67,"column":33}},"42":{"start":{"line":68,"column":12},"end":{"line":68,"column":28}},"43":{"start":{"line":69,"column":12},"end":{"line":69,"column":24}},"44":{"start":{"line":71,"column":8},"end":{"line":71,"column":21}},"45":{"start":{"line":74,"column":18},"end":{"line":74,"column":24}},"46":{"start":{"line":75,"column":18},"end":{"line":75,"column":24}},"47":{"start":{"line":76,"column":8},"end":{"line":79,"column":20}},"48":{"start":{"line":77,"column":12},"end":{"line":77,"column":26}},"49":{"start":{"line":79,"column":12},"end":{"line":79,"column":20}},"50":{"start":{"line":80,"column":8},"end":{"line":83,"column":20}},"51":{"start":{"line":81,"column":12},"end":{"line":81,"column":26}},"52":{"start":{"line":83,"column":12},"end":{"line":83,"column":20}},"53":{"start":{"line":88,"column":21},"end":{"line":88,"column":30}},"54":{"start":{"line":89,"column":8},"end":{"line":94,"column":29}},"55":{"start":{"line":90,"column":12},"end":{"line":90,"column":26}},"56":{"start":{"line":91,"column":12},"end":{"line":91,"column":26}},"57":{"start":{"line":94,"column":12},"end":{"line":94,"column":29}},"58":{"start":{"line":95,"column":8},"end":{"line":95,"column":25}},"59":{"start":{"line":98,"column":0},"end":{"line":98,"column":28}},"60":{"start":{"line":101,"column":8},"end":{"line":101,"column":19}},"61":{"start":{"line":102,"column":8},"end":{"line":102,"column":19}},"62":{"start":{"line":103,"column":8},"end":{"line":103,"column":27}},"63":{"start":{"line":104,"column":8},"end":{"line":104,"column":27}}},"fnMap":{"0":{"name":"(anonymous_0)","decl":{"start":{"line":5,"column":4},"end":{"line":5,"column":5}},"loc":{"start":{"line":5,"column":30},"end":{"line":11,"column":5}},"line":5},"1":{"name":"(anonymous_1)","decl":{"start":{"line":12,"column":4},"end":{"line":12,"column":5}},"loc":{"start":{"line":12,"column":15},"end":{"line":14,"column":5}},"line":12},"2":{"name":"(anonymous_2)","decl":{"start":{"line":15,"column":4},"end":{"line":15,"column":5}},"loc":{"start":{"line":15,"column":20},"end":{"line":36,"column":5}},"line":15},"3":{"name":"(anonymous_3)","decl":{"start":{"line":37,"column":4},"end":{"line":37,"column":5}},"loc":{"start":{"line":37,"column":13},"end":{"line":46,"column":5}},"line":37},"4":{"name":"(anonymous_4)","decl":{"start":{"line":47,"column":4},"end":{"line":47,"column":5}},"loc":{"start":{"line":47,"column":14},"end":{"line":50,"column":5}},"line":47},"5":{"name":"(anonymous_5)","decl":{"start":{"line":51,"column":4},"end":{"line":51,"column":5}},"loc":{"start":{"line":51,"column":13},"end":{"line":53,"column":5}},"line":51},"6":{"name":"(anonymous_6)","decl":{"start":{"line":54,"column":4},"end":{"line":54,"column":5}},"loc":{"start":{"line":54,"column":12},"end":{"line":59,"column":5}},"line":54},"7":{"name":"(anonymous_7)","decl":{"start":{"line":60,"column":4},"end":{"line":60,"column":5}},"loc":{"start":{"line":60,"column":11},"end":{"line":62,"column":5}},"line":60},"8":{"name":"(anonymous_8)","decl":{"start":{"line":63,"column":4},"end":{"line":63,"column":5}},"loc":{"start":{"line":63,"column":13},"end":{"line":72,"column":5}},"line":63},"9":{"name":"(anonymous_9)","decl":{"start":{"line":73,"column":4},"end":{"line":73,"column":5}},"loc":{"start":{"line":73,"column":14},"end":{"line":86,"column":5}},"line":73},"10":{"name":"(anonymous_10)","decl":{"start":{"line":87,"column":4},"end":{"line":87,"column":5}},"loc":{"start":{"line":87,"column":15},"end":{"line":96,"column":5}},"line":87},"11":{"name":"(anonymous_11)","decl":{"start":{"line":100,"column":4},"end":{"line":100,"column":5}},"loc":{"start":{"line":100,"column":22},"end":{"line":105,"column":5}},"line":100}},"branchMap":{"0":{"loc":{"start":{"line":5,"column":16},"end":{"line":5,"column":28}},"type":"default-arg","locations":[{"start":{"line":5,"column":24},"end":{"line":5,"column":28}}],"line":5},"1":{"loc":{"start":{"line":17,"column":8},"end":{"line":35,"column":9}},"type":"if","locations":[{"start":{"line":17,"column":8},"end":{"line":35,"column":9}},{"start":{"line":22,"column":13},"end":{"line":35,"column":9}}],"line":17},"2":{"loc":{"start":{"line":23,"column":12},"end":{"line":30,"column":13}},"type":"if","locations":[{"start":{"line":23,"column":12},"end":{"line":30,"column":13}},{"start":{},"end":{}}],"line":23},"3":{"loc":{"start":{"line":25,"column":16},"end":{"line":29,"column":17}},"type":"if","locations":[{"start":{"line":25,"column":16},"end":{"line":29,"column":17}},{"start":{},"end":{}}],"line":25},"4":{"loc":{"start":{"line":39,"column":8},"end":{"line":40,"column":19}},"type":"if","locations":[{"start":{"line":39,"column":8},"end":{"line":40,"column":19}},{"start":{},"end":{}}],"line":39},"5":{"loc":{"start":{"line":41,"column":8},"end":{"line":44,"column":9}},"type":"if","locations":[{"start":{"line":41,"column":8},"end":{"line":44,"column":9}},{"start":{},"end":{}}],"line":41},"6":{"loc":{"start":{"line":49,"column":15},"end":{"line":49,"column":59}},"type":"cond-expr","locations":[{"start":{"line":49,"column":41},"end":{"line":49,"column":47}},{"start":{"line":49,"column":50},"end":{"line":49,"column":59}}],"line":49},"7":{"loc":{"start":{"line":65,"column":8},"end":{"line":70,"column":9}},"type":"if","locations":[{"start":{"line":65,"column":8},"end":{"line":70,"column":9}},{"start":{},"end":{}}],"line":65},"8":{"loc":{"start":{"line":76,"column":8},"end":{"line":79,"column":20}},"type":"if","locations":[{"start":{"line":76,"column":8},"end":{"line":79,"column":20}},{"start":{"line":79,"column":12},"end":{"line":79,"column":20}}],"line":76},"9":{"loc":{"start":{"line":80,"column":8},"end":{"line":83,"column":20}},"type":"if","locations":[{"start":{"line":80,"column":8},"end":{"line":83,"column":20}},{"start":{"line":83,"column":12},"end":{"line":83,"column":20}}],"line":80},"10":{"loc":{"start":{"line":89,"column":8},"end":{"line":94,"column":29}},"type":"if","locations":[{"start":{"line":89,"column":8},"end":{"line":94,"column":29}},{"start":{"line":94,"column":12},"end":{"line":94,"column":29}}],"line":89}},"s":{"0":1,"1":1,"2":13,"3":13,"4":13,"5":13,"6":13,"7":16,"8":52,"9":52,"10":2,"11":2,"12":2,"13":50,"14":10,"15":10,"16":10,"17":10,"18":10,"19":50,"20":50,"21":50,"22":50,"23":47,"24":47,"25":10,"26":37,"27":31,"28":31,"29":37,"30":0,"31":0,"32":4,"33":1,"34":1,"35":1,"36":1,"37":2,"38":0,"39":0,"40":0,"41":0,"42":0,"43":0,"44":0,"45":43,"46":43,"47":43,"48":27,"49":16,"50":43,"51":0,"52":43,"53":83,"54":83,"55":71,"56":71,"57":12,"58":83,"59":1,"60":50,"61":50,"62":50,"63":50},"f":{"0":13,"1":16,"2":52,"3":47,"4":0,"5":4,"6":1,"7":2,"8":0,"9":43,"10":83,"11":50},"b":{"0":[0],"1":[2,50],"2":[10,40],"3":[10,0],"4":[10,37],"5":[31,6],"6":[0,0],"7":[0,0],"8":[27,16],"9":[0,43],"10":[71,12]},"_coverageSchema":"1a1c01bbd47fc00a2c39e90264f33305004495a9","hash":"fdcb8e7ac32618bee12b41ce2268553b8b1e1f88"}
,"/home/runner/work/thingies/thingies/src/LruMap.ts": {"path":"/home/runner/work/thingies/thingies/src/LruMap.ts","statementMap":{"0":{"start":{"line":2,"column":0},"end":{"line":2,"column":62}},"1":{"start":{"line":3,"column":0},"end":{"line":3,"column":24}},"2":{"start":{"line":8,"column":8},"end":{"line":8,"column":16}},"3":{"start":{"line":9,"column":8},"end":{"line":9,"column":27}},"4":{"start":{"line":12,"column":8},"end":{"line":12,"column":26}},"5":{"start":{"line":13,"column":8},"end":{"line":13,"column":30}},"6":{"start":{"line":14,"column":8},"end":{"line":15,"column":52}},"7":{"start":{"line":15,"column":12},"end":{"line":15,"column":52}},"8":{"start":{"line":16,"column":8},"end":{"line":16,"column":20}},"9":{"start":{"line":19,"column":22},"end":{"line":19,"column":36}},"10":{"start":{"line":20,"column":8},"end":{"line":24,"column":9}},"11":{"start":{"line":21,"column":12},"end":{"line":22,"column":38}},"12":{"start":{"line":22,"column":16},"end":{"line":22,"column":38}},"13":{"start":{"line":23,"column":12},"end":{"line":23,"column":25}},"14":{"start":{"line":25,"column":8},"end":{"line":25,"column":26}},"15":{"start":{"line":26,"column":8},"end":{"line":26,"column":30}},"16":{"start":{"line":27,"column":8},"end":{"line":27,"column":21}},"17":{"start":{"line":30,"column":0},"end":{"line":30,"column":24}}},"fnMap":{"0":{"name":"(anonymous_0)","decl":{"start":{"line":5,"column":4},"end":{"line":5,"column":5}},"loc":{"start":{"line":7,"column":24},"end":{"line":10,"column":5}},"line":7},"1":{"name":"(anonymous_1)","decl":{"start":{"line":11,"column":4},"end":{"line":11,"column":5}},"loc":{"start":{"line":11,"column":20},"end":{"line":17,"column":5}},"line":11},"2":{"name":"(anonymous_2)","decl":{"start":{"line":18,"column":4},"end":{"line":18,"column":5}},"loc":{"start":{"line":18,"column":13},"end":{"line":28,"column":5}},"line":18}},"branchMap":{"0":{"loc":{"start":{"line":7,"column":4},"end":{"line":7,"column":22}},"type":"default-arg","locations":[{"start":{"line":7,"column":12},"end":{"line":7,"column":22}}],"line":7},"1":{"loc":{"start":{"line":14,"column":8},"end":{"line":15,"column":52}},"type":"if","locations":[{"start":{"line":14,"column":8},"end":{"line":15,"column":52}},{"start":{},"end":{}}],"line":14},"2":{"loc":{"start":{"line":20,"column":8},"end":{"line":24,"column":9}},"type":"if","locations":[{"start":{"line":20,"column":8},"end":{"line":24,"column":9}},{"start":{},"end":{}}],"line":20},"3":{"loc":{"start":{"line":21,"column":12},"end":{"line":22,"column":38}},"type":"if","locations":[{"start":{"line":21,"column":12},"end":{"line":22,"column":38}},{"start":{},"end":{}}],"line":21}},"s":{"0":2,"1":2,"2":22,"3":22,"4":108,"5":108,"6":108,"7":19,"8":108,"9":70,"10":70,"11":11,"12":1,"13":11,"14":59,"15":59,"16":59,"17":2},"f":{"0":22,"1":108,"2":70},"b":{"0":[0],"1":[19,89],"2":[11,59],"3":[1,10]},"_coverageSchema":"1a1c01bbd47fc00a2c39e90264f33305004495a9","hash":"6643c892ba75438a0acaa3d7886f84754d95fad4"}
,"/home/runner/work/thingies/thingies/src/LruTtlMap.ts": {"path":"/home/runner/work/thingies/thingies/src/LruTtlMap.ts","statementMap":{"0":{"start":{"line":2,"column":0},"end":{"line":2,"column":62}},"1":{"start":{"line":3,"column":0},"end":{"line":3,"column":27}},"2":{"start":{"line":4,"column":17},"end":{"line":4,"column":36}},"3":{"start":{"line":7,"column":8},"end":{"line":7,"column":28}},"4":{"start":{"line":8,"column":8},"end":{"line":8,"column":32}},"5":{"start":{"line":11,"column":8},"end":{"line":11,"column":28}},"6":{"start":{"line":12,"column":8},"end":{"line":12,"column":22}},"7":{"start":{"line":15,"column":8},"end":{"line":15,"column":32}},"8":{"start":{"line":16,"column":8},"end":{"line":16,"column":33}},"9":{"start":{"line":19,"column":8},"end":{"line":20,"column":25}},"10":{"start":{"line":20,"column":12},"end":{"line":20,"column":25}},"11":{"start":{"line":21,"column":23},"end":{"line":21,"column":48}},"12":{"start":{"line":22,"column":24},"end":{"line":22,"column":36}},"13":{"start":{"line":23,"column":8},"end":{"line":24,"column":29}},"14":{"start":{"line":24,"column":12},"end":{"line":24,"column":29}},"15":{"start":{"line":25,"column":8},"end":{"line":25,"column":24}},"16":{"start":{"line":28,"column":8},"end":{"line":29,"column":29}},"17":{"start":{"line":29,"column":12},"end":{"line":29,"column":29}},"18":{"start":{"line":30,"column":22},"end":{"line":30,"column":36}},"19":{"start":{"line":31,"column":8},"end":{"line":31,"column":30}},"20":{"start":{"line":32,"column":8},"end":{"line":32,"column":21}},"21":{"start":{"line":35,"column":8},"end":{"line":35,"column":30}},"22":{"start":{"line":36,"column":8},"end":{"line":36,"column":37}},"23":{"start":{"line":37,"column":8},"end":{"line":37,"column":20}},"24":{"start":{"line":40,"column":0},"end":{"line":40,"column":30}}},"fnMap":{"0":{"name":"(anonymous_0)","decl":{"start":{"line":6,"column":4},"end":{"line":6,"column":5}},"loc":{"start":{"line":6,"column":18},"end":{"line":9,"column":5}},"line":6},"1":{"name":"(anonymous_1)","decl":{"start":{"line":10,"column":4},"end":{"line":10,"column":5}},"loc":{"start":{"line":10,"column":12},"end":{"line":13,"column":5}},"line":10},"2":{"name":"(anonymous_2)","decl":{"start":{"line":14,"column":4},"end":{"line":14,"column":5}},"loc":{"start":{"line":14,"column":16},"end":{"line":17,"column":5}},"line":14},"3":{"name":"(anonymous_3)","decl":{"start":{"line":18,"column":4},"end":{"line":18,"column":5}},"loc":{"start":{"line":18,"column":22},"end":{"line":26,"column":5}},"line":18},"4":{"name":"(anonymous_4)","decl":{"start":{"line":27,"column":4},"end":{"line":27,"column":5}},"loc":{"start":{"line":27,"column":18},"end":{"line":33,"column":5}},"line":27},"5":{"name":"(anonymous_5)","decl":{"start":{"line":34,"column":4},"end":{"line":34,"column":5}},"loc":{"start":{"line":34,"column":39},"end":{"line":38,"column":5}},"line":34}},"branchMap":{"0":{"loc":{"start":{"line":18,"column":13},"end":{"line":18,"column":20}},"type":"default-arg","locations":[{"start":{"line":18,"column":19},"end":{"line":18,"column":20}}],"line":18},"1":{"loc":{"start":{"line":19,"column":8},"end":{"line":20,"column":25}},"type":"if","locations":[{"start":{"line":19,"column":8},"end":{"line":20,"column":25}},{"start":{},"end":{}}],"line":19},"2":{"loc":{"start":{"line":21,"column":23},"end":{"line":21,"column":48}},"type":"binary-expr","locations":[{"start":{"line":21,"column":23},"end":{"line":21,"column":43}},{"start":{"line":21,"column":47},"end":{"line":21,"column":48}}],"line":21},"3":{"loc":{"start":{"line":23,"column":8},"end":{"line":24,"column":29}},"type":"if","locations":[{"start":{"line":23,"column":8},"end":{"line":24,"column":29}},{"start":{},"end":{}}],"line":23},"4":{"loc":{"start":{"line":28,"column":8},"end":{"line":29,"column":29}},"type":"if","locations":[{"start":{"line":28,"column":8},"end":{"line":29,"column":29}},{"start":{},"end":{}}],"line":28},"5":{"loc":{"start":{"line":34,"column":20},"end":{"line":34,"column":37}},"type":"default-arg","locations":[{"start":{"line":34,"column":29},"end":{"line":34,"column":37}}],"line":34}},"s":{"0":1,"1":1,"2":1,"3":9,"4":9,"5":1,"6":1,"7":2,"8":2,"9":31,"10":6,"11":25,"12":25,"13":25,"14":2,"15":25,"16":31,"17":8,"18":23,"19":23,"20":23,"21":33,"22":33,"23":33,"24":1},"f":{"0":9,"1":1,"2":2,"3":31,"4":31,"5":33},"b":{"0":[23],"1":[6,25],"2":[25,0],"3":[2,23],"4":[8,23],"5":[30]},"_coverageSchema":"1a1c01bbd47fc00a2c39e90264f33305004495a9","hash":"eb4cbfaedde9c2a99e0036203d039713eefa6fe3"}
,"/home/runner/work/thingies/thingies/src/TimedQueue.ts": {"path":"/home/runner/work/thingies/thingies/src/TimedQueue.ts","statementMap":{"0":{"start":{"line":2,"column":0},"end":{"line":2,"column":62}},"1":{"start":{"line":3,"column":0},"end":{"line":3,"column":28}},"2":{"start":{"line":13,"column":8},"end":{"line":13,"column":29}},"3":{"start":{"line":17,"column":8},"end":{"line":17,"column":30}},"4":{"start":{"line":21,"column":8},"end":{"line":21,"column":37}},"5":{"start":{"line":22,"column":8},"end":{"line":22,"column":23}},"6":{"start":{"line":23,"column":8},"end":{"line":23,"column":26}},"7":{"start":{"line":26,"column":8},"end":{"line":26,"column":29}},"8":{"start":{"line":27,"column":8},"end":{"line":30,"column":9}},"9":{"start":{"line":28,"column":12},"end":{"line":28,"column":25}},"10":{"start":{"line":29,"column":12},"end":{"line":29,"column":19}},"11":{"start":{"line":31,"column":8},"end":{"line":35,"column":9}},"12":{"start":{"line":32,"column":12},"end":{"line":34,"column":31}},"13":{"start":{"line":33,"column":16},"end":{"line":33,"column":29}},"14":{"start":{"line":38,"column":21},"end":{"line":38,"column":30}},"15":{"start":{"line":39,"column":8},"end":{"line":39,"column":23}},"16":{"start":{"line":40,"column":8},"end":{"line":41,"column":37}},"17":{"start":{"line":41,"column":12},"end":{"line":41,"column":37}},"18":{"start":{"line":42,"column":8},"end":{"line":42,"column":26}},"19":{"start":{"line":43,"column":8},"end":{"line":51,"column":9}},"20":{"start":{"line":44,"column":12},"end":{"line":50,"column":13}},"21":{"start":{"line":45,"column":16},"end":{"line":45,"column":35}},"22":{"start":{"line":49,"column":16},"end":{"line":49,"column":51}},"23":{"start":{"line":52,"column":8},"end":{"line":52,"column":20}},"24":{"start":{"line":55,"column":0},"end":{"line":55,"column":32}}},"fnMap":{"0":{"name":"(anonymous_0)","decl":{"start":{"line":9,"column":4},"end":{"line":9,"column":5}},"loc":{"start":{"line":9,"column":18},"end":{"line":24,"column":5}},"line":9},"1":{"name":"(anonymous_1)","decl":{"start":{"line":21,"column":23},"end":{"line":21,"column":24}},"loc":{"start":{"line":21,"column":33},"end":{"line":21,"column":36}},"line":21},"2":{"name":"(anonymous_2)","decl":{"start":{"line":25,"column":4},"end":{"line":25,"column":5}},"loc":{"start":{"line":25,"column":15},"end":{"line":36,"column":5}},"line":25},"3":{"name":"(anonymous_3)","decl":{"start":{"line":32,"column":36},"end":{"line":32,"column":37}},"loc":{"start":{"line":32,"column":42},"end":{"line":34,"column":13}},"line":32},"4":{"name":"(anonymous_4)","decl":{"start":{"line":37,"column":4},"end":{"line":37,"column":5}},"loc":{"start":{"line":37,"column":12},"end":{"line":53,"column":5}},"line":37}},"branchMap":{"0":{"loc":{"start":{"line":27,"column":8},"end":{"line":30,"column":9}},"type":"if","locations":[{"start":{"line":27,"column":8},"end":{"line":30,"column":9}},{"start":{},"end":{}}],"line":27},"1":{"loc":{"start":{"line":31,"column":8},"end":{"line":35,"column":9}},"type":"if","locations":[{"start":{"line":31,"column":8},"end":{"line":35,"column":9}},{"start":{},"end":{}}],"line":31},"2":{"loc":{"start":{"line":40,"column":8},"end":{"line":41,"column":37}},"type":"if","locations":[{"start":{"line":40,"column":8},"end":{"line":41,"column":37}},{"start":{},"end":{}}],"line":40},"3":{"loc":{"start":{"line":43,"column":8},"end":{"line":51,"column":9}},"type":"if","locations":[{"start":{"line":43,"column":8},"end":{"line":51,"column":9}},{"start":{},"end":{}}],"line":43}},"s":{"0":1,"1":1,"2":9,"3":9,"4":9,"5":9,"6":9,"7":24,"8":24,"9":3,"10":3,"11":21,"12":13,"13":5,"14":14,"15":14,"16":14,"17":13,"18":14,"19":14,"20":13,"21":13,"22":0,"23":14,"24":1},"f":{"0":9,"1":0,"2":24,"3":5,"4":14},"b":{"0":[3,21],"1":[13,8],"2":[13,1],"3":[13,1]},"_coverageSchema":"1a1c01bbd47fc00a2c39e90264f33305004495a9","hash":"5a881e2f34740bbef761c988c11a4ddac4995d86"}
,"/home/runner/work/thingies/thingies/src/TimedState.ts": {"path":"/home/runner/work/thingies/thingies/src/TimedState.ts","statementMap":{"0":{"start":{"line":2,"column":0},"end":{"line":2,"column":62}},"1":{"start":{"line":3,"column":0},"end":{"line":3,"column":28}},"2":{"start":{"line":10,"column":8},"end":{"line":10,"column":35}},"3":{"start":{"line":11,"column":8},"end":{"line":11,"column":31}},"4":{"start":{"line":15,"column":8},"end":{"line":15,"column":29}},"5":{"start":{"line":19,"column":8},"end":{"line":19,"column":30}},"6":{"start":{"line":23,"column":8},"end":{"line":23,"column":33}},"7":{"start":{"line":24,"column":8},"end":{"line":24,"column":24}},"8":{"start":{"line":25,"column":8},"end":{"line":25,"column":38}},"9":{"start":{"line":26,"column":8},"end":{"line":26,"column":26}},"10":{"start":{"line":29,"column":8},"end":{"line":29,"column":22}},"11":{"start":{"line":30,"column":8},"end":{"line":30,"column":52}},"12":{"start":{"line":31,"column":8},"end":{"line":34,"column":9}},"13":{"start":{"line":32,"column":12},"end":{"line":32,"column":25}},"14":{"start":{"line":33,"column":12},"end":{"line":33,"column":19}},"15":{"start":{"line":35,"column":8},"end":{"line":39,"column":9}},"16":{"start":{"line":36,"column":12},"end":{"line":38,"column":31}},"17":{"start":{"line":37,"column":16},"end":{"line":37,"column":29}},"18":{"start":{"line":42,"column":34},"end":{"line":42,"column":38}},"19":{"start":{"line":43,"column":8},"end":{"line":43,"column":38}},"20":{"start":{"line":44,"column":8},"end":{"line":44,"column":24}},"21":{"start":{"line":45,"column":8},"end":{"line":46,"column":37}},"22":{"start":{"line":46,"column":12},"end":{"line":46,"column":37}},"23":{"start":{"line":47,"column":8},"end":{"line":56,"column":9}},"24":{"start":{"line":48,"column":12},"end":{"line":48,"column":30}},"25":{"start":{"line":49,"column":12},"end":{"line":55,"column":13}},"26":{"start":{"line":50,"column":16},"end":{"line":50,"column":36}},"27":{"start":{"line":54,"column":16},"end":{"line":54,"column":51}},"28":{"start":{"line":57,"column":8},"end":{"line":57,"column":21}},"29":{"start":{"line":60,"column":0},"end":{"line":60,"column":32}}},"fnMap":{"0":{"name":"(anonymous_0)","decl":{"start":{"line":9,"column":4},"end":{"line":9,"column":5}},"loc":{"start":{"line":9,"column":36},"end":{"line":27,"column":5}},"line":9},"1":{"name":"(anonymous_1)","decl":{"start":{"line":23,"column":23},"end":{"line":23,"column":24}},"loc":{"start":{"line":23,"column":29},"end":{"line":23,"column":32}},"line":23},"2":{"name":"(anonymous_2)","decl":{"start":{"line":28,"column":4},"end":{"line":28,"column":5}},"loc":{"start":{"line":28,"column":15},"end":{"line":40,"column":5}},"line":28},"3":{"name":"(anonymous_3)","decl":{"start":{"line":36,"column":36},"end":{"line":36,"column":37}},"loc":{"start":{"line":36,"column":42},"end":{"line":38,"column":13}},"line":36},"4":{"name":"(anonymous_4)","decl":{"start":{"line":41,"column":4},"end":{"line":41,"column":5}},"loc":{"start":{"line":41,"column":12},"end":{"line":58,"column":5}},"line":41}},"branchMap":{"0":{"loc":{"start":{"line":31,"column":8},"end":{"line":34,"column":9}},"type":"if","locations":[{"start":{"line":31,"column":8},"end":{"line":34,"column":9}},{"start":{},"end":{}}],"line":31},"1":{"loc":{"start":{"line":35,"column":8},"end":{"line":39,"column":9}},"type":"if","locations":[{"start":{"line":35,"column":8},"end":{"line":39,"column":9}},{"start":{},"end":{}}],"line":35},"2":{"loc":{"start":{"line":45,"column":8},"end":{"line":46,"column":37}},"type":"if","locations":[{"start":{"line":45,"column":8},"end":{"line":46,"column":37}},{"start":{},"end":{}}],"line":45},"3":{"loc":{"start":{"line":47,"column":8},"end":{"line":56,"column":9}},"type":"if","locations":[{"start":{"line":47,"column":8},"end":{"line":56,"column":9}},{"start":{},"end":{}}],"line":47}},"s":{"0":1,"1":1,"2":10,"3":10,"4":10,"5":10,"6":10,"7":10,"8":10,"9":10,"10":26,"11":26,"12":26,"13":3,"14":3,"15":23,"16":14,"17":5,"18":15,"19":15,"20":15,"21":15,"22":14,"23":15,"24":14,"25":14,"26":14,"27":0,"28":15,"29":1},"f":{"0":10,"1":0,"2":26,"3":5,"4":15},"b":{"0":[3,23],"1":[14,9],"2":[14,1],"3":[14,1]},"_coverageSchema":"1a1c01bbd47fc00a2c39e90264f33305004495a9","hash":"79007a2fcd908217c3535b61e1aecf0d7dfc2223"}
,"/home/runner/work/thingies/thingies/src/base64.ts": {"path":"/home/runner/work/thingies/thingies/src/base64.ts","statementMap":{"0":{"start":{"line":2,"column":0},"end":{"line":2,"column":62}},"1":{"start":{"line":3,"column":0},"end":{"line":3,"column":45}},"2":{"start":{"line":4,"column":17},"end":{"line":4,"column":61}},"3":{"start":{"line":4,"column":26},"end":{"line":4,"column":61}},"4":{"start":{"line":5,"column":0},"end":{"line":5,"column":28}},"5":{"start":{"line":6,"column":17},"end":{"line":6,"column":63}},"6":{"start":{"line":6,"column":26},"end":{"line":6,"column":63}},"7":{"start":{"line":7,"column":0},"end":{"line":7,"column":28}}},"fnMap":{"0":{"name":"(anonymous_0)","decl":{"start":{"line":4,"column":17},"end":{"line":4,"column":18}},"loc":{"start":{"line":4,"column":26},"end":{"line":4,"column":61}},"line":4},"1":{"name":"(anonymous_1)","decl":{"start":{"line":6,"column":17},"end":{"line":6,"column":18}},"loc":{"start":{"line":6,"column":26},"end":{"line":6,"column":63}},"line":6}},"branchMap":{},"s":{"0":1,"1":1,"2":1,"3":2,"4":1,"5":1,"6":1,"7":1},"f":{"0":2,"1":1},"b":{},"_coverageSchema":"1a1c01bbd47fc00a2c39e90264f33305004495a9","hash":"3a21377d8cd014879eeea1d1130f7d743aa8876d"}
,"/home/runner/work/thingies/thingies/src/codeMutex.ts": {"path":"/home/runner/work/thingies/thingies/src/codeMutex.ts","statementMap":{"0":{"start":{"line":2,"column":0},"end":{"line":2,"column":62}},"1":{"start":{"line":3,"column":0},"end":{"line":3,"column":27}},"2":{"start":{"line":8,"column":18},"end":{"line":20,"column":1}},"3":{"start":{"line":10,"column":4},"end":{"line":19,"column":6}},"4":{"start":{"line":11,"column":8},"end":{"line":12,"column":26}},"5":{"start":{"line":12,"column":12},"end":{"line":12,"column":26}},"6":{"start":{"line":13,"column":8},"end":{"line":18,"column":9}},"7":{"start":{"line":14,"column":12},"end":{"line":14,"column":43}},"8":{"start":{"line":17,"column":12},"end":{"line":17,"column":31}},"9":{"start":{"line":21,"column":0},"end":{"line":21,"column":30}}},"fnMap":{"0":{"name":"(anonymous_0)","decl":{"start":{"line":8,"column":18},"end":{"line":8,"column":19}},"loc":{"start":{"line":8,"column":24},"end":{"line":20,"column":1}},"line":8},"1":{"name":"(anonymous_1)","decl":{"start":{"line":10,"column":11},"end":{"line":10,"column":12}},"loc":{"start":{"line":10,"column":27},"end":{"line":19,"column":5}},"line":10}},"branchMap":{"0":{"loc":{"start":{"line":11,"column":8},"end":{"line":12,"column":26}},"type":"if","locations":[{"start":{"line":11,"column":8},"end":{"line":12,"column":26}},{"start":{},"end":{}}],"line":11}},"s":{"0":2,"1":2,"2":2,"3":13,"4":57,"5":30,"6":27,"7":27,"8":27,"9":2},"f":{"0":13,"1":57},"b":{"0":[30,27]},"_coverageSchema":"1a1c01bbd47fc00a2c39e90264f33305004495a9","hash":"501b0f946525d069639ac758a4eb95fc9695ec16"}
,"/home/runner/work/thingies/thingies/src/concurrency.ts": {"path":"/home/runner/work/thingies/thingies/src/concurrency.ts","statementMap":{"0":{"start":{"line":2,"column":0},"end":{"line":2,"column":62}},"1":{"start":{"line":3,"column":0},"end":{"line":3,"column":29}},"2":{"start":{"line":4,"column":13},"end":{"line":4,"column":28}},"3":{"start":{"line":8,"column":8},"end":{"line":8,"column":25}},"4":{"start":{"line":9,"column":8},"end":{"line":12,"column":11}},"5":{"start":{"line":10,"column":12},"end":{"line":10,"column":35}},"6":{"start":{"line":11,"column":12},"end":{"line":11,"column":33}},"7":{"start":{"line":16,"column":20},"end":{"line":41,"column":1}},"8":{"start":{"line":17,"column":18},"end":{"line":17,"column":19}},"9":{"start":{"line":18,"column":18},"end":{"line":18,"column":27}},"10":{"start":{"line":19,"column":17},"end":{"line":35,"column":5}},"11":{"start":{"line":20,"column":21},"end":{"line":20,"column":48}},"12":{"start":{"line":21,"column":8},"end":{"line":24,"column":19}},"13":{"start":{"line":22,"column":12},"end":{"line":22,"column":31}},"14":{"start":{"line":24,"column":12},"end":{"line":24,"column":19}},"15":{"start":{"line":25,"column":8},"end":{"line":25,"column":18}},"16":{"start":{"line":26,"column":8},"end":{"line":34,"column":9}},"17":{"start":{"line":27,"column":12},"end":{"line":27,"column":44}},"18":{"start":{"line":30,"column":12},"end":{"line":30,"column":31}},"19":{"start":{"line":33,"column":12},"end":{"line":33,"column":56}},"20":{"start":{"line":36,"column":4},"end":{"line":40,"column":6}},"21":{"start":{"line":37,"column":21},"end":{"line":37,"column":35}},"22":{"start":{"line":38,"column":8},"end":{"line":38,"column":24}},"23":{"start":{"line":39,"column":8},"end":{"line":39,"column":67}},"24":{"start":{"line":42,"column":0},"end":{"line":42,"column":34}}},"fnMap":{"0":{"name":"(anonymous_0)","decl":{"start":{"line":7,"column":4},"end":{"line":7,"column":5}},"loc":{"start":{"line":7,"column":22},"end":{"line":13,"column":5}},"line":7},"1":{"name":"(anonymous_1)","decl":{"start":{"line":9,"column":35},"end":{"line":9,"column":36}},"loc":{"start":{"line":9,"column":56},"end":{"line":12,"column":9}},"line":9},"2":{"name":"(anonymous_2)","decl":{"start":{"line":16,"column":20},"end":{"line":16,"column":21}},"loc":{"start":{"line":16,"column":31},"end":{"line":41,"column":1}},"line":16},"3":{"name":"(anonymous_3)","decl":{"start":{"line":19,"column":17},"end":{"line":19,"column":18}},"loc":{"start":{"line":19,"column":29},"end":{"line":35,"column":5}},"line":19},"4":{"name":"(anonymous_4)","decl":{"start":{"line":36,"column":11},"end":{"line":36,"column":12}},"loc":{"start":{"line":36,"column":27},"end":{"line":40,"column":5}},"line":36}},"branchMap":{"0":{"loc":{"start":{"line":21,"column":8},"end":{"line":24,"column":19}},"type":"if","locations":[{"start":{"line":21,"column":8},"end":{"line":24,"column":19}},{"start":{"line":24,"column":12},"end":{"line":24,"column":19}}],"line":21},"1":{"loc":{"start":{"line":33,"column":23},"end":{"line":33,"column":55}},"type":"binary-expr","locations":[{"start":{"line":33,"column":23},"end":{"line":33,"column":33}},{"start":{"line":33,"column":37},"end":{"line":33,"column":55}}],"line":33},"2":{"loc":{"start":{"line":39,"column":15},"end":{"line":39,"column":52}},"type":"binary-expr","locations":[{"start":{"line":39,"column":15},"end":{"line":39,"column":30}},{"start":{"line":39,"column":34},"end":{"line":39,"column":52}}],"line":39}},"s":{"0":2,"1":2,"2":2,"3":1806,"4":1806,"5":1806,"6":1806,"7":2,"8":268,"9":268,"10":268,"11":1806,"12":1806,"13":1806,"14":0,"15":1806,"16":1806,"17":1806,"18":0,"19":1806,"20":268,"21":1806,"22":1806,"23":1806,"24":2},"f":{"0":1806,"1":1806,"2":268,"3":1806,"4":1806},"b":{"0":[1806,0],"1":[1806,925],"2":[1806,881]},"_coverageSchema":"1a1c01bbd47fc00a2c39e90264f33305004495a9","hash":"560c46b14783dd4ebdbf1e1cc2223eab694a1a7a"}
,"/home/runner/work/thingies/thingies/src/concurrencyDecorator.ts": {"path":"/home/runner/work/thingies/thingies/src/concurrencyDecorator.ts","statementMap":{"0":{"start":{"line":2,"column":0},"end":{"line":2,"column":62}},"1":{"start":{"line":3,"column":0},"end":{"line":3,"column":34}},"2":{"start":{"line":4,"column":22},"end":{"line":4,"column":46}},"3":{"start":{"line":6,"column":18},"end":{"line":6,"column":31}},"4":{"start":{"line":13,"column":4},"end":{"line":22,"column":6}},"5":{"start":{"line":14,"column":8},"end":{"line":21,"column":10}},"6":{"start":{"line":15,"column":22},"end":{"line":15,"column":41}},"7":{"start":{"line":16,"column":12},"end":{"line":17,"column":59}},"8":{"start":{"line":17,"column":16},"end":{"line":17,"column":59}},"9":{"start":{"line":18,"column":12},"end":{"line":19,"column":67}},"10":{"start":{"line":19,"column":16},"end":{"line":19,"column":67}},"11":{"start":{"line":20,"column":12},"end":{"line":20,"column":73}},"12":{"start":{"line":20,"column":43},"end":{"line":20,"column":71}}},"fnMap":{"0":{"name":"concurrency","decl":{"start":{"line":12,"column":9},"end":{"line":12,"column":20}},"loc":{"start":{"line":12,"column":28},"end":{"line":23,"column":1}},"line":12},"1":{"name":"(anonymous_1)","decl":{"start":{"line":13,"column":11},"end":{"line":13,"column":12}},"loc":{"start":{"line":13,"column":28},"end":{"line":22,"column":5}},"line":13},"2":{"name":"(anonymous_2)","decl":{"start":{"line":14,"column":15},"end":{"line":14,"column":16}},"loc":{"start":{"line":14,"column":40},"end":{"line":21,"column":9}},"line":14},"3":{"name":"(anonymous_3)","decl":{"start":{"line":20,"column":31},"end":{"line":20,"column":32}},"loc":{"start":{"line":20,"column":43},"end":{"line":20,"column":71}},"line":20}},"branchMap":{"0":{"loc":{"start":{"line":16,"column":12},"end":{"line":17,"column":59}},"type":"if","locations":[{"start":{"line":16,"column":12},"end":{"line":17,"column":59}},{"start":{},"end":{}}],"line":16},"1":{"loc":{"start":{"line":18,"column":12},"end":{"line":19,"column":67}},"type":"if","locations":[{"start":{"line":18,"column":12},"end":{"line":19,"column":67}},{"start":{},"end":{}}],"line":18}},"s":{"0":1,"1":1,"2":1,"3":1,"4":135,"5":135,"6":909,"7":909,"8":135,"9":909,"10":136,"11":909,"12":909},"f":{"0":135,"1":135,"2":909,"3":909},"b":{"0":[135,774],"1":[136,773]},"_coverageSchema":"1a1c01bbd47fc00a2c39e90264f33305004495a9","hash":"102ebcf24e06ced395fe8e8bf6927cc80457fdc4"}
,"/home/runner/work/thingies/thingies/src/createRace.ts": {"path":"/home/runner/work/thingies/thingies/src/createRace.ts","statementMap":{"0":{"start":{"line":2,"column":0},"end":{"line":2,"column":62}},"1":{"start":{"line":3,"column":0},"end":{"line":3,"column":28}},"2":{"start":{"line":30,"column":19},"end":{"line":43,"column":1}},"3":{"start":{"line":31,"column":18},"end":{"line":31,"column":23}},"4":{"start":{"line":32,"column":4},"end":{"line":42,"column":6}},"5":{"start":{"line":33,"column":8},"end":{"line":34,"column":19}},"6":{"start":{"line":34,"column":12},"end":{"line":34,"column":19}},"7":{"start":{"line":35,"column":8},"end":{"line":35,"column":23}},"8":{"start":{"line":36,"column":8},"end":{"line":41,"column":9}},"9":{"start":{"line":37,"column":12},"end":{"line":37,"column":24}},"10":{"start":{"line":40,"column":12},"end":{"line":40,"column":28}},"11":{"start":{"line":44,"column":0},"end":{"line":44,"column":32}}},"fnMap":{"0":{"name":"(anonymous_0)","decl":{"start":{"line":30,"column":19},"end":{"line":30,"column":20}},"loc":{"start":{"line":30,"column":25},"end":{"line":43,"column":1}},"line":30},"1":{"name":"(anonymous_1)","decl":{"start":{"line":32,"column":11},"end":{"line":32,"column":12}},"loc":{"start":{"line":32,"column":19},"end":{"line":42,"column":5}},"line":32}},"branchMap":{"0":{"loc":{"start":{"line":33,"column":8},"end":{"line":34,"column":19}},"type":"if","locations":[{"start":{"line":33,"column":8},"end":{"line":34,"column":19}},{"start":{},"end":{}}],"line":33}},"s":{"0":1,"1":1,"2":1,"3":3,"4":3,"5":6,"6":2,"7":4,"8":4,"9":4,"10":4,"11":1},"f":{"0":3,"1":6},"b":{"0":[2,4]},"_coverageSchema":"1a1c01bbd47fc00a2c39e90264f33305004495a9","hash":"e8dae8cb20446647bbaa5100dca0d38f69ba7826"}
,"/home/runner/work/thingies/thingies/src/fanout.ts": {"path":"/home/runner/work/thingies/thingies/src/fanout.ts","statementMap":{"0":{"start":{"line":2,"column":0},"end":{"line":2,"column":62}},"1":{"start":{"line":3,"column":0},"end":{"line":3,"column":24}},"2":{"start":{"line":6,"column":8},"end":{"line":6,"column":35}},"3":{"start":{"line":9,"column":8},"end":{"line":9,"column":61}},"4":{"start":{"line":9,"column":45},"end":{"line":9,"column":59}},"5":{"start":{"line":12,"column":26},"end":{"line":12,"column":40}},"6":{"start":{"line":13,"column":8},"end":{"line":13,"column":32}},"7":{"start":{"line":14,"column":8},"end":{"line":14,"column":48}},"8":{"start":{"line":14,"column":21},"end":{"line":14,"column":47}},"9":{"start":{"line":17,"column":0},"end":{"line":17,"column":24}}},"fnMap":{"0":{"name":"(anonymous_0)","decl":{"start":{"line":5,"column":4},"end":{"line":5,"column":5}},"loc":{"start":{"line":5,"column":18},"end":{"line":7,"column":5}},"line":5},"1":{"name":"(anonymous_1)","decl":{"start":{"line":8,"column":4},"end":{"line":8,"column":5}},"loc":{"start":{"line":8,"column":15},"end":{"line":10,"column":5}},"line":8},"2":{"name":"(anonymous_2)","decl":{"start":{"line":9,"column":31},"end":{"line":9,"column":32}},"loc":{"start":{"line":9,"column":45},"end":{"line":9,"column":59}},"line":9},"3":{"name":"(anonymous_3)","decl":{"start":{"line":11,"column":4},"end":{"line":11,"column":5}},"loc":{"start":{"line":11,"column":21},"end":{"line":15,"column":5}},"line":11},"4":{"name":"(anonymous_4)","decl":{"start":{"line":14,"column":15},"end":{"line":14,"column":16}},"loc":{"start":{"line":14,"column":21},"end":{"line":14,"column":47}},"line":14}},"branchMap":{},"s":{"0":1,"1":1,"2":3,"3":9,"4":10,"5":5,"6":5,"7":5,"8":9,"9":1},"f":{"0":3,"1":9,"2":10,"3":5,"4":9},"b":{},"_coverageSchema":"1a1c01bbd47fc00a2c39e90264f33305004495a9","hash":"393a2082cdf65f1a8df3f6d6693201ebbb744929"}
,"/home/runner/work/thingies/thingies/src/go.ts": {"path":"/home/runner/work/thingies/thingies/src/go.ts","statementMap":{"0":{"start":{"line":2,"column":0},"end":{"line":2,"column":62}},"1":{"start":{"line":3,"column":0},"end":{"line":3,"column":20}},"2":{"start":{"line":5,"column":11},"end":{"line":7,"column":1}},"3":{"start":{"line":6,"column":4},"end":{"line":6,"column":28}},"4":{"start":{"line":8,"column":0},"end":{"line":8,"column":16}}},"fnMap":{"0":{"name":"(anonymous_0)","decl":{"start":{"line":5,"column":11},"end":{"line":5,"column":12}},"loc":{"start":{"line":5,"column":21},"end":{"line":7,"column":1}},"line":5},"1":{"name":"(anonymous_1)","decl":{"start":{"line":6,"column":17},"end":{"line":6,"column":18}},"loc":{"start":{"line":6,"column":23},"end":{"line":6,"column":26}},"line":6}},"branchMap":{},"s":{"0":2,"1":2,"2":2,"3":1806,"4":2},"f":{"0":1806,"1":0},"b":{},"_coverageSchema":"1a1c01bbd47fc00a2c39e90264f33305004495a9","hash":"3673d5e619315952df2c7921898816d67b1b250d"}
,"/home/runner/work/thingies/thingies/src/hasKeys.ts": {"path":"/home/runner/work/thingies/thingies/src/hasKeys.ts","statementMap":{"0":{"start":{"line":2,"column":0},"end":{"line":2,"column":62}},"1":{"start":{"line":3,"column":0},"end":{"line":3,"column":25}},"2":{"start":{"line":4,"column":16},"end":{"line":8,"column":1}},"3":{"start":{"line":5,"column":4},"end":{"line":6,"column":20}},"4":{"start":{"line":6,"column":8},"end":{"line":6,"column":20}},"5":{"start":{"line":7,"column":4},"end":{"line":7,"column":17}},"6":{"start":{"line":9,"column":0},"end":{"line":9,"column":26}}},"fnMap":{"0":{"name":"(anonymous_0)","decl":{"start":{"line":4,"column":16},"end":{"line":4,"column":17}},"loc":{"start":{"line":4,"column":25},"end":{"line":8,"column":1}},"line":4}},"branchMap":{},"s":{"0":1,"1":1,"2":1,"3":2,"4":1,"5":1,"6":1},"f":{"0":2},"b":{},"_coverageSchema":"1a1c01bbd47fc00a2c39e90264f33305004495a9","hash":"8678573501b543597e770434d87b173359745d17"}
,"/home/runner/work/thingies/thingies/src/hash.ts": {"path":"/home/runner/work/thingies/thingies/src/hash.ts","statementMap":{"0":{"start":{"line":2,"column":0},"end":{"line":2,"column":62}},"1":{"start":{"line":3,"column":0},"end":{"line":3,"column":22}},"2":{"start":{"line":4,"column":13},"end":{"line":10,"column":1}},"3":{"start":{"line":5,"column":15},"end":{"line":5,"column":19}},"4":{"start":{"line":6,"column":12},"end":{"line":6,"column":22}},"5":{"start":{"line":7,"column":4},"end":{"line":8,"column":49}},"6":{"start":{"line":8,"column":8},"end":{"line":8,"column":49}},"7":{"start":{"line":9,"column":4},"end":{"line":9,"column":22}},"8":{"start":{"line":11,"column":0},"end":{"line":11,"column":20}}},"fnMap":{"0":{"name":"(anonymous_0)","decl":{"start":{"line":4,"column":13},"end":{"line":4,"column":14}},"loc":{"start":{"line":4,"column":22},"end":{"line":10,"column":1}},"line":4}},"branchMap":{},"s":{"0":1,"1":1,"2":1,"3":400,"4":400,"5":400,"6":2760,"7":400,"8":1},"f":{"0":400},"b":{},"_coverageSchema":"1a1c01bbd47fc00a2c39e90264f33305004495a9","hash":"963eac3bff9912ec5365bd5ec287a40cc3a9ec96"}
,"/home/runner/work/thingies/thingies/src/mutex.ts": {"path":"/home/runner/work/thingies/thingies/src/mutex.ts","statementMap":{"0":{"start":{"line":2,"column":0},"end":{"line":2,"column":62}},"1":{"start":{"line":3,"column":0},"end":{"line":3,"column":22}},"2":{"start":{"line":4,"column":20},"end":{"line":4,"column":42}},"3":{"start":{"line":11,"column":24},"end":{"line":11,"column":33}},"4":{"start":{"line":12,"column":4},"end":{"line":17,"column":5}},"5":{"start":{"line":13,"column":20},"end":{"line":13,"column":48}},"6":{"start":{"line":14,"column":8},"end":{"line":16,"column":10}},"7":{"start":{"line":15,"column":12},"end":{"line":15,"column":71}},"8":{"start":{"line":15,"column":41},"end":{"line":15,"column":69}},"9":{"start":{"line":18,"column":22},"end":{"line":18,"column":35}},"10":{"start":{"line":19,"column":4},"end":{"line":26,"column":6}},"11":{"start":{"line":20,"column":18},"end":{"line":20,"column":37}},"12":{"start":{"line":21,"column":8},"end":{"line":22,"column":55}},"13":{"start":{"line":22,"column":12},"end":{"line":22,"column":55}},"14":{"start":{"line":23,"column":8},"end":{"line":24,"column":54}},"15":{"start":{"line":24,"column":12},"end":{"line":24,"column":54}},"16":{"start":{"line":25,"column":8},"end":{"line":25,"column":75}},"17":{"start":{"line":25,"column":45},"end":{"line":25,"column":73}}},"fnMap":{"0":{"name":"mutex","decl":{"start":{"line":10,"column":9},"end":{"line":10,"column":14}},"loc":{"start":{"line":10,"column":28},"end":{"line":27,"column":1}},"line":10},"1":{"name":"(anonymous_1)","decl":{"start":{"line":14,"column":15},"end":{"line":14,"column":16}},"loc":{"start":{"line":14,"column":40},"end":{"line":16,"column":9}},"line":14},"2":{"name":"(anonymous_2)","decl":{"start":{"line":15,"column":29},"end":{"line":15,"column":30}},"loc":{"start":{"line":15,"column":41},"end":{"line":15,"column":69}},"line":15},"3":{"name":"(anonymous_3)","decl":{"start":{"line":19,"column":11},"end":{"line":19,"column":12}},"loc":{"start":{"line":19,"column":36},"end":{"line":26,"column":5}},"line":19},"4":{"name":"(anonymous_4)","decl":{"start":{"line":25,"column":33},"end":{"line":25,"column":34}},"loc":{"start":{"line":25,"column":45},"end":{"line":25,"column":73}},"line":25}},"branchMap":{"0":{"loc":{"start":{"line":12,"column":4},"end":{"line":17,"column":5}},"type":"if","locations":[{"start":{"line":12,"column":4},"end":{"line":17,"column":5}},{"start":{},"end":{}}],"line":12},"1":{"loc":{"start":{"line":21,"column":8},"end":{"line":22,"column":55}},"type":"if","locations":[{"start":{"line":21,"column":8},"end":{"line":22,"column":55}},{"start":{},"end":{}}],"line":21},"2":{"loc":{"start":{"line":23,"column":8},"end":{"line":24,"column":54}},"type":"if","locations":[{"start":{"line":23,"column":8},"end":{"line":24,"column":54}},{"start":{},"end":{}}],"line":23}},"s":{"0":1,"1":1,"2":1,"3":7,"4":7,"5":2,"6":2,"7":12,"8":6,"9":5,"10":5,"11":21,"12":21,"13":6,"14":21,"15":6,"16":21,"17":10},"f":{"0":7,"1":12,"2":6,"3":21,"4":10},"b":{"0":[2,5],"1":[6,15],"2":[6,15]},"_coverageSchema":"1a1c01bbd47fc00a2c39e90264f33305004495a9","hash":"2e2a76f5d119e7a328a5d7585ebabb5258afdd8b"}
,"/home/runner/work/thingies/thingies/src/normalizeEmail.ts": {"path":"/home/runner/work/thingies/thingies/src/normalizeEmail.ts","statementMap":{"0":{"start":{"line":2,"column":0},"end":{"line":2,"column":62}},"1":{"start":{"line":3,"column":0},"end":{"line":3,"column":32}},"2":{"start":{"line":4,"column":16},"end":{"line":4,"column":21}},"3":{"start":{"line":20,"column":23},"end":{"line":27,"column":1}},"4":{"start":{"line":21,"column":25},"end":{"line":21,"column":41}},"5":{"start":{"line":22,"column":23},"end":{"line":22,"column":38}},"6":{"start":{"line":23,"column":4},"end":{"line":23,"column":49}},"7":{"start":{"line":24,"column":19},"end":{"line":24,"column":70}},"8":{"start":{"line":25,"column":4},"end":{"line":25,"column":19}},"9":{"start":{"line":26,"column":4},"end":{"line":26,"column":18}},"10":{"start":{"line":28,"column":0},"end":{"line":28,"column":40}}},"fnMap":{"0":{"name":"(anonymous_0)","decl":{"start":{"line":20,"column":23},"end":{"line":20,"column":24}},"loc":{"start":{"line":20,"column":34},"end":{"line":27,"column":1}},"line":20}},"branchMap":{},"s":{"0":1,"1":1,"2":1,"3":1,"4":4,"5":4,"6":4,"7":4,"8":4,"9":4,"10":1},"f":{"0":4},"b":{},"_coverageSchema":"1a1c01bbd47fc00a2c39e90264f33305004495a9","hash":"9f44ba8903e4134f34af6db493440cf9ed3ce850"}
,"/home/runner/work/thingies/thingies/src/once.ts": {"path":"/home/runner/work/thingies/thingies/src/once.ts","statementMap":{"0":{"start":{"line":3,"column":0},"end":{"line":3,"column":62}},"1":{"start":{"line":4,"column":0},"end":{"line":4,"column":20}},"2":{"start":{"line":5,"column":18},"end":{"line":5,"column":31}},"3":{"start":{"line":11,"column":4},"end":{"line":18,"column":6}},"4":{"start":{"line":12,"column":18},"end":{"line":12,"column":37}},"5":{"start":{"line":13,"column":8},"end":{"line":14,"column":55}},"6":{"start":{"line":14,"column":12},"end":{"line":14,"column":55}},"7":{"start":{"line":15,"column":8},"end":{"line":16,"column":46}},"8":{"start":{"line":16,"column":12},"end":{"line":16,"column":46}},"9":{"start":{"line":17,"column":8},"end":{"line":17,"column":27}}},"fnMap":{"0":{"name":"once","decl":{"start":{"line":10,"column":9},"end":{"line":10,"column":13}},"loc":{"start":{"line":10,"column":27},"end":{"line":19,"column":1}},"line":10},"1":{"name":"(anonymous_1)","decl":{"start":{"line":11,"column":11},"end":{"line":11,"column":12}},"loc":{"start":{"line":11,"column":30},"end":{"line":18,"column":5}},"line":11}},"branchMap":{"0":{"loc":{"start":{"line":13,"column":8},"end":{"line":14,"column":55}},"type":"if","locations":[{"start":{"line":13,"column":8},"end":{"line":14,"column":55}},{"start":{},"end":{}}],"line":13},"1":{"loc":{"start":{"line":15,"column":8},"end":{"line":16,"column":46}},"type":"if","locations":[{"start":{"line":15,"column":8},"end":{"line":16,"column":46}},{"start":{},"end":{}}],"line":15}},"s":{"0":1,"1":1,"2":1,"3":5,"4":17,"5":17,"6":4,"7":17,"8":5,"9":17},"f":{"0":5,"1":17},"b":{"0":[4,13],"1":[5,12]},"_coverageSchema":"1a1c01bbd47fc00a2c39e90264f33305004495a9","hash":"e365af0ff5cdcc2f293149a81c08113714ddad38"}
,"/home/runner/work/thingies/thingies/src/tick.ts": {"path":"/home/runner/work/thingies/thingies/src/tick.ts","statementMap":{"0":{"start":{"line":2,"column":0},"end":{"line":2,"column":62}},"1":{"start":{"line":3,"column":0},"end":{"line":3,"column":22}},"2":{"start":{"line":4,"column":13},"end":{"line":4,"column":62}},"3":{"start":{"line":4,"column":25},"end":{"line":4,"column":62}},"4":{"start":{"line":4,"column":44},"end":{"line":4,"column":61}},"5":{"start":{"line":5,"column":0},"end":{"line":5,"column":20}}},"fnMap":{"0":{"name":"(anonymous_0)","decl":{"start":{"line":4,"column":13},"end":{"line":4,"column":14}},"loc":{"start":{"line":4,"column":25},"end":{"line":4,"column":62}},"line":4},"1":{"name":"(anonymous_1)","decl":{"start":{"line":4,"column":37},"end":{"line":4,"column":38}},"loc":{"start":{"line":4,"column":44},"end":{"line":4,"column":61}},"line":4}},"branchMap":{"0":{"loc":{"start":{"line":4,"column":14},"end":{"line":4,"column":20}},"type":"default-arg","locations":[{"start":{"line":4,"column":19},"end":{"line":4,"column":20}}],"line":4}},"s":{"0":6,"1":6,"2":6,"3":980,"4":980,"5":6},"f":{"0":980,"1":980},"b":{"0":[0]},"_coverageSchema":"1a1c01bbd47fc00a2c39e90264f33305004495a9","hash":"5b0d4fc99e3ef8c9a4af73dff1bd18b0ca6e7f5b"}
,"/home/runner/work/thingies/thingies/src/timeout.ts": {"path":"/home/runner/work/thingies/thingies/src/timeout.ts","statementMap":{"0":{"start":{"line":2,"column":0},"end":{"line":2,"column":62}},"1":{"start":{"line":3,"column":0},"end":{"line":3,"column":25}},"2":{"start":{"line":19,"column":16},"end":{"line":29,"column":2}},"3":{"start":{"line":19,"column":30},"end":{"line":29,"column":2}},"4":{"start":{"line":20,"column":18},"end":{"line":20,"column":68}},"5":{"start":{"line":20,"column":35},"end":{"line":20,"column":63}},"6":{"start":{"line":21,"column":20},"end":{"line":21,"column":62}},"7":{"start":{"line":22,"column":4},"end":{"line":28,"column":7}},"8":{"start":{"line":23,"column":8},"end":{"line":23,"column":28}},"9":{"start":{"line":24,"column":8},"end":{"line":24,"column":24}},"10":{"start":{"line":26,"column":8},"end":{"line":26,"column":28}},"11":{"start":{"line":27,"column":8},"end":{"line":27,"column":22}},"12":{"start":{"line":30,"column":0},"end":{"line":30,"column":26}}},"fnMap":{"0":{"name":"(anonymous_0)","decl":{"start":{"line":19,"column":16},"end":{"line":19,"column":17}},"loc":{"start":{"line":19,"column":30},"end":{"line":29,"column":2}},"line":19},"1":{"name":"(anonymous_1)","decl":{"start":{"line":19,"column":42},"end":{"line":19,"column":43}},"loc":{"start":{"line":19,"column":63},"end":{"line":29,"column":1}},"line":19},"2":{"name":"(anonymous_2)","decl":{"start":{"line":20,"column":29},"end":{"line":20,"column":30}},"loc":{"start":{"line":20,"column":35},"end":{"line":20,"column":63}},"line":20},"3":{"name":"(anonymous_3)","decl":{"start":{"line":22,"column":17},"end":{"line":22,"column":18}},"loc":{"start":{"line":22,"column":29},"end":{"line":25,"column":5}},"line":22},"4":{"name":"(anonymous_4)","decl":{"start":{"line":25,"column":7},"end":{"line":25,"column":8}},"loc":{"start":{"line":25,"column":18},"end":{"line":28,"column":5}},"line":25}},"branchMap":{"0":{"loc":{"start":{"line":21,"column":20},"end":{"line":21,"column":62}},"type":"cond-expr","locations":[{"start":{"line":21,"column":49},"end":{"line":21,"column":55}},{"start":{"line":21,"column":58},"end":{"line":21,"column":62}}],"line":21}},"s":{"0":1,"1":1,"2":1,"3":4,"4":4,"5":1,"6":4,"7":4,"8":3,"9":3,"10":0,"11":0,"12":1},"f":{"0":4,"1":4,"2":1,"3":3,"4":0},"b":{"0":[3,1]},"_coverageSchema":"1a1c01bbd47fc00a2c39e90264f33305004495a9","hash":"7ddfb804a167d7fa97fdc2462cde72ab52ae8cba"}
,"/home/runner/work/thingies/thingies/src/xorshift.ts": {"path":"/home/runner/work/thingies/thingies/src/xorshift.ts","statementMap":{"0":{"start":{"line":2,"column":0},"end":{"line":2,"column":62}},"1":{"start":{"line":3,"column":0},"end":{"line":3,"column":53}},"2":{"start":{"line":4,"column":23},"end":{"line":12,"column":1}},"3":{"start":{"line":5,"column":12},"end":{"line":5,"column":20}},"4":{"start":{"line":6,"column":4},"end":{"line":11,"column":6}},"5":{"start":{"line":7,"column":8},"end":{"line":7,"column":21}},"6":{"start":{"line":8,"column":8},"end":{"line":8,"column":21}},"7":{"start":{"line":9,"column":8},"end":{"line":9,"column":20}},"8":{"start":{"line":10,"column":8},"end":{"line":10,"column":17}},"9":{"start":{"line":13,"column":0},"end":{"line":13,"column":40}},"10":{"start":{"line":14,"column":0},"end":{"line":14,"column":51}}},"fnMap":{"0":{"name":"(anonymous_0)","decl":{"start":{"line":4,"column":23},"end":{"line":4,"column":24}},"loc":{"start":{"line":4,"column":84},"end":{"line":12,"column":1}},"line":4},"1":{"name":"xorShift32","decl":{"start":{"line":6,"column":20},"end":{"line":6,"column":30}},"loc":{"start":{"line":6,"column":33},"end":{"line":11,"column":5}},"line":6}},"branchMap":{"0":{"loc":{"start":{"line":4,"column":24},"end":{"line":4,"column":79}},"type":"default-arg","locations":[{"start":{"line":4,"column":31},"end":{"line":4,"column":79}}],"line":4}},"s":{"0":1,"1":1,"2":1,"3":1,"4":1,"5":100,"6":100,"7":100,"8":100,"9":1,"10":1},"f":{"0":1,"1":100},"b":{"0":[1]},"_coverageSchema":"1a1c01bbd47fc00a2c39e90264f33305004495a9","hash":"e26aa82e3aa60dbf427f9af4f13d8e905f547b1a"}
}
