{"/home/runner/work/thingies/thingies/src/Cache.ts": {"path":"/home/runner/work/thingies/thingies/src/Cache.ts","statementMap":{"0":{"start":{"line":2,"column":0},"end":{"line":2,"column":62}},"1":{"start":{"line":3,"column":0},"end":{"line":3,"column":23}},"2":{"start":{"line":4,"column":16},"end":{"line":4,"column":32}},"3":{"start":{"line":5,"column":13},"end":{"line":5,"column":22}},"4":{"start":{"line":8,"column":8},"end":{"line":8,"column":29}},"5":{"start":{"line":9,"column":8},"end":{"line":9,"column":25}},"6":{"start":{"line":10,"column":8},"end":{"line":10,"column":34}},"7":{"start":{"line":11,"column":8},"end":{"line":11,"column":30}},"8":{"start":{"line":12,"column":8},"end":{"line":12,"column":33}},"9":{"start":{"line":13,"column":8},"end":{"line":13,"column":25}},"10":{"start":{"line":14,"column":8},"end":{"line":14,"column":29}},"11":{"start":{"line":15,"column":8},"end":{"line":25,"column":10}},"12":{"start":{"line":16,"column":24},"end":{"line":16,"column":34}},"13":{"start":{"line":17,"column":12},"end":{"line":23,"column":13}},"14":{"start":{"line":18,"column":30},"end":{"line":18,"column":47}},"15":{"start":{"line":19,"column":16},"end":{"line":22,"column":17}},"16":{"start":{"line":20,"column":20},"end":{"line":20,"column":41}},"17":{"start":{"line":21,"column":20},"end":{"line":21,"column":35}},"18":{"start":{"line":24,"column":12},"end":{"line":24,"column":30}},"19":{"start":{"line":26,"column":8},"end":{"line":28,"column":10}},"20":{"start":{"line":27,"column":12},"end":{"line":27,"column":37}},"21":{"start":{"line":31,"column":22},"end":{"line":34,"column":9}},"22":{"start":{"line":35,"column":8},"end":{"line":41,"column":9}},"23":{"start":{"line":36,"column":12},"end":{"line":36,"column":37}},"24":{"start":{"line":39,"column":12},"end":{"line":39,"column":37}},"25":{"start":{"line":40,"column":12},"end":{"line":40,"column":27}},"26":{"start":{"line":42,"column":8},"end":{"line":50,"column":9}},"27":{"start":{"line":43,"column":12},"end":{"line":49,"column":13}},"28":{"start":{"line":44,"column":16},"end":{"line":48,"column":17}},"29":{"start":{"line":45,"column":20},"end":{"line":45,"column":50}},"30":{"start":{"line":46,"column":20},"end":{"line":46,"column":35}},"31":{"start":{"line":47,"column":20},"end":{"line":47,"column":26}},"32":{"start":{"line":53,"column":8},"end":{"line":57,"column":11}},"33":{"start":{"line":54,"column":26},"end":{"line":54,"column":48}},"34":{"start":{"line":55,"column":12},"end":{"line":55,"column":33}},"35":{"start":{"line":56,"column":12},"end":{"line":56,"column":25}},"36":{"start":{"line":60,"column":8},"end":{"line":80,"column":11}},"37":{"start":{"line":61,"column":26},"end":{"line":61,"column":43}},"38":{"start":{"line":62,"column":12},"end":{"line":79,"column":13}},"39":{"start":{"line":63,"column":28},"end":{"line":63,"column":38}},"40":{"start":{"line":64,"column":16},"end":{"line":75,"column":17}},"41":{"start":{"line":65,"column":20},"end":{"line":65,"column":39}},"42":{"start":{"line":67,"column":21},"end":{"line":75,"column":17}},"43":{"start":{"line":68,"column":20},"end":{"line":68,"column":56}},"44":{"start":{"line":69,"column":20},"end":{"line":69,"column":39}},"45":{"start":{"line":72,"column":20},"end":{"line":72,"column":41}},"46":{"start":{"line":73,"column":20},"end":{"line":73,"column":35}},"47":{"start":{"line":74,"column":20},"end":{"line":74,"column":57}},"48":{"start":{"line":78,"column":16},"end":{"line":78,"column":53}},"49":{"start":{"line":83,"column":22},"end":{"line":83,"column":39}},"50":{"start":{"line":84,"column":8},"end":{"line":85,"column":24}},"51":{"start":{"line":85,"column":12},"end":{"line":85,"column":24}},"52":{"start":{"line":86,"column":20},"end":{"line":86,"column":30}},"53":{"start":{"line":87,"column":8},"end":{"line":93,"column":9}},"54":{"start":{"line":88,"column":12},"end":{"line":88,"column":31}},"55":{"start":{"line":90,"column":13},"end":{"line":93,"column":9}},"56":{"start":{"line":91,"column":12},"end":{"line":91,"column":48}},"57":{"start":{"line":92,"column":12},"end":{"line":92,"column":31}},"58":{"start":{"line":94,"column":8},"end":{"line":94,"column":20}},"59":{"start":{"line":97,"column":22},"end":{"line":97,"column":39}},"60":{"start":{"line":98,"column":8},"end":{"line":99,"column":25}},"61":{"start":{"line":99,"column":12},"end":{"line":99,"column":25}},"62":{"start":{"line":100,"column":20},"end":{"line":100,"column":30}},"63":{"start":{"line":101,"column":8},"end":{"line":101,"column":50}},"64":{"start":{"line":104,"column":8},"end":{"line":104,"column":59}},"65":{"start":{"line":105,"column":8},"end":{"line":105,"column":27}},"66":{"start":{"line":108,"column":8},"end":{"line":108,"column":26}},"67":{"start":{"line":111,"column":22},"end":{"line":111,"column":39}},"68":{"start":{"line":112,"column":8},"end":{"line":113,"column":25}},"69":{"start":{"line":113,"column":12},"end":{"line":113,"column":25}},"70":{"start":{"line":114,"column":8},"end":{"line":114,"column":26}},"71":{"start":{"line":115,"column":8},"end":{"line":115,"column":20}},"72":{"start":{"line":118,"column":24},"end":{"line":118,"column":44}},"73":{"start":{"line":119,"column":8},"end":{"line":120,"column":27}},"74":{"start":{"line":120,"column":12},"end":{"line":120,"column":27}},"75":{"start":{"line":121,"column":8},"end":{"line":121,"column":23}},"76":{"start":{"line":124,"column":0},"end":{"line":124,"column":22}}},"fnMap":{"0":{"name":"(anonymous_0)","decl":{"start":{"line":5,"column":13},"end":{"line":5,"column":14}},"loc":{"start":{"line":5,"column":19},"end":{"line":5,"column":22}},"line":5},"1":{"name":"(anonymous_1)","decl":{"start":{"line":7,"column":4},"end":{"line":7,"column":5}},"loc":{"start":{"line":7,"column":31},"end":{"line":29,"column":5}},"line":7},"2":{"name":"(anonymous_2)","decl":{"start":{"line":15,"column":21},"end":{"line":15,"column":22}},"loc":{"start":{"line":15,"column":27},"end":{"line":25,"column":9}},"line":15},"3":{"name":"(anonymous_3)","decl":{"start":{"line":26,"column":22},"end":{"line":26,"column":23}},"loc":{"start":{"line":26,"column":28},"end":{"line":28,"column":9}},"line":26},"4":{"name":"(anonymous_4)","decl":{"start":{"line":30,"column":4},"end":{"line":30,"column":5}},"loc":{"start":{"line":30,"column":20},"end":{"line":51,"column":5}},"line":30},"5":{"name":"(anonymous_5)","decl":{"start":{"line":52,"column":4},"end":{"line":52,"column":5}},"loc":{"start":{"line":52,"column":23},"end":{"line":58,"column":5}},"line":52},"6":{"name":"(anonymous_6)","decl":{"start":{"line":53,"column":55},"end":{"line":53,"column":56}},"loc":{"start":{"line":53,"column":68},"end":{"line":57,"column":9}},"line":53},"7":{"name":"(anonymous_7)","decl":{"start":{"line":59,"column":4},"end":{"line":59,"column":5}},"loc":{"start":{"line":59,"column":13},"end":{"line":81,"column":5}},"line":59},"8":{"name":"(anonymous_8)","decl":{"start":{"line":60,"column":55},"end":{"line":60,"column":56}},"loc":{"start":{"line":60,"column":68},"end":{"line":80,"column":9}},"line":60},"9":{"name":"(anonymous_9)","decl":{"start":{"line":82,"column":4},"end":{"line":82,"column":5}},"loc":{"start":{"line":82,"column":17},"end":{"line":95,"column":5}},"line":82},"10":{"name":"(anonymous_10)","decl":{"start":{"line":96,"column":4},"end":{"line":96,"column":5}},"loc":{"start":{"line":96,"column":16},"end":{"line":102,"column":5}},"line":96},"11":{"name":"(anonymous_11)","decl":{"start":{"line":103,"column":4},"end":{"line":103,"column":5}},"loc":{"start":{"line":103,"column":17},"end":{"line":106,"column":5}},"line":103},"12":{"name":"(anonymous_12)","decl":{"start":{"line":107,"column":4},"end":{"line":107,"column":5}},"loc":{"start":{"line":107,"column":14},"end":{"line":109,"column":5}},"line":107},"13":{"name":"(anonymous_13)","decl":{"start":{"line":110,"column":4},"end":{"line":110,"column":5}},"loc":{"start":{"line":110,"column":29},"end":{"line":116,"column":5}},"line":110},"14":{"name":"(anonymous_14)","decl":{"start":{"line":117,"column":4},"end":{"line":117,"column":5}},"loc":{"start":{"line":117,"column":16},"end":{"line":122,"column":5}},"line":117}},"branchMap":{"0":{"loc":{"start":{"line":7,"column":16},"end":{"line":7,"column":29}},"type":"default-arg","locations":[{"start":{"line":7,"column":25},"end":{"line":7,"column":29}}],"line":7},"1":{"loc":{"start":{"line":19,"column":16},"end":{"line":22,"column":17}},"type":"if","locations":[{"start":{"line":19,"column":16},"end":{"line":22,"column":17}},{"start":{},"end":{}}],"line":19},"2":{"loc":{"start":{"line":19,"column":20},"end":{"line":19,"column":63}},"type":"binary-expr","locations":[{"start":{"line":19,"column":20},"end":{"line":19,"column":25}},{"start":{"line":19,"column":29},"end":{"line":19,"column":63}}],"line":19},"3":{"loc":{"start":{"line":35,"column":8},"end":{"line":41,"column":9}},"type":"if","locations":[{"start":{"line":35,"column":8},"end":{"line":41,"column":9}},{"start":{"line":38,"column":13},"end":{"line":41,"column":9}}],"line":35},"4":{"loc":{"start":{"line":42,"column":8},"end":{"line":50,"column":9}},"type":"if","locations":[{"start":{"line":42,"column":8},"end":{"line":50,"column":9}},{"start":{},"end":{}}],"line":42},"5":{"loc":{"start":{"line":44,"column":16},"end":{"line":48,"column":17}},"type":"if","locations":[{"start":{"line":44,"column":16},"end":{"line":48,"column":17}},{"start":{},"end":{}}],"line":44},"6":{"loc":{"start":{"line":62,"column":12},"end":{"line":79,"column":13}},"type":"if","locations":[{"start":{"line":62,"column":12},"end":{"line":79,"column":13}},{"start":{"line":77,"column":17},"end":{"line":79,"column":13}}],"line":62},"7":{"loc":{"start":{"line":64,"column":16},"end":{"line":75,"column":17}},"type":"if","locations":[{"start":{"line":64,"column":16},"end":{"line":75,"column":17}},{"start":{"line":67,"column":21},"end":{"line":75,"column":17}}],"line":64},"8":{"loc":{"start":{"line":67,"column":21},"end":{"line":75,"column":17}},"type":"if","locations":[{"start":{"line":67,"column":21},"end":{"line":75,"column":17}},{"start":{"line":71,"column":21},"end":{"line":75,"column":17}}],"line":67},"9":{"loc":{"start":{"line":84,"column":8},"end":{"line":85,"column":24}},"type":"if","locations":[{"start":{"line":84,"column":8},"end":{"line":85,"column":24}},{"start":{},"end":{}}],"line":84},"10":{"loc":{"start":{"line":87,"column":8},"end":{"line":93,"column":9}},"type":"if","locations":[{"start":{"line":87,"column":8},"end":{"line":93,"column":9}},{"start":{"line":90,"column":13},"end":{"line":93,"column":9}}],"line":87},"11":{"loc":{"start":{"line":90,"column":13},"end":{"line":93,"column":9}},"type":"if","locations":[{"start":{"line":90,"column":13},"end":{"line":93,"column":9}},{"start":{},"end":{}}],"line":90},"12":{"loc":{"start":{"line":98,"column":8},"end":{"line":99,"column":25}},"type":"if","locations":[{"start":{"line":98,"column":8},"end":{"line":99,"column":25}},{"start":{},"end":{}}],"line":98},"13":{"loc":{"start":{"line":110,"column":16},"end":{"line":110,"column":27}},"type":"default-arg","locations":[{"start":{"line":110,"column":26},"end":{"line":110,"column":27}}],"line":110},"14":{"loc":{"start":{"line":112,"column":8},"end":{"line":113,"column":25}},"type":"if","locations":[{"start":{"line":112,"column":8},"end":{"line":113,"column":25}},{"start":{},"end":{}}],"line":112},"15":{"loc":{"start":{"line":119,"column":8},"end":{"line":120,"column":27}},"type":"if","locations":[{"start":{"line":119,"column":8},"end":{"line":120,"column":27}},{"start":{},"end":{}}],"line":119}},"s":{"0":1,"1":1,"2":1,"3":1,"4":6,"5":6,"6":6,"7":6,"8":6,"9":6,"10":6,"11":6,"12":0,"13":0,"14":0,"15":0,"16":0,"17":0,"18":0,"19":6,"20":0,"21":8,"22":8,"23":1,"24":7,"25":7,"26":8,"27":0,"28":0,"29":0,"30":0,"31":0,"32":8,"33":8,"34":8,"35":8,"36":15,"37":15,"38":15,"39":9,"40":9,"41":7,"42":2,"43":1,"44":1,"45":1,"46":1,"47":1,"48":6,"49":0,"50":0,"51":0,"52":0,"53":0,"54":0,"55":0,"56":0,"57":0,"58":0,"59":0,"60":0,"61":0,"62":0,"63":0,"64":0,"65":0,"66":0,"67":1,"68":1,"69":0,"70":1,"71":1,"72":0,"73":0,"74":0,"75":0,"76":1},"f":{"0":0,"1":6,"2":0,"3":0,"4":8,"5":8,"6":8,"7":15,"8":15,"9":0,"10":0,"11":0,"12":0,"13":1,"14":0},"b":{"0":[6],"1":[0,0],"2":[0,0],"3":[1,7],"4":[0,8],"5":[0,0],"6":[9,6],"7":[7,2],"8":[1,1],"9":[0,0],"10":[0,0],"11":[0,0],"12":[0,0],"13":[1],"14":[0,1],"15":[0,0]},"_coverageSchema":"1a1c01bbd47fc00a2c39e90264f33305004495a9","hash":"f9864664d86120fe815225c8295235086ee1b26a"}
,"/home/runner/work/thingies/thingies/src/Defer.ts": {"path":"/home/runner/work/thingies/thingies/src/Defer.ts","statementMap":{"0":{"start":{"line":2,"column":0},"end":{"line":2,"column":62}},"1":{"start":{"line":3,"column":0},"end":{"line":3,"column":23}},"2":{"start":{"line":18,"column":8},"end":{"line":21,"column":11}},"3":{"start":{"line":19,"column":12},"end":{"line":19,"column":35}},"4":{"start":{"line":20,"column":12},"end":{"line":20,"column":33}},"5":{"start":{"line":24,"column":0},"end":{"line":24,"column":22}}},"fnMap":{"0":{"name":"(anonymous_0)","decl":{"start":{"line":17,"column":4},"end":{"line":17,"column":5}},"loc":{"start":{"line":17,"column":18},"end":{"line":22,"column":5}},"line":17},"1":{"name":"(anonymous_1)","decl":{"start":{"line":18,"column":35},"end":{"line":18,"column":36}},"loc":{"start":{"line":18,"column":56},"end":{"line":21,"column":9}},"line":18}},"branchMap":{},"s":{"0":1,"1":1,"2":5,"3":5,"4":5,"5":1},"f":{"0":5,"1":5},"b":{},"_coverageSchema":"1a1c01bbd47fc00a2c39e90264f33305004495a9","hash":"f67a8832d962c02cd09f3fdb7b628fb84d1b964f"}
,"/home/runner/work/thingies/thingies/src/Locks.ts": {"path":"/home/runner/work/thingies/thingies/src/Locks.ts","statementMap":{"0":{"start":{"line":2,"column":0},"end":{"line":2,"column":62}},"1":{"start":{"line":3,"column":0},"end":{"line":3,"column":23}},"2":{"start":{"line":4,"column":16},"end":{"line":4,"column":32}},"3":{"start":{"line":5,"column":21},"end":{"line":5,"column":129}},"4":{"start":{"line":24,"column":8},"end":{"line":24,"column":27}},"5":{"start":{"line":25,"column":8},"end":{"line":25,"column":23}},"6":{"start":{"line":26,"column":8},"end":{"line":26,"column":23}},"7":{"start":{"line":29,"column":8},"end":{"line":30,"column":19}},"8":{"start":{"line":30,"column":12},"end":{"line":30,"column":19}},"9":{"start":{"line":31,"column":20},"end":{"line":31,"column":33}},"10":{"start":{"line":32,"column":26},"end":{"line":32,"column":41}},"11":{"start":{"line":33,"column":20},"end":{"line":33,"column":30}},"12":{"start":{"line":34,"column":25},"end":{"line":34,"column":81}},"13":{"start":{"line":35,"column":8},"end":{"line":36,"column":19}},"14":{"start":{"line":36,"column":12},"end":{"line":36,"column":19}},"15":{"start":{"line":37,"column":29},"end":{"line":37,"column":52}},"16":{"start":{"line":38,"column":8},"end":{"line":38,"column":39}},"17":{"start":{"line":39,"column":23},"end":{"line":42,"column":9}},"18":{"start":{"line":40,"column":12},"end":{"line":41,"column":39}},"19":{"start":{"line":41,"column":16},"end":{"line":41,"column":39}},"20":{"start":{"line":43,"column":8},"end":{"line":43,"column":22}},"21":{"start":{"line":46,"column":20},"end":{"line":46,"column":33}},"22":{"start":{"line":47,"column":26},"end":{"line":47,"column":41}},"23":{"start":{"line":48,"column":8},"end":{"line":49,"column":25}},"24":{"start":{"line":49,"column":12},"end":{"line":49,"column":25}},"25":{"start":{"line":50,"column":20},"end":{"line":50,"column":30}},"26":{"start":{"line":51,"column":29},"end":{"line":51,"column":52}},"27":{"start":{"line":52,"column":8},"end":{"line":52,"column":34}},"28":{"start":{"line":55,"column":8},"end":{"line":72,"column":11}},"29":{"start":{"line":55,"column":23},"end":{"line":72,"column":10}},"30":{"start":{"line":56,"column":28},"end":{"line":56,"column":50}},"31":{"start":{"line":58,"column":12},"end":{"line":65,"column":13}},"32":{"start":{"line":59,"column":16},"end":{"line":59,"column":46}},"33":{"start":{"line":60,"column":16},"end":{"line":61,"column":26}},"34":{"start":{"line":61,"column":20},"end":{"line":61,"column":26}},"35":{"start":{"line":62,"column":16},"end":{"line":62,"column":65}},"36":{"start":{"line":62,"column":41},"end":{"line":62,"column":63}},"37":{"start":{"line":63,"column":16},"end":{"line":64,"column":52}},"38":{"start":{"line":64,"column":20},"end":{"line":64,"column":52}},"39":{"start":{"line":66,"column":12},"end":{"line":71,"column":13}},"40":{"start":{"line":67,"column":16},"end":{"line":67,"column":34}},"41":{"start":{"line":70,"column":16},"end":{"line":70,"column":25}},"42":{"start":{"line":75,"column":0},"end":{"line":75,"column":22}},"43":{"start":{"line":76,"column":0},"end":{"line":80,"column":2}},"44":{"start":{"line":77,"column":4},"end":{"line":78,"column":29}},"45":{"start":{"line":78,"column":8},"end":{"line":78,"column":29}},"46":{"start":{"line":79,"column":4},"end":{"line":79,"column":18}}},"fnMap":{"0":{"name":"(anonymous_0)","decl":{"start":{"line":23,"column":4},"end":{"line":23,"column":5}},"loc":{"start":{"line":23,"column":75},"end":{"line":27,"column":5}},"line":23},"1":{"name":"(anonymous_1)","decl":{"start":{"line":28,"column":4},"end":{"line":28,"column":5}},"loc":{"start":{"line":28,"column":27},"end":{"line":44,"column":5}},"line":28},"2":{"name":"(anonymous_2)","decl":{"start":{"line":39,"column":23},"end":{"line":39,"column":24}},"loc":{"start":{"line":39,"column":29},"end":{"line":42,"column":9}},"line":39},"3":{"name":"(anonymous_3)","decl":{"start":{"line":45,"column":4},"end":{"line":45,"column":5}},"loc":{"start":{"line":45,"column":17},"end":{"line":53,"column":5}},"line":45},"4":{"name":"(anonymous_4)","decl":{"start":{"line":54,"column":4},"end":{"line":54,"column":5}},"loc":{"start":{"line":54,"column":53},"end":{"line":73,"column":5}},"line":54},"5":{"name":"(anonymous_5)","decl":{"start":{"line":55,"column":15},"end":{"line":55,"column":16}},"loc":{"start":{"line":55,"column":23},"end":{"line":72,"column":10}},"line":55},"6":{"name":"(anonymous_6)","decl":{"start":{"line":55,"column":63},"end":{"line":55,"column":64}},"loc":{"start":{"line":55,"column":76},"end":{"line":72,"column":9}},"line":55},"7":{"name":"(anonymous_7)","decl":{"start":{"line":62,"column":34},"end":{"line":62,"column":35}},"loc":{"start":{"line":62,"column":41},"end":{"line":62,"column":63}},"line":62},"8":{"name":"(anonymous_8)","decl":{"start":{"line":76,"column":12},"end":{"line":76,"column":13}},"loc":{"start":{"line":76,"column":18},"end":{"line":80,"column":1}},"line":76}},"branchMap":{"0":{"loc":{"start":{"line":5,"column":21},"end":{"line":5,"column":129}},"type":"cond-expr","locations":[{"start":{"line":5,"column":103},"end":{"line":5,"column":122}},{"start":{"line":5,"column":125},"end":{"line":5,"column":129}}],"line":5},"1":{"loc":{"start":{"line":5,"column":21},"end":{"line":5,"column":100}},"type":"binary-expr","locations":[{"start":{"line":5,"column":21},"end":{"line":5,"column":47}},{"start":{"line":5,"column":51},"end":{"line":5,"column":57}},{"start":{"line":5,"column":61},"end":{"line":5,"column":100}}],"line":5},"2":{"loc":{"start":{"line":23,"column":16},"end":{"line":23,"column":42}},"type":"default-arg","locations":[{"start":{"line":23,"column":24},"end":{"line":23,"column":42}}],"line":23},"3":{"loc":{"start":{"line":23,"column":24},"end":{"line":23,"column":42}},"type":"binary-expr","locations":[{"start":{"line":23,"column":24},"end":{"line":23,"column":36}},{"start":{"line":23,"column":40},"end":{"line":23,"column":42}}],"line":23},"4":{"loc":{"start":{"line":23,"column":44},"end":{"line":23,"column":58}},"type":"default-arg","locations":[{"start":{"line":23,"column":50},"end":{"line":23,"column":58}}],"line":23},"5":{"loc":{"start":{"line":23,"column":60},"end":{"line":23,"column":73}},"type":"default-arg","locations":[{"start":{"line":23,"column":66},"end":{"line":23,"column":73}}],"line":23},"6":{"loc":{"start":{"line":28,"column":16},"end":{"line":28,"column":25}},"type":"default-arg","locations":[{"start":{"line":28,"column":21},"end":{"line":28,"column":25}}],"line":28},"7":{"loc":{"start":{"line":29,"column":8},"end":{"line":30,"column":19}},"type":"if","locations":[{"start":{"line":29,"column":8},"end":{"line":30,"column":19}},{"start":{},"end":{}}],"line":29},"8":{"loc":{"start":{"line":34,"column":25},"end":{"line":34,"column":81}},"type":"binary-expr","locations":[{"start":{"line":34,"column":25},"end":{"line":34,"column":48}},{"start":{"line":34,"column":52},"end":{"line":34,"column":81}}],"line":34},"9":{"loc":{"start":{"line":35,"column":8},"end":{"line":36,"column":19}},"type":"if","locations":[{"start":{"line":35,"column":8},"end":{"line":36,"column":19}},{"start":{},"end":{}}],"line":35},"10":{"loc":{"start":{"line":40,"column":12},"end":{"line":41,"column":39}},"type":"if","locations":[{"start":{"line":40,"column":12},"end":{"line":41,"column":39}},{"start":{},"end":{}}],"line":40},"11":{"loc":{"start":{"line":48,"column":8},"end":{"line":49,"column":25}},"type":"if","locations":[{"start":{"line":48,"column":8},"end":{"line":49,"column":25}},{"start":{},"end":{}}],"line":48},"12":{"loc":{"start":{"line":54,"column":17},"end":{"line":54,"column":37}},"type":"default-arg","locations":[{"start":{"line":54,"column":29},"end":{"line":54,"column":37}}],"line":54},"13":{"loc":{"start":{"line":54,"column":39},"end":{"line":54,"column":51}},"type":"default-arg","locations":[{"start":{"line":54,"column":49},"end":{"line":54,"column":51}}],"line":54},"14":{"loc":{"start":{"line":60,"column":16},"end":{"line":61,"column":26}},"type":"if","locations":[{"start":{"line":60,"column":16},"end":{"line":61,"column":26}},{"start":{},"end":{}}],"line":60},"15":{"loc":{"start":{"line":63,"column":16},"end":{"line":64,"column":52}},"type":"if","locations":[{"start":{"line":63,"column":16},"end":{"line":64,"column":52}},{"start":{},"end":{}}],"line":63},"16":{"loc":{"start":{"line":77,"column":4},"end":{"line":78,"column":29}},"type":"if","locations":[{"start":{"line":77,"column":4},"end":{"line":78,"column":29}},{"start":{},"end":{}}],"line":77}},"s":{"0":1,"1":1,"2":1,"3":1,"4":9,"5":9,"6":9,"7":33,"8":0,"9":33,"10":33,"11":33,"12":33,"13":33,"14":17,"15":16,"16":16,"17":16,"18":12,"19":11,"20":16,"21":7,"22":7,"23":7,"24":1,"25":6,"26":6,"27":6,"28":9,"29":9,"30":9,"31":9,"32":20,"33":20,"34":8,"35":12,"36":12,"37":12,"38":1,"39":8,"40":8,"41":8,"42":1,"43":1,"44":0,"45":0,"46":0},"f":{"0":9,"1":33,"2":12,"3":7,"4":9,"5":9,"6":9,"7":12,"8":0},"b":{"0":[0,1],"1":[1,0,0],"2":[0],"3":[0,0],"4":[9],"5":[9],"6":[11],"7":[0,33],"8":[33,18],"9":[17,16],"10":[11,1],"11":[1,6],"12":[4],"13":[9],"14":[8,12],"15":[1,11],"16":[0,0]},"_coverageSchema":"1a1c01bbd47fc00a2c39e90264f33305004495a9","hash":"9979c1c03f0b8eaa08fd8677790fff7d56003c4c"}
,"/home/runner/work/thingies/thingies/src/LruMap.ts": {"path":"/home/runner/work/thingies/thingies/src/LruMap.ts","statementMap":{"0":{"start":{"line":2,"column":0},"end":{"line":2,"column":62}},"1":{"start":{"line":3,"column":0},"end":{"line":3,"column":24}},"2":{"start":{"line":6,"column":8},"end":{"line":6,"column":16}},"3":{"start":{"line":7,"column":8},"end":{"line":7,"column":27}},"4":{"start":{"line":10,"column":8},"end":{"line":10,"column":30}},"5":{"start":{"line":11,"column":8},"end":{"line":12,"column":51}},"6":{"start":{"line":12,"column":12},"end":{"line":12,"column":51}},"7":{"start":{"line":13,"column":8},"end":{"line":13,"column":20}},"8":{"start":{"line":16,"column":8},"end":{"line":17,"column":29}},"9":{"start":{"line":17,"column":12},"end":{"line":17,"column":29}},"10":{"start":{"line":18,"column":22},"end":{"line":18,"column":36}},"11":{"start":{"line":19,"column":8},"end":{"line":19,"column":26}},"12":{"start":{"line":20,"column":8},"end":{"line":20,"column":30}},"13":{"start":{"line":21,"column":8},"end":{"line":21,"column":21}},"14":{"start":{"line":24,"column":0},"end":{"line":24,"column":24}}},"fnMap":{"0":{"name":"(anonymous_0)","decl":{"start":{"line":5,"column":4},"end":{"line":5,"column":5}},"loc":{"start":{"line":5,"column":34},"end":{"line":8,"column":5}},"line":5},"1":{"name":"(anonymous_1)","decl":{"start":{"line":9,"column":4},"end":{"line":9,"column":5}},"loc":{"start":{"line":9,"column":20},"end":{"line":14,"column":5}},"line":9},"2":{"name":"(anonymous_2)","decl":{"start":{"line":15,"column":4},"end":{"line":15,"column":5}},"loc":{"start":{"line":15,"column":13},"end":{"line":22,"column":5}},"line":15}},"branchMap":{"0":{"loc":{"start":{"line":5,"column":16},"end":{"line":5,"column":32}},"type":"default-arg","locations":[{"start":{"line":5,"column":24},"end":{"line":5,"column":32}}],"line":5},"1":{"loc":{"start":{"line":11,"column":8},"end":{"line":12,"column":51}},"type":"if","locations":[{"start":{"line":11,"column":8},"end":{"line":12,"column":51}},{"start":{},"end":{}}],"line":11},"2":{"loc":{"start":{"line":16,"column":8},"end":{"line":17,"column":29}},"type":"if","locations":[{"start":{"line":16,"column":8},"end":{"line":17,"column":29}},{"start":{},"end":{}}],"line":16}},"s":{"0":2,"1":2,"2":15,"3":15,"4":79,"5":79,"6":15,"7":79,"8":43,"9":6,"10":37,"11":37,"12":37,"13":37,"14":2},"f":{"0":15,"1":79,"2":43},"b":{"0":[0],"1":[15,64],"2":[6,37]},"_coverageSchema":"1a1c01bbd47fc00a2c39e90264f33305004495a9","hash":"188896e6dbf9e307f9cffc43863cf1628148d84e"}
,"/home/runner/work/thingies/thingies/src/LruTtlMap.ts": {"path":"/home/runner/work/thingies/thingies/src/LruTtlMap.ts","statementMap":{"0":{"start":{"line":2,"column":0},"end":{"line":2,"column":62}},"1":{"start":{"line":3,"column":0},"end":{"line":3,"column":27}},"2":{"start":{"line":4,"column":17},"end":{"line":4,"column":36}},"3":{"start":{"line":7,"column":8},"end":{"line":7,"column":28}},"4":{"start":{"line":8,"column":8},"end":{"line":8,"column":32}},"5":{"start":{"line":11,"column":8},"end":{"line":11,"column":28}},"6":{"start":{"line":12,"column":8},"end":{"line":12,"column":22}},"7":{"start":{"line":15,"column":8},"end":{"line":15,"column":32}},"8":{"start":{"line":16,"column":8},"end":{"line":16,"column":33}},"9":{"start":{"line":19,"column":8},"end":{"line":20,"column":25}},"10":{"start":{"line":20,"column":12},"end":{"line":20,"column":25}},"11":{"start":{"line":21,"column":23},"end":{"line":21,"column":48}},"12":{"start":{"line":22,"column":24},"end":{"line":22,"column":36}},"13":{"start":{"line":23,"column":8},"end":{"line":24,"column":29}},"14":{"start":{"line":24,"column":12},"end":{"line":24,"column":29}},"15":{"start":{"line":25,"column":8},"end":{"line":25,"column":24}},"16":{"start":{"line":28,"column":8},"end":{"line":29,"column":29}},"17":{"start":{"line":29,"column":12},"end":{"line":29,"column":29}},"18":{"start":{"line":30,"column":22},"end":{"line":30,"column":36}},"19":{"start":{"line":31,"column":8},"end":{"line":31,"column":30}},"20":{"start":{"line":32,"column":8},"end":{"line":32,"column":21}},"21":{"start":{"line":35,"column":8},"end":{"line":35,"column":30}},"22":{"start":{"line":36,"column":8},"end":{"line":36,"column":37}},"23":{"start":{"line":37,"column":8},"end":{"line":37,"column":20}},"24":{"start":{"line":40,"column":0},"end":{"line":40,"column":30}}},"fnMap":{"0":{"name":"(anonymous_0)","decl":{"start":{"line":6,"column":4},"end":{"line":6,"column":5}},"loc":{"start":{"line":6,"column":18},"end":{"line":9,"column":5}},"line":6},"1":{"name":"(anonymous_1)","decl":{"start":{"line":10,"column":4},"end":{"line":10,"column":5}},"loc":{"start":{"line":10,"column":12},"end":{"line":13,"column":5}},"line":10},"2":{"name":"(anonymous_2)","decl":{"start":{"line":14,"column":4},"end":{"line":14,"column":5}},"loc":{"start":{"line":14,"column":16},"end":{"line":17,"column":5}},"line":14},"3":{"name":"(anonymous_3)","decl":{"start":{"line":18,"column":4},"end":{"line":18,"column":5}},"loc":{"start":{"line":18,"column":22},"end":{"line":26,"column":5}},"line":18},"4":{"name":"(anonymous_4)","decl":{"start":{"line":27,"column":4},"end":{"line":27,"column":5}},"loc":{"start":{"line":27,"column":18},"end":{"line":33,"column":5}},"line":27},"5":{"name":"(anonymous_5)","decl":{"start":{"line":34,"column":4},"end":{"line":34,"column":5}},"loc":{"start":{"line":34,"column":39},"end":{"line":38,"column":5}},"line":34}},"branchMap":{"0":{"loc":{"start":{"line":18,"column":13},"end":{"line":18,"column":20}},"type":"default-arg","locations":[{"start":{"line":18,"column":19},"end":{"line":18,"column":20}}],"line":18},"1":{"loc":{"start":{"line":19,"column":8},"end":{"line":20,"column":25}},"type":"if","locations":[{"start":{"line":19,"column":8},"end":{"line":20,"column":25}},{"start":{},"end":{}}],"line":19},"2":{"loc":{"start":{"line":21,"column":23},"end":{"line":21,"column":48}},"type":"binary-expr","locations":[{"start":{"line":21,"column":23},"end":{"line":21,"column":43}},{"start":{"line":21,"column":47},"end":{"line":21,"column":48}}],"line":21},"3":{"loc":{"start":{"line":23,"column":8},"end":{"line":24,"column":29}},"type":"if","locations":[{"start":{"line":23,"column":8},"end":{"line":24,"column":29}},{"start":{},"end":{}}],"line":23},"4":{"loc":{"start":{"line":28,"column":8},"end":{"line":29,"column":29}},"type":"if","locations":[{"start":{"line":28,"column":8},"end":{"line":29,"column":29}},{"start":{},"end":{}}],"line":28},"5":{"loc":{"start":{"line":34,"column":20},"end":{"line":34,"column":37}},"type":"default-arg","locations":[{"start":{"line":34,"column":29},"end":{"line":34,"column":37}}],"line":34}},"s":{"0":1,"1":1,"2":1,"3":9,"4":9,"5":1,"6":1,"7":11,"8":11,"9":31,"10":6,"11":25,"12":25,"13":25,"14":2,"15":25,"16":31,"17":8,"18":23,"19":23,"20":23,"21":33,"22":33,"23":33,"24":1},"f":{"0":9,"1":1,"2":11,"3":31,"4":31,"5":33},"b":{"0":[23],"1":[6,25],"2":[25,0],"3":[2,23],"4":[8,23],"5":[30]},"_coverageSchema":"1a1c01bbd47fc00a2c39e90264f33305004495a9","hash":"eb4cbfaedde9c2a99e0036203d039713eefa6fe3"}
,"/home/runner/work/thingies/thingies/src/TimedQueue.ts": {"path":"/home/runner/work/thingies/thingies/src/TimedQueue.ts","statementMap":{"0":{"start":{"line":2,"column":0},"end":{"line":2,"column":62}},"1":{"start":{"line":3,"column":0},"end":{"line":3,"column":28}},"2":{"start":{"line":13,"column":8},"end":{"line":13,"column":29}},"3":{"start":{"line":17,"column":8},"end":{"line":17,"column":30}},"4":{"start":{"line":21,"column":8},"end":{"line":21,"column":37}},"5":{"start":{"line":22,"column":8},"end":{"line":22,"column":23}},"6":{"start":{"line":23,"column":8},"end":{"line":23,"column":26}},"7":{"start":{"line":26,"column":8},"end":{"line":26,"column":29}},"8":{"start":{"line":27,"column":8},"end":{"line":30,"column":9}},"9":{"start":{"line":28,"column":12},"end":{"line":28,"column":25}},"10":{"start":{"line":29,"column":12},"end":{"line":29,"column":19}},"11":{"start":{"line":31,"column":8},"end":{"line":35,"column":9}},"12":{"start":{"line":32,"column":12},"end":{"line":34,"column":31}},"13":{"start":{"line":33,"column":16},"end":{"line":33,"column":29}},"14":{"start":{"line":38,"column":21},"end":{"line":38,"column":30}},"15":{"start":{"line":39,"column":8},"end":{"line":39,"column":23}},"16":{"start":{"line":40,"column":8},"end":{"line":41,"column":37}},"17":{"start":{"line":41,"column":12},"end":{"line":41,"column":37}},"18":{"start":{"line":42,"column":8},"end":{"line":42,"column":26}},"19":{"start":{"line":43,"column":8},"end":{"line":51,"column":9}},"20":{"start":{"line":44,"column":12},"end":{"line":50,"column":13}},"21":{"start":{"line":45,"column":16},"end":{"line":45,"column":35}},"22":{"start":{"line":49,"column":16},"end":{"line":49,"column":51}},"23":{"start":{"line":52,"column":8},"end":{"line":52,"column":20}},"24":{"start":{"line":55,"column":0},"end":{"line":55,"column":32}}},"fnMap":{"0":{"name":"(anonymous_0)","decl":{"start":{"line":9,"column":4},"end":{"line":9,"column":5}},"loc":{"start":{"line":9,"column":18},"end":{"line":24,"column":5}},"line":9},"1":{"name":"(anonymous_1)","decl":{"start":{"line":21,"column":23},"end":{"line":21,"column":24}},"loc":{"start":{"line":21,"column":33},"end":{"line":21,"column":36}},"line":21},"2":{"name":"(anonymous_2)","decl":{"start":{"line":25,"column":4},"end":{"line":25,"column":5}},"loc":{"start":{"line":25,"column":15},"end":{"line":36,"column":5}},"line":25},"3":{"name":"(anonymous_3)","decl":{"start":{"line":32,"column":36},"end":{"line":32,"column":37}},"loc":{"start":{"line":32,"column":42},"end":{"line":34,"column":13}},"line":32},"4":{"name":"(anonymous_4)","decl":{"start":{"line":37,"column":4},"end":{"line":37,"column":5}},"loc":{"start":{"line":37,"column":12},"end":{"line":53,"column":5}},"line":37}},"branchMap":{"0":{"loc":{"start":{"line":27,"column":8},"end":{"line":30,"column":9}},"type":"if","locations":[{"start":{"line":27,"column":8},"end":{"line":30,"column":9}},{"start":{},"end":{}}],"line":27},"1":{"loc":{"start":{"line":31,"column":8},"end":{"line":35,"column":9}},"type":"if","locations":[{"start":{"line":31,"column":8},"end":{"line":35,"column":9}},{"start":{},"end":{}}],"line":31},"2":{"loc":{"start":{"line":40,"column":8},"end":{"line":41,"column":37}},"type":"if","locations":[{"start":{"line":40,"column":8},"end":{"line":41,"column":37}},{"start":{},"end":{}}],"line":40},"3":{"loc":{"start":{"line":43,"column":8},"end":{"line":51,"column":9}},"type":"if","locations":[{"start":{"line":43,"column":8},"end":{"line":51,"column":9}},{"start":{},"end":{}}],"line":43}},"s":{"0":1,"1":1,"2":9,"3":9,"4":9,"5":9,"6":9,"7":24,"8":24,"9":3,"10":3,"11":21,"12":13,"13":5,"14":14,"15":14,"16":14,"17":13,"18":14,"19":14,"20":13,"21":13,"22":0,"23":14,"24":1},"f":{"0":9,"1":0,"2":24,"3":5,"4":14},"b":{"0":[3,21],"1":[13,8],"2":[13,1],"3":[13,1]},"_coverageSchema":"1a1c01bbd47fc00a2c39e90264f33305004495a9","hash":"5a881e2f34740bbef761c988c11a4ddac4995d86"}
,"/home/runner/work/thingies/thingies/src/TimedState.ts": {"path":"/home/runner/work/thingies/thingies/src/TimedState.ts","statementMap":{"0":{"start":{"line":2,"column":0},"end":{"line":2,"column":62}},"1":{"start":{"line":3,"column":0},"end":{"line":3,"column":28}},"2":{"start":{"line":10,"column":8},"end":{"line":10,"column":35}},"3":{"start":{"line":11,"column":8},"end":{"line":11,"column":31}},"4":{"start":{"line":15,"column":8},"end":{"line":15,"column":29}},"5":{"start":{"line":19,"column":8},"end":{"line":19,"column":30}},"6":{"start":{"line":23,"column":8},"end":{"line":23,"column":33}},"7":{"start":{"line":24,"column":8},"end":{"line":24,"column":24}},"8":{"start":{"line":25,"column":8},"end":{"line":25,"column":38}},"9":{"start":{"line":26,"column":8},"end":{"line":26,"column":26}},"10":{"start":{"line":29,"column":8},"end":{"line":29,"column":22}},"11":{"start":{"line":30,"column":8},"end":{"line":30,"column":52}},"12":{"start":{"line":31,"column":8},"end":{"line":34,"column":9}},"13":{"start":{"line":32,"column":12},"end":{"line":32,"column":25}},"14":{"start":{"line":33,"column":12},"end":{"line":33,"column":19}},"15":{"start":{"line":35,"column":8},"end":{"line":39,"column":9}},"16":{"start":{"line":36,"column":12},"end":{"line":38,"column":31}},"17":{"start":{"line":37,"column":16},"end":{"line":37,"column":29}},"18":{"start":{"line":42,"column":34},"end":{"line":42,"column":38}},"19":{"start":{"line":43,"column":8},"end":{"line":43,"column":38}},"20":{"start":{"line":44,"column":8},"end":{"line":44,"column":24}},"21":{"start":{"line":45,"column":8},"end":{"line":46,"column":37}},"22":{"start":{"line":46,"column":12},"end":{"line":46,"column":37}},"23":{"start":{"line":47,"column":8},"end":{"line":56,"column":9}},"24":{"start":{"line":48,"column":12},"end":{"line":48,"column":30}},"25":{"start":{"line":49,"column":12},"end":{"line":55,"column":13}},"26":{"start":{"line":50,"column":16},"end":{"line":50,"column":36}},"27":{"start":{"line":54,"column":16},"end":{"line":54,"column":51}},"28":{"start":{"line":57,"column":8},"end":{"line":57,"column":21}},"29":{"start":{"line":60,"column":0},"end":{"line":60,"column":32}}},"fnMap":{"0":{"name":"(anonymous_0)","decl":{"start":{"line":9,"column":4},"end":{"line":9,"column":5}},"loc":{"start":{"line":9,"column":36},"end":{"line":27,"column":5}},"line":9},"1":{"name":"(anonymous_1)","decl":{"start":{"line":23,"column":23},"end":{"line":23,"column":24}},"loc":{"start":{"line":23,"column":29},"end":{"line":23,"column":32}},"line":23},"2":{"name":"(anonymous_2)","decl":{"start":{"line":28,"column":4},"end":{"line":28,"column":5}},"loc":{"start":{"line":28,"column":15},"end":{"line":40,"column":5}},"line":28},"3":{"name":"(anonymous_3)","decl":{"start":{"line":36,"column":36},"end":{"line":36,"column":37}},"loc":{"start":{"line":36,"column":42},"end":{"line":38,"column":13}},"line":36},"4":{"name":"(anonymous_4)","decl":{"start":{"line":41,"column":4},"end":{"line":41,"column":5}},"loc":{"start":{"line":41,"column":12},"end":{"line":58,"column":5}},"line":41}},"branchMap":{"0":{"loc":{"start":{"line":31,"column":8},"end":{"line":34,"column":9}},"type":"if","locations":[{"start":{"line":31,"column":8},"end":{"line":34,"column":9}},{"start":{},"end":{}}],"line":31},"1":{"loc":{"start":{"line":35,"column":8},"end":{"line":39,"column":9}},"type":"if","locations":[{"start":{"line":35,"column":8},"end":{"line":39,"column":9}},{"start":{},"end":{}}],"line":35},"2":{"loc":{"start":{"line":45,"column":8},"end":{"line":46,"column":37}},"type":"if","locations":[{"start":{"line":45,"column":8},"end":{"line":46,"column":37}},{"start":{},"end":{}}],"line":45},"3":{"loc":{"start":{"line":47,"column":8},"end":{"line":56,"column":9}},"type":"if","locations":[{"start":{"line":47,"column":8},"end":{"line":56,"column":9}},{"start":{},"end":{}}],"line":47}},"s":{"0":1,"1":1,"2":10,"3":10,"4":10,"5":10,"6":10,"7":10,"8":10,"9":10,"10":26,"11":26,"12":26,"13":3,"14":3,"15":23,"16":14,"17":5,"18":15,"19":15,"20":15,"21":15,"22":14,"23":15,"24":14,"25":14,"26":14,"27":0,"28":15,"29":1},"f":{"0":10,"1":0,"2":26,"3":5,"4":15},"b":{"0":[3,23],"1":[14,9],"2":[14,1],"3":[14,1]},"_coverageSchema":"1a1c01bbd47fc00a2c39e90264f33305004495a9","hash":"79007a2fcd908217c3535b61e1aecf0d7dfc2223"}
,"/home/runner/work/thingies/thingies/src/base64.ts": {"path":"/home/runner/work/thingies/thingies/src/base64.ts","statementMap":{"0":{"start":{"line":2,"column":0},"end":{"line":2,"column":62}},"1":{"start":{"line":3,"column":0},"end":{"line":3,"column":45}},"2":{"start":{"line":4,"column":17},"end":{"line":4,"column":61}},"3":{"start":{"line":4,"column":26},"end":{"line":4,"column":61}},"4":{"start":{"line":5,"column":0},"end":{"line":5,"column":28}},"5":{"start":{"line":6,"column":17},"end":{"line":6,"column":63}},"6":{"start":{"line":6,"column":26},"end":{"line":6,"column":63}},"7":{"start":{"line":7,"column":0},"end":{"line":7,"column":28}}},"fnMap":{"0":{"name":"(anonymous_0)","decl":{"start":{"line":4,"column":17},"end":{"line":4,"column":18}},"loc":{"start":{"line":4,"column":26},"end":{"line":4,"column":61}},"line":4},"1":{"name":"(anonymous_1)","decl":{"start":{"line":6,"column":17},"end":{"line":6,"column":18}},"loc":{"start":{"line":6,"column":26},"end":{"line":6,"column":63}},"line":6}},"branchMap":{},"s":{"0":1,"1":1,"2":1,"3":2,"4":1,"5":1,"6":1,"7":1},"f":{"0":2,"1":1},"b":{},"_coverageSchema":"1a1c01bbd47fc00a2c39e90264f33305004495a9","hash":"3a21377d8cd014879eeea1d1130f7d743aa8876d"}
,"/home/runner/work/thingies/thingies/src/codeMutex.ts": {"path":"/home/runner/work/thingies/thingies/src/codeMutex.ts","statementMap":{"0":{"start":{"line":2,"column":0},"end":{"line":2,"column":62}},"1":{"start":{"line":3,"column":0},"end":{"line":3,"column":27}},"2":{"start":{"line":4,"column":16},"end":{"line":4,"column":32}},"3":{"start":{"line":9,"column":18},"end":{"line":21,"column":1}},"4":{"start":{"line":11,"column":4},"end":{"line":20,"column":7}},"5":{"start":{"line":11,"column":21},"end":{"line":20,"column":6}},"6":{"start":{"line":12,"column":8},"end":{"line":13,"column":26}},"7":{"start":{"line":13,"column":12},"end":{"line":13,"column":26}},"8":{"start":{"line":14,"column":8},"end":{"line":19,"column":9}},"9":{"start":{"line":15,"column":12},"end":{"line":15,"column":43}},"10":{"start":{"line":18,"column":12},"end":{"line":18,"column":31}},"11":{"start":{"line":22,"column":0},"end":{"line":22,"column":30}}},"fnMap":{"0":{"name":"(anonymous_0)","decl":{"start":{"line":9,"column":18},"end":{"line":9,"column":19}},"loc":{"start":{"line":9,"column":24},"end":{"line":21,"column":1}},"line":9},"1":{"name":"(anonymous_1)","decl":{"start":{"line":11,"column":11},"end":{"line":11,"column":12}},"loc":{"start":{"line":11,"column":21},"end":{"line":20,"column":6}},"line":11},"2":{"name":"(anonymous_2)","decl":{"start":{"line":11,"column":63},"end":{"line":11,"column":64}},"loc":{"start":{"line":11,"column":76},"end":{"line":20,"column":5}},"line":11}},"branchMap":{"0":{"loc":{"start":{"line":12,"column":8},"end":{"line":13,"column":26}},"type":"if","locations":[{"start":{"line":12,"column":8},"end":{"line":13,"column":26}},{"start":{},"end":{}}],"line":12}},"s":{"0":2,"1":2,"2":2,"3":2,"4":13,"5":57,"6":57,"7":31,"8":26,"9":26,"10":26,"11":2},"f":{"0":13,"1":57,"2":57},"b":{"0":[31,26]},"_coverageSchema":"1a1c01bbd47fc00a2c39e90264f33305004495a9","hash":"42a0853213c553a528985eff8c893b1397d0ce18"}
,"/home/runner/work/thingies/thingies/src/concurrency.ts": {"path":"/home/runner/work/thingies/thingies/src/concurrency.ts","statementMap":{"0":{"start":{"line":2,"column":0},"end":{"line":2,"column":62}},"1":{"start":{"line":3,"column":0},"end":{"line":3,"column":29}},"2":{"start":{"line":4,"column":16},"end":{"line":4,"column":32}},"3":{"start":{"line":5,"column":13},"end":{"line":5,"column":28}},"4":{"start":{"line":9,"column":8},"end":{"line":9,"column":25}},"5":{"start":{"line":10,"column":8},"end":{"line":13,"column":11}},"6":{"start":{"line":11,"column":12},"end":{"line":11,"column":35}},"7":{"start":{"line":12,"column":12},"end":{"line":12,"column":33}},"8":{"start":{"line":17,"column":20},"end":{"line":42,"column":1}},"9":{"start":{"line":18,"column":18},"end":{"line":18,"column":19}},"10":{"start":{"line":19,"column":18},"end":{"line":19,"column":27}},"11":{"start":{"line":20,"column":17},"end":{"line":36,"column":6}},"12":{"start":{"line":20,"column":23},"end":{"line":36,"column":6}},"13":{"start":{"line":21,"column":21},"end":{"line":21,"column":48}},"14":{"start":{"line":22,"column":8},"end":{"line":25,"column":19}},"15":{"start":{"line":23,"column":12},"end":{"line":23,"column":31}},"16":{"start":{"line":25,"column":12},"end":{"line":25,"column":19}},"17":{"start":{"line":26,"column":8},"end":{"line":26,"column":18}},"18":{"start":{"line":27,"column":8},"end":{"line":35,"column":9}},"19":{"start":{"line":28,"column":12},"end":{"line":28,"column":44}},"20":{"start":{"line":31,"column":12},"end":{"line":31,"column":31}},"21":{"start":{"line":34,"column":12},"end":{"line":34,"column":56}},"22":{"start":{"line":37,"column":4},"end":{"line":41,"column":7}},"23":{"start":{"line":37,"column":21},"end":{"line":41,"column":6}},"24":{"start":{"line":38,"column":21},"end":{"line":38,"column":35}},"25":{"start":{"line":39,"column":8},"end":{"line":39,"column":24}},"26":{"start":{"line":40,"column":8},"end":{"line":40,"column":67}},"27":{"start":{"line":43,"column":0},"end":{"line":43,"column":34}}},"fnMap":{"0":{"name":"(anonymous_0)","decl":{"start":{"line":8,"column":4},"end":{"line":8,"column":5}},"loc":{"start":{"line":8,"column":22},"end":{"line":14,"column":5}},"line":8},"1":{"name":"(anonymous_1)","decl":{"start":{"line":10,"column":35},"end":{"line":10,"column":36}},"loc":{"start":{"line":10,"column":56},"end":{"line":13,"column":9}},"line":10},"2":{"name":"(anonymous_2)","decl":{"start":{"line":17,"column":20},"end":{"line":17,"column":21}},"loc":{"start":{"line":17,"column":31},"end":{"line":42,"column":1}},"line":17},"3":{"name":"(anonymous_3)","decl":{"start":{"line":20,"column":17},"end":{"line":20,"column":18}},"loc":{"start":{"line":20,"column":23},"end":{"line":36,"column":6}},"line":20},"4":{"name":"(anonymous_4)","decl":{"start":{"line":20,"column":65},"end":{"line":20,"column":66}},"loc":{"start":{"line":20,"column":78},"end":{"line":36,"column":5}},"line":20},"5":{"name":"(anonymous_5)","decl":{"start":{"line":37,"column":11},"end":{"line":37,"column":12}},"loc":{"start":{"line":37,"column":21},"end":{"line":41,"column":6}},"line":37},"6":{"name":"(anonymous_6)","decl":{"start":{"line":37,"column":63},"end":{"line":37,"column":64}},"loc":{"start":{"line":37,"column":76},"end":{"line":41,"column":5}},"line":37}},"branchMap":{"0":{"loc":{"start":{"line":22,"column":8},"end":{"line":25,"column":19}},"type":"if","locations":[{"start":{"line":22,"column":8},"end":{"line":25,"column":19}},{"start":{"line":25,"column":12},"end":{"line":25,"column":19}}],"line":22},"1":{"loc":{"start":{"line":34,"column":23},"end":{"line":34,"column":55}},"type":"binary-expr","locations":[{"start":{"line":34,"column":23},"end":{"line":34,"column":33}},{"start":{"line":34,"column":37},"end":{"line":34,"column":55}}],"line":34},"2":{"loc":{"start":{"line":40,"column":15},"end":{"line":40,"column":52}},"type":"binary-expr","locations":[{"start":{"line":40,"column":15},"end":{"line":40,"column":30}},{"start":{"line":40,"column":34},"end":{"line":40,"column":52}}],"line":40}},"s":{"0":2,"1":2,"2":2,"3":2,"4":1806,"5":1806,"6":1806,"7":1806,"8":2,"9":268,"10":268,"11":268,"12":1806,"13":1806,"14":1806,"15":1806,"16":0,"17":1806,"18":1806,"19":1806,"20":0,"21":1806,"22":268,"23":1806,"24":1806,"25":1806,"26":1806,"27":2},"f":{"0":1806,"1":1806,"2":268,"3":1806,"4":1806,"5":1806,"6":1806},"b":{"0":[1806,0],"1":[1806,925],"2":[1806,881]},"_coverageSchema":"1a1c01bbd47fc00a2c39e90264f33305004495a9","hash":"a15a480579dffc8028d715fd326b61650d08b5a9"}
,"/home/runner/work/thingies/thingies/src/concurrencyDecorator.ts": {"path":"/home/runner/work/thingies/thingies/src/concurrencyDecorator.ts","statementMap":{"0":{"start":{"line":2,"column":0},"end":{"line":2,"column":62}},"1":{"start":{"line":3,"column":0},"end":{"line":3,"column":29}},"2":{"start":{"line":4,"column":16},"end":{"line":4,"column":32}},"3":{"start":{"line":5,"column":22},"end":{"line":5,"column":46}},"4":{"start":{"line":6,"column":18},"end":{"line":6,"column":31}},"5":{"start":{"line":13,"column":4},"end":{"line":24,"column":6}},"6":{"start":{"line":14,"column":8},"end":{"line":23,"column":10}},"7":{"start":{"line":15,"column":12},"end":{"line":22,"column":15}},"8":{"start":{"line":16,"column":26},"end":{"line":16,"column":45}},"9":{"start":{"line":17,"column":16},"end":{"line":18,"column":63}},"10":{"start":{"line":18,"column":20},"end":{"line":18,"column":63}},"11":{"start":{"line":19,"column":16},"end":{"line":20,"column":71}},"12":{"start":{"line":20,"column":20},"end":{"line":20,"column":71}},"13":{"start":{"line":21,"column":16},"end":{"line":21,"column":137}},"14":{"start":{"line":21,"column":41},"end":{"line":21,"column":135}},"15":{"start":{"line":21,"column":96},"end":{"line":21,"column":132}},"16":{"start":{"line":26,"column":0},"end":{"line":26,"column":34}}},"fnMap":{"0":{"name":"concurrency","decl":{"start":{"line":12,"column":9},"end":{"line":12,"column":20}},"loc":{"start":{"line":12,"column":28},"end":{"line":25,"column":1}},"line":12},"1":{"name":"(anonymous_1)","decl":{"start":{"line":13,"column":11},"end":{"line":13,"column":12}},"loc":{"start":{"line":13,"column":28},"end":{"line":24,"column":5}},"line":13},"2":{"name":"(anonymous_2)","decl":{"start":{"line":14,"column":15},"end":{"line":14,"column":16}},"loc":{"start":{"line":14,"column":34},"end":{"line":23,"column":9}},"line":14},"3":{"name":"(anonymous_3)","decl":{"start":{"line":15,"column":59},"end":{"line":15,"column":60}},"loc":{"start":{"line":15,"column":72},"end":{"line":22,"column":13}},"line":15},"4":{"name":"(anonymous_4)","decl":{"start":{"line":21,"column":35},"end":{"line":21,"column":36}},"loc":{"start":{"line":21,"column":41},"end":{"line":21,"column":135}},"line":21},"5":{"name":"(anonymous_5)","decl":{"start":{"line":21,"column":81},"end":{"line":21,"column":82}},"loc":{"start":{"line":21,"column":94},"end":{"line":21,"column":134}},"line":21}},"branchMap":{"0":{"loc":{"start":{"line":17,"column":16},"end":{"line":18,"column":63}},"type":"if","locations":[{"start":{"line":17,"column":16},"end":{"line":18,"column":63}},{"start":{},"end":{}}],"line":17},"1":{"loc":{"start":{"line":19,"column":16},"end":{"line":20,"column":71}},"type":"if","locations":[{"start":{"line":19,"column":16},"end":{"line":20,"column":71}},{"start":{},"end":{}}],"line":19}},"s":{"0":1,"1":1,"2":1,"3":1,"4":1,"5":135,"6":135,"7":909,"8":909,"9":909,"10":135,"11":909,"12":136,"13":909,"14":909,"15":909,"16":1},"f":{"0":135,"1":135,"2":909,"3":909,"4":909,"5":909},"b":{"0":[135,774],"1":[136,773]},"_coverageSchema":"1a1c01bbd47fc00a2c39e90264f33305004495a9","hash":"49d4118fa3b6e45412e8aed23bd9b814d213b24a"}
,"/home/runner/work/thingies/thingies/src/createRace.ts": {"path":"/home/runner/work/thingies/thingies/src/createRace.ts","statementMap":{"0":{"start":{"line":2,"column":0},"end":{"line":2,"column":62}},"1":{"start":{"line":3,"column":0},"end":{"line":3,"column":28}},"2":{"start":{"line":30,"column":19},"end":{"line":43,"column":1}},"3":{"start":{"line":31,"column":18},"end":{"line":31,"column":23}},"4":{"start":{"line":32,"column":4},"end":{"line":42,"column":6}},"5":{"start":{"line":33,"column":8},"end":{"line":34,"column":19}},"6":{"start":{"line":34,"column":12},"end":{"line":34,"column":19}},"7":{"start":{"line":35,"column":8},"end":{"line":35,"column":23}},"8":{"start":{"line":36,"column":8},"end":{"line":41,"column":9}},"9":{"start":{"line":37,"column":12},"end":{"line":37,"column":24}},"10":{"start":{"line":40,"column":12},"end":{"line":40,"column":28}},"11":{"start":{"line":44,"column":0},"end":{"line":44,"column":32}}},"fnMap":{"0":{"name":"(anonymous_0)","decl":{"start":{"line":30,"column":19},"end":{"line":30,"column":20}},"loc":{"start":{"line":30,"column":25},"end":{"line":43,"column":1}},"line":30},"1":{"name":"(anonymous_1)","decl":{"start":{"line":32,"column":11},"end":{"line":32,"column":12}},"loc":{"start":{"line":32,"column":19},"end":{"line":42,"column":5}},"line":32}},"branchMap":{"0":{"loc":{"start":{"line":33,"column":8},"end":{"line":34,"column":19}},"type":"if","locations":[{"start":{"line":33,"column":8},"end":{"line":34,"column":19}},{"start":{},"end":{}}],"line":33}},"s":{"0":1,"1":1,"2":1,"3":3,"4":3,"5":6,"6":2,"7":4,"8":4,"9":4,"10":4,"11":1},"f":{"0":3,"1":6},"b":{"0":[2,4]},"_coverageSchema":"1a1c01bbd47fc00a2c39e90264f33305004495a9","hash":"e8dae8cb20446647bbaa5100dca0d38f69ba7826"}
,"/home/runner/work/thingies/thingies/src/fanout.ts": {"path":"/home/runner/work/thingies/thingies/src/fanout.ts","statementMap":{"0":{"start":{"line":2,"column":0},"end":{"line":2,"column":62}},"1":{"start":{"line":3,"column":0},"end":{"line":3,"column":24}},"2":{"start":{"line":6,"column":8},"end":{"line":6,"column":35}},"3":{"start":{"line":9,"column":8},"end":{"line":9,"column":61}},"4":{"start":{"line":9,"column":45},"end":{"line":9,"column":59}},"5":{"start":{"line":12,"column":26},"end":{"line":12,"column":40}},"6":{"start":{"line":13,"column":8},"end":{"line":13,"column":32}},"7":{"start":{"line":14,"column":8},"end":{"line":14,"column":48}},"8":{"start":{"line":14,"column":21},"end":{"line":14,"column":47}},"9":{"start":{"line":17,"column":0},"end":{"line":17,"column":24}}},"fnMap":{"0":{"name":"(anonymous_0)","decl":{"start":{"line":5,"column":4},"end":{"line":5,"column":5}},"loc":{"start":{"line":5,"column":18},"end":{"line":7,"column":5}},"line":5},"1":{"name":"(anonymous_1)","decl":{"start":{"line":8,"column":4},"end":{"line":8,"column":5}},"loc":{"start":{"line":8,"column":15},"end":{"line":10,"column":5}},"line":8},"2":{"name":"(anonymous_2)","decl":{"start":{"line":9,"column":31},"end":{"line":9,"column":32}},"loc":{"start":{"line":9,"column":45},"end":{"line":9,"column":59}},"line":9},"3":{"name":"(anonymous_3)","decl":{"start":{"line":11,"column":4},"end":{"line":11,"column":5}},"loc":{"start":{"line":11,"column":21},"end":{"line":15,"column":5}},"line":11},"4":{"name":"(anonymous_4)","decl":{"start":{"line":14,"column":15},"end":{"line":14,"column":16}},"loc":{"start":{"line":14,"column":21},"end":{"line":14,"column":47}},"line":14}},"branchMap":{},"s":{"0":1,"1":1,"2":3,"3":9,"4":10,"5":5,"6":5,"7":5,"8":9,"9":1},"f":{"0":3,"1":9,"2":10,"3":5,"4":9},"b":{},"_coverageSchema":"1a1c01bbd47fc00a2c39e90264f33305004495a9","hash":"393a2082cdf65f1a8df3f6d6693201ebbb744929"}
,"/home/runner/work/thingies/thingies/src/go.ts": {"path":"/home/runner/work/thingies/thingies/src/go.ts","statementMap":{"0":{"start":{"line":2,"column":0},"end":{"line":2,"column":62}},"1":{"start":{"line":3,"column":0},"end":{"line":3,"column":20}},"2":{"start":{"line":5,"column":11},"end":{"line":7,"column":1}},"3":{"start":{"line":6,"column":4},"end":{"line":6,"column":28}},"4":{"start":{"line":8,"column":0},"end":{"line":8,"column":16}}},"fnMap":{"0":{"name":"(anonymous_0)","decl":{"start":{"line":5,"column":11},"end":{"line":5,"column":12}},"loc":{"start":{"line":5,"column":21},"end":{"line":7,"column":1}},"line":5},"1":{"name":"(anonymous_1)","decl":{"start":{"line":6,"column":17},"end":{"line":6,"column":18}},"loc":{"start":{"line":6,"column":23},"end":{"line":6,"column":26}},"line":6}},"branchMap":{},"s":{"0":2,"1":2,"2":2,"3":1806,"4":2},"f":{"0":1806,"1":0},"b":{},"_coverageSchema":"1a1c01bbd47fc00a2c39e90264f33305004495a9","hash":"3673d5e619315952df2c7921898816d67b1b250d"}
,"/home/runner/work/thingies/thingies/src/hasKeys.ts": {"path":"/home/runner/work/thingies/thingies/src/hasKeys.ts","statementMap":{"0":{"start":{"line":2,"column":0},"end":{"line":2,"column":62}},"1":{"start":{"line":3,"column":0},"end":{"line":3,"column":25}},"2":{"start":{"line":4,"column":16},"end":{"line":8,"column":1}},"3":{"start":{"line":5,"column":4},"end":{"line":6,"column":20}},"4":{"start":{"line":6,"column":8},"end":{"line":6,"column":20}},"5":{"start":{"line":7,"column":4},"end":{"line":7,"column":17}},"6":{"start":{"line":9,"column":0},"end":{"line":9,"column":26}}},"fnMap":{"0":{"name":"(anonymous_0)","decl":{"start":{"line":4,"column":16},"end":{"line":4,"column":17}},"loc":{"start":{"line":4,"column":25},"end":{"line":8,"column":1}},"line":4}},"branchMap":{},"s":{"0":1,"1":1,"2":1,"3":2,"4":1,"5":1,"6":1},"f":{"0":2},"b":{},"_coverageSchema":"1a1c01bbd47fc00a2c39e90264f33305004495a9","hash":"8678573501b543597e770434d87b173359745d17"}
,"/home/runner/work/thingies/thingies/src/hash.ts": {"path":"/home/runner/work/thingies/thingies/src/hash.ts","statementMap":{"0":{"start":{"line":2,"column":0},"end":{"line":2,"column":62}},"1":{"start":{"line":3,"column":0},"end":{"line":3,"column":22}},"2":{"start":{"line":4,"column":13},"end":{"line":10,"column":1}},"3":{"start":{"line":5,"column":15},"end":{"line":5,"column":19}},"4":{"start":{"line":6,"column":12},"end":{"line":6,"column":22}},"5":{"start":{"line":7,"column":4},"end":{"line":8,"column":49}},"6":{"start":{"line":8,"column":8},"end":{"line":8,"column":49}},"7":{"start":{"line":9,"column":4},"end":{"line":9,"column":22}},"8":{"start":{"line":11,"column":0},"end":{"line":11,"column":20}}},"fnMap":{"0":{"name":"(anonymous_0)","decl":{"start":{"line":4,"column":13},"end":{"line":4,"column":14}},"loc":{"start":{"line":4,"column":22},"end":{"line":10,"column":1}},"line":4}},"branchMap":{},"s":{"0":1,"1":1,"2":1,"3":400,"4":400,"5":400,"6":2760,"7":400,"8":1},"f":{"0":400},"b":{},"_coverageSchema":"1a1c01bbd47fc00a2c39e90264f33305004495a9","hash":"963eac3bff9912ec5365bd5ec287a40cc3a9ec96"}
,"/home/runner/work/thingies/thingies/src/mutex.ts": {"path":"/home/runner/work/thingies/thingies/src/mutex.ts","statementMap":{"0":{"start":{"line":2,"column":0},"end":{"line":2,"column":62}},"1":{"start":{"line":3,"column":0},"end":{"line":3,"column":23}},"2":{"start":{"line":4,"column":16},"end":{"line":4,"column":32}},"3":{"start":{"line":5,"column":20},"end":{"line":5,"column":42}},"4":{"start":{"line":11,"column":24},"end":{"line":11,"column":33}},"5":{"start":{"line":12,"column":4},"end":{"line":19,"column":5}},"6":{"start":{"line":13,"column":20},"end":{"line":13,"column":48}},"7":{"start":{"line":14,"column":8},"end":{"line":18,"column":10}},"8":{"start":{"line":15,"column":12},"end":{"line":17,"column":15}},"9":{"start":{"line":16,"column":16},"end":{"line":16,"column":135}},"10":{"start":{"line":16,"column":39},"end":{"line":16,"column":133}},"11":{"start":{"line":16,"column":94},"end":{"line":16,"column":130}},"12":{"start":{"line":20,"column":22},"end":{"line":20,"column":35}},"13":{"start":{"line":21,"column":4},"end":{"line":30,"column":6}},"14":{"start":{"line":22,"column":8},"end":{"line":29,"column":11}},"15":{"start":{"line":23,"column":22},"end":{"line":23,"column":41}},"16":{"start":{"line":24,"column":12},"end":{"line":25,"column":59}},"17":{"start":{"line":25,"column":16},"end":{"line":25,"column":59}},"18":{"start":{"line":26,"column":12},"end":{"line":27,"column":58}},"19":{"start":{"line":27,"column":16},"end":{"line":27,"column":58}},"20":{"start":{"line":28,"column":12},"end":{"line":28,"column":139}},"21":{"start":{"line":28,"column":43},"end":{"line":28,"column":137}},"22":{"start":{"line":28,"column":98},"end":{"line":28,"column":134}},"23":{"start":{"line":32,"column":0},"end":{"line":32,"column":22}}},"fnMap":{"0":{"name":"mutex","decl":{"start":{"line":10,"column":9},"end":{"line":10,"column":14}},"loc":{"start":{"line":10,"column":28},"end":{"line":31,"column":1}},"line":10},"1":{"name":"(anonymous_1)","decl":{"start":{"line":14,"column":15},"end":{"line":14,"column":16}},"loc":{"start":{"line":14,"column":34},"end":{"line":18,"column":9}},"line":14},"2":{"name":"(anonymous_2)","decl":{"start":{"line":15,"column":59},"end":{"line":15,"column":60}},"loc":{"start":{"line":15,"column":72},"end":{"line":17,"column":13}},"line":15},"3":{"name":"(anonymous_3)","decl":{"start":{"line":16,"column":33},"end":{"line":16,"column":34}},"loc":{"start":{"line":16,"column":39},"end":{"line":16,"column":133}},"line":16},"4":{"name":"(anonymous_4)","decl":{"start":{"line":16,"column":79},"end":{"line":16,"column":80}},"loc":{"start":{"line":16,"column":92},"end":{"line":16,"column":132}},"line":16},"5":{"name":"(anonymous_5)","decl":{"start":{"line":21,"column":11},"end":{"line":21,"column":12}},"loc":{"start":{"line":21,"column":30},"end":{"line":30,"column":5}},"line":21},"6":{"name":"(anonymous_6)","decl":{"start":{"line":22,"column":55},"end":{"line":22,"column":56}},"loc":{"start":{"line":22,"column":68},"end":{"line":29,"column":9}},"line":22},"7":{"name":"(anonymous_7)","decl":{"start":{"line":28,"column":37},"end":{"line":28,"column":38}},"loc":{"start":{"line":28,"column":43},"end":{"line":28,"column":137}},"line":28},"8":{"name":"(anonymous_8)","decl":{"start":{"line":28,"column":83},"end":{"line":28,"column":84}},"loc":{"start":{"line":28,"column":96},"end":{"line":28,"column":136}},"line":28}},"branchMap":{"0":{"loc":{"start":{"line":12,"column":4},"end":{"line":19,"column":5}},"type":"if","locations":[{"start":{"line":12,"column":4},"end":{"line":19,"column":5}},{"start":{},"end":{}}],"line":12},"1":{"loc":{"start":{"line":24,"column":12},"end":{"line":25,"column":59}},"type":"if","locations":[{"start":{"line":24,"column":12},"end":{"line":25,"column":59}},{"start":{},"end":{}}],"line":24},"2":{"loc":{"start":{"line":26,"column":12},"end":{"line":27,"column":58}},"type":"if","locations":[{"start":{"line":26,"column":12},"end":{"line":27,"column":58}},{"start":{},"end":{}}],"line":26}},"s":{"0":1,"1":1,"2":1,"3":1,"4":7,"5":7,"6":2,"7":2,"8":12,"9":12,"10":6,"11":6,"12":5,"13":5,"14":21,"15":21,"16":21,"17":6,"18":21,"19":6,"20":21,"21":10,"22":10,"23":1},"f":{"0":7,"1":12,"2":12,"3":6,"4":6,"5":21,"6":21,"7":10,"8":10},"b":{"0":[2,5],"1":[6,15],"2":[6,15]},"_coverageSchema":"1a1c01bbd47fc00a2c39e90264f33305004495a9","hash":"72372117e98819487c48124bf4cd613f0a060598"}
,"/home/runner/work/thingies/thingies/src/normalizeEmail.ts": {"path":"/home/runner/work/thingies/thingies/src/normalizeEmail.ts","statementMap":{"0":{"start":{"line":2,"column":0},"end":{"line":2,"column":62}},"1":{"start":{"line":3,"column":0},"end":{"line":3,"column":32}},"2":{"start":{"line":4,"column":16},"end":{"line":4,"column":21}},"3":{"start":{"line":20,"column":23},"end":{"line":27,"column":1}},"4":{"start":{"line":21,"column":25},"end":{"line":21,"column":41}},"5":{"start":{"line":22,"column":23},"end":{"line":22,"column":38}},"6":{"start":{"line":23,"column":4},"end":{"line":23,"column":49}},"7":{"start":{"line":24,"column":19},"end":{"line":24,"column":70}},"8":{"start":{"line":25,"column":4},"end":{"line":25,"column":19}},"9":{"start":{"line":26,"column":4},"end":{"line":26,"column":18}},"10":{"start":{"line":28,"column":0},"end":{"line":28,"column":40}}},"fnMap":{"0":{"name":"(anonymous_0)","decl":{"start":{"line":20,"column":23},"end":{"line":20,"column":24}},"loc":{"start":{"line":20,"column":34},"end":{"line":27,"column":1}},"line":20}},"branchMap":{},"s":{"0":1,"1":1,"2":1,"3":1,"4":4,"5":4,"6":4,"7":4,"8":4,"9":4,"10":1},"f":{"0":4},"b":{},"_coverageSchema":"1a1c01bbd47fc00a2c39e90264f33305004495a9","hash":"9f44ba8903e4134f34af6db493440cf9ed3ce850"}
,"/home/runner/work/thingies/thingies/src/once.ts": {"path":"/home/runner/work/thingies/thingies/src/once.ts","statementMap":{"0":{"start":{"line":2,"column":0},"end":{"line":2,"column":62}},"1":{"start":{"line":3,"column":0},"end":{"line":3,"column":22}},"2":{"start":{"line":4,"column":18},"end":{"line":4,"column":31}},"3":{"start":{"line":10,"column":4},"end":{"line":17,"column":6}},"4":{"start":{"line":11,"column":18},"end":{"line":11,"column":37}},"5":{"start":{"line":12,"column":8},"end":{"line":13,"column":55}},"6":{"start":{"line":13,"column":12},"end":{"line":13,"column":55}},"7":{"start":{"line":14,"column":8},"end":{"line":15,"column":46}},"8":{"start":{"line":15,"column":12},"end":{"line":15,"column":46}},"9":{"start":{"line":16,"column":8},"end":{"line":16,"column":27}},"10":{"start":{"line":19,"column":0},"end":{"line":19,"column":20}}},"fnMap":{"0":{"name":"once","decl":{"start":{"line":9,"column":9},"end":{"line":9,"column":13}},"loc":{"start":{"line":9,"column":27},"end":{"line":18,"column":1}},"line":9},"1":{"name":"(anonymous_1)","decl":{"start":{"line":10,"column":11},"end":{"line":10,"column":12}},"loc":{"start":{"line":10,"column":30},"end":{"line":17,"column":5}},"line":10}},"branchMap":{"0":{"loc":{"start":{"line":12,"column":8},"end":{"line":13,"column":55}},"type":"if","locations":[{"start":{"line":12,"column":8},"end":{"line":13,"column":55}},{"start":{},"end":{}}],"line":12},"1":{"loc":{"start":{"line":14,"column":8},"end":{"line":15,"column":46}},"type":"if","locations":[{"start":{"line":14,"column":8},"end":{"line":15,"column":46}},{"start":{},"end":{}}],"line":14}},"s":{"0":1,"1":1,"2":1,"3":5,"4":17,"5":17,"6":4,"7":17,"8":5,"9":17,"10":1},"f":{"0":5,"1":17},"b":{"0":[4,13],"1":[5,12]},"_coverageSchema":"1a1c01bbd47fc00a2c39e90264f33305004495a9","hash":"2d060e3fb8d1b5ecb44c44f7b5dd2310eb1f3b21"}
,"/home/runner/work/thingies/thingies/src/tick.ts": {"path":"/home/runner/work/thingies/thingies/src/tick.ts","statementMap":{"0":{"start":{"line":2,"column":0},"end":{"line":2,"column":62}},"1":{"start":{"line":3,"column":0},"end":{"line":3,"column":22}},"2":{"start":{"line":4,"column":13},"end":{"line":4,"column":62}},"3":{"start":{"line":4,"column":25},"end":{"line":4,"column":62}},"4":{"start":{"line":4,"column":44},"end":{"line":4,"column":61}},"5":{"start":{"line":5,"column":0},"end":{"line":5,"column":20}}},"fnMap":{"0":{"name":"(anonymous_0)","decl":{"start":{"line":4,"column":13},"end":{"line":4,"column":14}},"loc":{"start":{"line":4,"column":25},"end":{"line":4,"column":62}},"line":4},"1":{"name":"(anonymous_1)","decl":{"start":{"line":4,"column":37},"end":{"line":4,"column":38}},"loc":{"start":{"line":4,"column":44},"end":{"line":4,"column":61}},"line":4}},"branchMap":{"0":{"loc":{"start":{"line":4,"column":14},"end":{"line":4,"column":20}},"type":"default-arg","locations":[{"start":{"line":4,"column":19},"end":{"line":4,"column":20}}],"line":4}},"s":{"0":5,"1":5,"2":5,"3":976,"4":976,"5":5},"f":{"0":976,"1":976},"b":{"0":[0]},"_coverageSchema":"1a1c01bbd47fc00a2c39e90264f33305004495a9","hash":"5b0d4fc99e3ef8c9a4af73dff1bd18b0ca6e7f5b"}
,"/home/runner/work/thingies/thingies/src/xorshift.ts": {"path":"/home/runner/work/thingies/thingies/src/xorshift.ts","statementMap":{"0":{"start":{"line":2,"column":0},"end":{"line":2,"column":62}},"1":{"start":{"line":3,"column":0},"end":{"line":3,"column":53}},"2":{"start":{"line":4,"column":23},"end":{"line":12,"column":1}},"3":{"start":{"line":5,"column":12},"end":{"line":5,"column":20}},"4":{"start":{"line":6,"column":4},"end":{"line":11,"column":6}},"5":{"start":{"line":7,"column":8},"end":{"line":7,"column":21}},"6":{"start":{"line":8,"column":8},"end":{"line":8,"column":21}},"7":{"start":{"line":9,"column":8},"end":{"line":9,"column":20}},"8":{"start":{"line":10,"column":8},"end":{"line":10,"column":17}},"9":{"start":{"line":13,"column":0},"end":{"line":13,"column":40}},"10":{"start":{"line":14,"column":0},"end":{"line":14,"column":51}}},"fnMap":{"0":{"name":"(anonymous_0)","decl":{"start":{"line":4,"column":23},"end":{"line":4,"column":24}},"loc":{"start":{"line":4,"column":84},"end":{"line":12,"column":1}},"line":4},"1":{"name":"xorShift32","decl":{"start":{"line":6,"column":20},"end":{"line":6,"column":30}},"loc":{"start":{"line":6,"column":33},"end":{"line":11,"column":5}},"line":6}},"branchMap":{"0":{"loc":{"start":{"line":4,"column":24},"end":{"line":4,"column":79}},"type":"default-arg","locations":[{"start":{"line":4,"column":31},"end":{"line":4,"column":79}}],"line":4}},"s":{"0":1,"1":1,"2":1,"3":1,"4":1,"5":100,"6":100,"7":100,"8":100,"9":1,"10":1},"f":{"0":1,"1":100},"b":{"0":[1]},"_coverageSchema":"1a1c01bbd47fc00a2c39e90264f33305004495a9","hash":"e26aa82e3aa60dbf427f9af4f13d8e905f547b1a"}
}
