TN:
SF:src/Cache.ts
FN:5,(anonymous_0)
FN:7,(anonymous_1)
FN:15,(anonymous_2)
FN:26,(anonymous_3)
FN:30,(anonymous_4)
FN:52,(anonymous_5)
FN:53,(anonymous_6)
FN:59,(anonymous_7)
FN:60,(anonymous_8)
FN:82,(anonymous_9)
FN:96,(anonymous_10)
FN:103,(anonymous_11)
FN:107,(anonymous_12)
FN:110,(anonymous_13)
FN:117,(anonymous_14)
FNF:15
FNH:7
FNDA:0,(anonymous_0)
FNDA:6,(anonymous_1)
FNDA:0,(anonymous_2)
FNDA:0,(anonymous_3)
FNDA:8,(anonymous_4)
FNDA:8,(anonymous_5)
FNDA:8,(anonymous_6)
FNDA:15,(anonymous_7)
FNDA:15,(anonymous_8)
FNDA:0,(anonymous_9)
FNDA:0,(anonymous_10)
FNDA:0,(anonymous_11)
FNDA:0,(anonymous_12)
FNDA:1,(anonymous_13)
FNDA:0,(anonymous_14)
DA:2,1
DA:3,1
DA:4,1
DA:5,1
DA:8,6
DA:9,6
DA:10,6
DA:11,6
DA:12,6
DA:13,6
DA:14,6
DA:15,6
DA:16,0
DA:17,0
DA:18,0
DA:19,0
DA:20,0
DA:21,0
DA:24,0
DA:26,6
DA:27,0
DA:31,8
DA:35,8
DA:36,1
DA:39,7
DA:40,7
DA:42,8
DA:43,0
DA:44,0
DA:45,0
DA:46,0
DA:47,0
DA:53,8
DA:54,8
DA:55,8
DA:56,8
DA:60,15
DA:61,15
DA:62,15
DA:63,9
DA:64,9
DA:65,7
DA:67,2
DA:68,1
DA:69,1
DA:72,1
DA:73,1
DA:74,1
DA:78,6
DA:83,0
DA:84,0
DA:85,0
DA:86,0
DA:87,0
DA:88,0
DA:90,0
DA:91,0
DA:92,0
DA:94,0
DA:97,0
DA:98,0
DA:99,0
DA:100,0
DA:101,0
DA:104,0
DA:105,0
DA:108,0
DA:111,1
DA:112,1
DA:113,0
DA:114,1
DA:115,1
DA:118,0
DA:119,0
DA:120,0
DA:121,0
DA:124,1
LF:77
LH:41
BRDA:7,0,0,6
BRDA:19,1,0,0
BRDA:19,1,1,0
BRDA:19,2,0,0
BRDA:19,2,1,0
BRDA:35,3,0,1
BRDA:35,3,1,7
BRDA:42,4,0,0
BRDA:42,4,1,8
BRDA:44,5,0,0
BRDA:44,5,1,0
BRDA:62,6,0,9
BRDA:62,6,1,6
BRDA:64,7,0,7
BRDA:64,7,1,2
BRDA:67,8,0,1
BRDA:67,8,1,1
BRDA:84,9,0,0
BRDA:84,9,1,0
BRDA:87,10,0,0
BRDA:87,10,1,0
BRDA:90,11,0,0
BRDA:90,11,1,0
BRDA:98,12,0,0
BRDA:98,12,1,0
BRDA:110,13,0,1
BRDA:112,14,0,0
BRDA:112,14,1,1
BRDA:119,15,0,0
BRDA:119,15,1,0
BRF:30
BRH:12
end_of_record
TN:
SF:src/Defer.ts
FN:17,(anonymous_0)
FN:18,(anonymous_1)
FNF:2
FNH:2
FNDA:5,(anonymous_0)
FNDA:5,(anonymous_1)
DA:2,1
DA:3,1
DA:18,5
DA:19,5
DA:20,5
DA:24,1
LF:6
LH:6
BRF:0
BRH:0
end_of_record
TN:
SF:src/Locks.ts
FN:23,(anonymous_0)
FN:28,(anonymous_1)
FN:39,(anonymous_2)
FN:45,(anonymous_3)
FN:54,(anonymous_4)
FN:55,(anonymous_5)
FN:55,(anonymous_6)
FN:62,(anonymous_7)
FN:76,(anonymous_8)
FNF:9
FNH:8
FNDA:9,(anonymous_0)
FNDA:33,(anonymous_1)
FNDA:12,(anonymous_2)
FNDA:7,(anonymous_3)
FNDA:9,(anonymous_4)
FNDA:9,(anonymous_5)
FNDA:9,(anonymous_6)
FNDA:12,(anonymous_7)
FNDA:0,(anonymous_8)
DA:2,1
DA:3,1
DA:4,1
DA:5,1
DA:24,9
DA:25,9
DA:26,9
DA:29,33
DA:30,0
DA:31,33
DA:32,33
DA:33,33
DA:34,33
DA:35,33
DA:36,17
DA:37,16
DA:38,16
DA:39,16
DA:40,12
DA:41,11
DA:43,16
DA:46,7
DA:47,7
DA:48,7
DA:49,1
DA:50,6
DA:51,6
DA:52,6
DA:55,9
DA:56,9
DA:58,9
DA:59,20
DA:60,20
DA:61,8
DA:62,12
DA:63,12
DA:64,1
DA:66,8
DA:67,8
DA:70,8
DA:75,1
DA:76,1
DA:77,0
DA:78,0
DA:79,0
LF:45
LH:41
BRDA:5,0,0,0
BRDA:5,0,1,1
BRDA:5,1,0,1
BRDA:5,1,1,0
BRDA:5,1,2,0
BRDA:23,2,0,0
BRDA:23,3,0,0
BRDA:23,3,1,0
BRDA:23,4,0,9
BRDA:23,5,0,9
BRDA:28,6,0,11
BRDA:29,7,0,0
BRDA:29,7,1,33
BRDA:34,8,0,33
BRDA:34,8,1,18
BRDA:35,9,0,17
BRDA:35,9,1,16
BRDA:40,10,0,11
BRDA:40,10,1,1
BRDA:48,11,0,1
BRDA:48,11,1,6
BRDA:54,12,0,4
BRDA:54,13,0,9
BRDA:60,14,0,8
BRDA:60,14,1,12
BRDA:63,15,0,1
BRDA:63,15,1,11
BRDA:77,16,0,0
BRDA:77,16,1,0
BRF:29
BRH:20
end_of_record
TN:
SF:src/LruMap.ts
FN:5,(anonymous_0)
FN:9,(anonymous_1)
FN:15,(anonymous_2)
FNF:3
FNH:3
FNDA:15,(anonymous_0)
FNDA:79,(anonymous_1)
FNDA:43,(anonymous_2)
DA:2,2
DA:3,2
DA:6,15
DA:7,15
DA:10,79
DA:11,79
DA:12,15
DA:13,79
DA:16,43
DA:17,6
DA:18,37
DA:19,37
DA:20,37
DA:21,37
DA:24,2
LF:15
LH:15
BRDA:5,0,0,0
BRDA:11,1,0,15
BRDA:11,1,1,64
BRDA:16,2,0,6
BRDA:16,2,1,37
BRF:5
BRH:4
end_of_record
TN:
SF:src/LruTtlMap.ts
FN:6,(anonymous_0)
FN:10,(anonymous_1)
FN:14,(anonymous_2)
FN:18,(anonymous_3)
FN:27,(anonymous_4)
FN:34,(anonymous_5)
FNF:6
FNH:6
FNDA:9,(anonymous_0)
FNDA:1,(anonymous_1)
FNDA:11,(anonymous_2)
FNDA:31,(anonymous_3)
FNDA:31,(anonymous_4)
FNDA:33,(anonymous_5)
DA:2,1
DA:3,1
DA:4,1
DA:7,9
DA:8,9
DA:11,1
DA:12,1
DA:15,11
DA:16,11
DA:19,31
DA:20,6
DA:21,25
DA:22,25
DA:23,25
DA:24,2
DA:25,25
DA:28,31
DA:29,8
DA:30,23
DA:31,23
DA:32,23
DA:35,33
DA:36,33
DA:37,33
DA:40,1
LF:25
LH:25
BRDA:18,0,0,23
BRDA:19,1,0,6
BRDA:19,1,1,25
BRDA:21,2,0,25
BRDA:21,2,1,0
BRDA:23,3,0,2
BRDA:23,3,1,23
BRDA:28,4,0,8
BRDA:28,4,1,23
BRDA:34,5,0,30
BRF:10
BRH:9
end_of_record
TN:
SF:src/TimedQueue.ts
FN:9,(anonymous_0)
FN:21,(anonymous_1)
FN:25,(anonymous_2)
FN:32,(anonymous_3)
FN:37,(anonymous_4)
FNF:5
FNH:4
FNDA:9,(anonymous_0)
FNDA:0,(anonymous_1)
FNDA:24,(anonymous_2)
FNDA:5,(anonymous_3)
FNDA:14,(anonymous_4)
DA:2,1
DA:3,1
DA:13,9
DA:17,9
DA:21,9
DA:22,9
DA:23,9
DA:26,24
DA:27,24
DA:28,3
DA:29,3
DA:31,21
DA:32,13
DA:33,5
DA:38,14
DA:39,14
DA:40,14
DA:41,13
DA:42,14
DA:43,14
DA:44,13
DA:45,13
DA:49,0
DA:52,14
DA:55,1
LF:25
LH:24
BRDA:27,0,0,3
BRDA:27,0,1,21
BRDA:31,1,0,13
BRDA:31,1,1,8
BRDA:40,2,0,13
BRDA:40,2,1,1
BRDA:43,3,0,13
BRDA:43,3,1,1
BRF:8
BRH:8
end_of_record
TN:
SF:src/TimedState.ts
FN:9,(anonymous_0)
FN:23,(anonymous_1)
FN:28,(anonymous_2)
FN:36,(anonymous_3)
FN:41,(anonymous_4)
FNF:5
FNH:4
FNDA:10,(anonymous_0)
FNDA:0,(anonymous_1)
FNDA:26,(anonymous_2)
FNDA:5,(anonymous_3)
FNDA:15,(anonymous_4)
DA:2,1
DA:3,1
DA:10,10
DA:11,10
DA:15,10
DA:19,10
DA:23,10
DA:24,10
DA:25,10
DA:26,10
DA:29,26
DA:30,26
DA:31,26
DA:32,3
DA:33,3
DA:35,23
DA:36,14
DA:37,5
DA:42,15
DA:43,15
DA:44,15
DA:45,15
DA:46,14
DA:47,15
DA:48,14
DA:49,14
DA:50,14
DA:54,0
DA:57,15
DA:60,1
LF:30
LH:29
BRDA:31,0,0,3
BRDA:31,0,1,23
BRDA:35,1,0,14
BRDA:35,1,1,9
BRDA:45,2,0,14
BRDA:45,2,1,1
BRDA:47,3,0,14
BRDA:47,3,1,1
BRF:8
BRH:8
end_of_record
TN:
SF:src/base64.ts
FN:4,(anonymous_0)
FN:6,(anonymous_1)
FNF:2
FNH:2
FNDA:2,(anonymous_0)
FNDA:1,(anonymous_1)
DA:2,1
DA:3,1
DA:4,2
DA:5,1
DA:6,1
DA:7,1
LF:6
LH:6
BRF:0
BRH:0
end_of_record
TN:
SF:src/codeMutex.ts
FN:9,(anonymous_0)
FN:11,(anonymous_1)
FN:11,(anonymous_2)
FNF:3
FNH:3
FNDA:13,(anonymous_0)
FNDA:57,(anonymous_1)
FNDA:57,(anonymous_2)
DA:2,2
DA:3,2
DA:4,2
DA:9,2
DA:11,57
DA:12,57
DA:13,31
DA:14,26
DA:15,26
DA:18,26
DA:22,2
LF:11
LH:11
BRDA:12,0,0,31
BRDA:12,0,1,26
BRF:2
BRH:2
end_of_record
TN:
SF:src/concurrency.ts
FN:8,(anonymous_0)
FN:10,(anonymous_1)
FN:17,(anonymous_2)
FN:20,(anonymous_3)
FN:20,(anonymous_4)
FN:37,(anonymous_5)
FN:37,(anonymous_6)
FNF:7
FNH:7
FNDA:1806,(anonymous_0)
FNDA:1806,(anonymous_1)
FNDA:268,(anonymous_2)
FNDA:1806,(anonymous_3)
FNDA:1806,(anonymous_4)
FNDA:1806,(anonymous_5)
FNDA:1806,(anonymous_6)
DA:2,2
DA:3,2
DA:4,2
DA:5,2
DA:9,1806
DA:10,1806
DA:11,1806
DA:12,1806
DA:17,2
DA:18,268
DA:19,268
DA:20,1806
DA:21,1806
DA:22,1806
DA:23,1806
DA:25,0
DA:26,1806
DA:27,1806
DA:28,1806
DA:31,0
DA:34,1806
DA:37,1806
DA:38,1806
DA:39,1806
DA:40,1806
DA:43,2
LF:26
LH:24
BRDA:22,0,0,1806
BRDA:22,0,1,0
BRDA:34,1,0,1806
BRDA:34,1,1,925
BRDA:40,2,0,1806
BRDA:40,2,1,881
BRF:6
BRH:5
end_of_record
TN:
SF:src/concurrencyDecorator.ts
FN:12,concurrency
FN:13,(anonymous_1)
FN:14,(anonymous_2)
FN:15,(anonymous_3)
FN:21,(anonymous_4)
FN:21,(anonymous_5)
FNF:6
FNH:6
FNDA:135,concurrency
FNDA:135,(anonymous_1)
FNDA:909,(anonymous_2)
FNDA:909,(anonymous_3)
FNDA:909,(anonymous_4)
FNDA:909,(anonymous_5)
DA:2,1
DA:3,1
DA:4,1
DA:5,1
DA:6,1
DA:13,135
DA:14,135
DA:15,909
DA:16,909
DA:17,909
DA:18,135
DA:19,909
DA:20,136
DA:21,909
DA:26,1
LF:15
LH:15
BRDA:17,0,0,135
BRDA:17,0,1,774
BRDA:19,1,0,136
BRDA:19,1,1,773
BRF:4
BRH:4
end_of_record
TN:
SF:src/createRace.ts
FN:30,(anonymous_0)
FN:32,(anonymous_1)
FNF:2
FNH:2
FNDA:3,(anonymous_0)
FNDA:6,(anonymous_1)
DA:2,1
DA:3,1
DA:30,1
DA:31,3
DA:32,3
DA:33,6
DA:34,2
DA:35,4
DA:36,4
DA:37,4
DA:40,4
DA:44,1
LF:12
LH:12
BRDA:33,0,0,2
BRDA:33,0,1,4
BRF:2
BRH:2
end_of_record
TN:
SF:src/fanout.ts
FN:5,(anonymous_0)
FN:8,(anonymous_1)
FN:9,(anonymous_2)
FN:11,(anonymous_3)
FN:14,(anonymous_4)
FNF:5
FNH:5
FNDA:3,(anonymous_0)
FNDA:9,(anonymous_1)
FNDA:10,(anonymous_2)
FNDA:5,(anonymous_3)
FNDA:9,(anonymous_4)
DA:2,1
DA:3,1
DA:6,3
DA:9,10
DA:12,5
DA:13,5
DA:14,9
DA:17,1
LF:8
LH:8
BRF:0
BRH:0
end_of_record
TN:
SF:src/go.ts
FN:5,(anonymous_0)
FN:6,(anonymous_1)
FNF:2
FNH:1
FNDA:1806,(anonymous_0)
FNDA:0,(anonymous_1)
DA:2,2
DA:3,2
DA:5,2
DA:6,1806
DA:8,2
LF:5
LH:5
BRF:0
BRH:0
end_of_record
TN:
SF:src/hasKeys.ts
FN:4,(anonymous_0)
FNF:1
FNH:1
FNDA:2,(anonymous_0)
DA:2,1
DA:3,1
DA:4,1
DA:5,2
DA:6,1
DA:7,1
DA:9,1
LF:7
LH:7
BRF:0
BRH:0
end_of_record
TN:
SF:src/hash.ts
FN:4,(anonymous_0)
FNF:1
FNH:1
FNDA:400,(anonymous_0)
DA:2,1
DA:3,1
DA:4,1
DA:5,400
DA:6,400
DA:7,400
DA:8,2760
DA:9,400
DA:11,1
LF:9
LH:9
BRF:0
BRH:0
end_of_record
TN:
SF:src/mutex.ts
FN:10,mutex
FN:14,(anonymous_1)
FN:15,(anonymous_2)
FN:16,(anonymous_3)
FN:16,(anonymous_4)
FN:21,(anonymous_5)
FN:22,(anonymous_6)
FN:28,(anonymous_7)
FN:28,(anonymous_8)
FNF:9
FNH:9
FNDA:7,mutex
FNDA:12,(anonymous_1)
FNDA:12,(anonymous_2)
FNDA:6,(anonymous_3)
FNDA:6,(anonymous_4)
FNDA:21,(anonymous_5)
FNDA:21,(anonymous_6)
FNDA:10,(anonymous_7)
FNDA:10,(anonymous_8)
DA:2,1
DA:3,1
DA:4,1
DA:5,1
DA:11,7
DA:12,7
DA:13,2
DA:14,2
DA:15,12
DA:16,12
DA:20,5
DA:21,5
DA:22,21
DA:23,21
DA:24,21
DA:25,6
DA:26,21
DA:27,6
DA:28,21
DA:32,1
LF:20
LH:20
BRDA:12,0,0,2
BRDA:12,0,1,5
BRDA:24,1,0,6
BRDA:24,1,1,15
BRDA:26,2,0,6
BRDA:26,2,1,15
BRF:6
BRH:6
end_of_record
TN:
SF:src/normalizeEmail.ts
FN:20,(anonymous_0)
FNF:1
FNH:1
FNDA:4,(anonymous_0)
DA:2,1
DA:3,1
DA:4,1
DA:20,1
DA:21,4
DA:22,4
DA:23,4
DA:24,4
DA:25,4
DA:26,4
DA:28,1
LF:11
LH:11
BRF:0
BRH:0
end_of_record
TN:
SF:src/once.ts
FN:9,once
FN:10,(anonymous_1)
FNF:2
FNH:2
FNDA:5,once
FNDA:17,(anonymous_1)
DA:2,1
DA:3,1
DA:4,1
DA:10,5
DA:11,17
DA:12,17
DA:13,4
DA:14,17
DA:15,5
DA:16,17
DA:19,1
LF:11
LH:11
BRDA:12,0,0,4
BRDA:12,0,1,13
BRDA:14,1,0,5
BRDA:14,1,1,12
BRF:4
BRH:4
end_of_record
TN:
SF:src/tick.ts
FN:4,(anonymous_0)
FN:4,(anonymous_1)
FNF:2
FNH:2
FNDA:976,(anonymous_0)
FNDA:976,(anonymous_1)
DA:2,5
DA:3,5
DA:4,976
DA:5,5
LF:4
LH:4
BRDA:4,0,0,0
BRF:1
BRH:0
end_of_record
TN:
SF:src/xorshift.ts
FN:4,(anonymous_0)
FN:6,xorShift32
FNF:2
FNH:2
FNDA:1,(anonymous_0)
FNDA:100,xorShift32
DA:2,1
DA:3,1
DA:4,1
DA:5,1
DA:6,1
DA:7,100
DA:8,100
DA:9,100
DA:10,100
DA:13,1
DA:14,1
LF:11
LH:11
BRDA:4,0,0,1
BRF:1
BRH:1
end_of_record
