TN:
SF:src/Cache.ts
FN:4,(anonymous_0)
FN:6,(anonymous_1)
FN:14,(anonymous_2)
FN:25,(anonymous_3)
FN:29,(anonymous_4)
FN:51,(anonymous_5)
FN:56,(anonymous_6)
FN:77,(anonymous_7)
FN:91,(anonymous_8)
FN:98,(anonymous_9)
FN:102,(anonymous_10)
FN:105,(anonymous_11)
FN:112,(anonymous_12)
FNF:13
FNH:5
FNDA:0,(anonymous_0)
FNDA:6,(anonymous_1)
FNDA:0,(anonymous_2)
FNDA:0,(anonymous_3)
FNDA:8,(anonymous_4)
FNDA:8,(anonymous_5)
FNDA:15,(anonymous_6)
FNDA:0,(anonymous_7)
FNDA:0,(anonymous_8)
FNDA:0,(anonymous_9)
FNDA:0,(anonymous_10)
FNDA:1,(anonymous_11)
FNDA:0,(anonymous_12)
DA:2,1
DA:3,1
DA:4,1
DA:7,6
DA:8,6
DA:9,6
DA:10,6
DA:11,6
DA:12,6
DA:13,6
DA:14,6
DA:15,0
DA:16,0
DA:17,0
DA:18,0
DA:19,0
DA:20,0
DA:23,0
DA:25,6
DA:26,0
DA:30,8
DA:34,8
DA:35,1
DA:38,7
DA:39,7
DA:41,8
DA:42,0
DA:43,0
DA:44,0
DA:45,0
DA:46,0
DA:52,8
DA:53,8
DA:54,8
DA:57,15
DA:58,15
DA:59,9
DA:60,9
DA:61,7
DA:63,2
DA:64,1
DA:65,1
DA:68,1
DA:69,1
DA:70,1
DA:74,6
DA:78,0
DA:79,0
DA:80,0
DA:81,0
DA:82,0
DA:83,0
DA:85,0
DA:86,0
DA:87,0
DA:89,0
DA:92,0
DA:93,0
DA:94,0
DA:95,0
DA:96,0
DA:99,0
DA:100,0
DA:103,0
DA:106,1
DA:107,1
DA:108,0
DA:109,1
DA:110,1
DA:113,0
DA:114,0
DA:115,0
DA:116,0
DA:119,1
LF:74
LH:38
BRDA:6,0,0,6
BRDA:18,1,0,0
BRDA:18,1,1,0
BRDA:18,2,0,0
BRDA:18,2,1,0
BRDA:34,3,0,1
BRDA:34,3,1,7
BRDA:41,4,0,0
BRDA:41,4,1,8
BRDA:43,5,0,0
BRDA:43,5,1,0
BRDA:58,6,0,9
BRDA:58,6,1,6
BRDA:60,7,0,7
BRDA:60,7,1,2
BRDA:63,8,0,1
BRDA:63,8,1,1
BRDA:79,9,0,0
BRDA:79,9,1,0
BRDA:82,10,0,0
BRDA:82,10,1,0
BRDA:85,11,0,0
BRDA:85,11,1,0
BRDA:93,12,0,0
BRDA:93,12,1,0
BRDA:105,13,0,1
BRDA:107,14,0,0
BRDA:107,14,1,1
BRDA:114,15,0,0
BRDA:114,15,1,0
BRF:30
BRH:12
end_of_record
TN:
SF:src/Defer.ts
FN:17,(anonymous_0)
FN:18,(anonymous_1)
FNF:2
FNH:2
FNDA:5,(anonymous_0)
FNDA:5,(anonymous_1)
DA:2,1
DA:3,1
DA:18,5
DA:19,5
DA:20,5
DA:24,1
LF:6
LH:6
BRF:0
BRH:0
end_of_record
TN:
SF:src/Locks.ts
FN:22,(anonymous_0)
FN:27,(anonymous_1)
FN:38,(anonymous_2)
FN:44,(anonymous_3)
FN:53,(anonymous_4)
FN:54,(anonymous_5)
FN:61,(anonymous_6)
FN:75,(anonymous_7)
FNF:8
FNH:7
FNDA:9,(anonymous_0)
FNDA:33,(anonymous_1)
FNDA:12,(anonymous_2)
FNDA:7,(anonymous_3)
FNDA:9,(anonymous_4)
FNDA:9,(anonymous_5)
FNDA:12,(anonymous_6)
FNDA:0,(anonymous_7)
DA:2,1
DA:3,1
DA:4,1
DA:23,9
DA:24,9
DA:25,9
DA:28,33
DA:29,0
DA:30,33
DA:31,33
DA:32,33
DA:33,33
DA:34,33
DA:35,17
DA:36,16
DA:37,16
DA:38,16
DA:39,12
DA:40,11
DA:42,16
DA:45,7
DA:46,7
DA:47,7
DA:48,1
DA:49,6
DA:50,6
DA:51,6
DA:54,9
DA:55,9
DA:57,9
DA:58,20
DA:59,20
DA:60,8
DA:61,12
DA:62,12
DA:63,1
DA:65,8
DA:66,8
DA:69,8
DA:74,1
DA:75,1
DA:76,0
DA:77,0
DA:78,0
LF:44
LH:40
BRDA:4,0,0,0
BRDA:4,0,1,1
BRDA:4,1,0,1
BRDA:4,1,1,0
BRDA:4,1,2,0
BRDA:22,2,0,0
BRDA:22,3,0,0
BRDA:22,3,1,0
BRDA:22,4,0,9
BRDA:22,5,0,9
BRDA:27,6,0,11
BRDA:28,7,0,0
BRDA:28,7,1,33
BRDA:33,8,0,33
BRDA:33,8,1,18
BRDA:34,9,0,17
BRDA:34,9,1,16
BRDA:39,10,0,11
BRDA:39,10,1,1
BRDA:47,11,0,1
BRDA:47,11,1,6
BRDA:53,12,0,4
BRDA:53,13,0,9
BRDA:59,14,0,8
BRDA:59,14,1,12
BRDA:62,15,0,1
BRDA:62,15,1,11
BRDA:76,16,0,0
BRDA:76,16,1,0
BRF:29
BRH:20
end_of_record
TN:
SF:src/LruCache.ts
FN:5,(anonymous_0)
FN:12,(anonymous_1)
FN:15,(anonymous_2)
FN:37,(anonymous_3)
FN:47,(anonymous_4)
FN:51,(anonymous_5)
FN:54,(anonymous_6)
FN:60,(anonymous_7)
FN:63,(anonymous_8)
FN:73,(anonymous_9)
FN:87,(anonymous_10)
FN:100,(anonymous_11)
FNF:12
FNH:10
FNDA:13,(anonymous_0)
FNDA:16,(anonymous_1)
FNDA:52,(anonymous_2)
FNDA:47,(anonymous_3)
FNDA:0,(anonymous_4)
FNDA:4,(anonymous_5)
FNDA:1,(anonymous_6)
FNDA:2,(anonymous_7)
FNDA:0,(anonymous_8)
FNDA:43,(anonymous_9)
FNDA:83,(anonymous_10)
FNDA:50,(anonymous_11)
DA:2,1
DA:3,1
DA:6,13
DA:7,13
DA:8,13
DA:9,13
DA:10,13
DA:13,16
DA:16,52
DA:17,52
DA:18,2
DA:19,2
DA:20,2
DA:23,50
DA:24,10
DA:25,10
DA:26,10
DA:27,10
DA:28,10
DA:31,50
DA:32,50
DA:33,50
DA:34,50
DA:38,47
DA:39,47
DA:40,10
DA:41,37
DA:42,31
DA:43,31
DA:45,37
DA:48,0
DA:49,0
DA:52,4
DA:55,1
DA:56,1
DA:57,1
DA:58,1
DA:61,2
DA:64,0
DA:65,0
DA:66,0
DA:67,0
DA:68,0
DA:69,0
DA:71,0
DA:74,43
DA:75,43
DA:76,43
DA:77,27
DA:79,16
DA:80,43
DA:81,0
DA:83,43
DA:88,83
DA:89,83
DA:90,71
DA:91,71
DA:94,12
DA:95,83
DA:98,1
DA:101,50
DA:102,50
DA:103,50
DA:104,50
LF:64
LH:54
BRDA:5,0,0,0
BRDA:17,1,0,2
BRDA:17,1,1,50
BRDA:23,2,0,10
BRDA:23,2,1,40
BRDA:25,3,0,10
BRDA:25,3,1,0
BRDA:39,4,0,10
BRDA:39,4,1,37
BRDA:41,5,0,31
BRDA:41,5,1,6
BRDA:49,6,0,0
BRDA:49,6,1,0
BRDA:65,7,0,0
BRDA:65,7,1,0
BRDA:76,8,0,27
BRDA:76,8,1,16
BRDA:80,9,0,0
BRDA:80,9,1,43
BRDA:89,10,0,71
BRDA:89,10,1,12
BRF:21
BRH:14
end_of_record
TN:
SF:src/LruMap.ts
FN:5,(anonymous_0)
FN:11,(anonymous_1)
FN:18,(anonymous_2)
FNF:3
FNH:3
FNDA:22,(anonymous_0)
FNDA:108,(anonymous_1)
FNDA:70,(anonymous_2)
DA:2,2
DA:3,2
DA:8,22
DA:9,22
DA:12,108
DA:13,108
DA:14,108
DA:15,19
DA:16,108
DA:19,70
DA:20,70
DA:21,11
DA:22,1
DA:23,11
DA:25,59
DA:26,59
DA:27,59
DA:30,2
LF:18
LH:18
BRDA:7,0,0,0
BRDA:14,1,0,19
BRDA:14,1,1,89
BRDA:20,2,0,11
BRDA:20,2,1,59
BRDA:21,3,0,1
BRDA:21,3,1,10
BRF:7
BRH:6
end_of_record
TN:
SF:src/LruTtlMap.ts
FN:6,(anonymous_0)
FN:10,(anonymous_1)
FN:14,(anonymous_2)
FN:18,(anonymous_3)
FN:27,(anonymous_4)
FN:34,(anonymous_5)
FNF:6
FNH:6
FNDA:9,(anonymous_0)
FNDA:1,(anonymous_1)
FNDA:2,(anonymous_2)
FNDA:31,(anonymous_3)
FNDA:31,(anonymous_4)
FNDA:33,(anonymous_5)
DA:2,1
DA:3,1
DA:4,1
DA:7,9
DA:8,9
DA:11,1
DA:12,1
DA:15,2
DA:16,2
DA:19,31
DA:20,6
DA:21,25
DA:22,25
DA:23,25
DA:24,2
DA:25,25
DA:28,31
DA:29,8
DA:30,23
DA:31,23
DA:32,23
DA:35,33
DA:36,33
DA:37,33
DA:40,1
LF:25
LH:25
BRDA:18,0,0,23
BRDA:19,1,0,6
BRDA:19,1,1,25
BRDA:21,2,0,25
BRDA:21,2,1,0
BRDA:23,3,0,2
BRDA:23,3,1,23
BRDA:28,4,0,8
BRDA:28,4,1,23
BRDA:34,5,0,30
BRF:10
BRH:9
end_of_record
TN:
SF:src/TimedQueue.ts
FN:9,(anonymous_0)
FN:21,(anonymous_1)
FN:25,(anonymous_2)
FN:32,(anonymous_3)
FN:37,(anonymous_4)
FNF:5
FNH:4
FNDA:9,(anonymous_0)
FNDA:0,(anonymous_1)
FNDA:24,(anonymous_2)
FNDA:5,(anonymous_3)
FNDA:14,(anonymous_4)
DA:2,1
DA:3,1
DA:13,9
DA:17,9
DA:21,9
DA:22,9
DA:23,9
DA:26,24
DA:27,24
DA:28,3
DA:29,3
DA:31,21
DA:32,13
DA:33,5
DA:38,14
DA:39,14
DA:40,14
DA:41,13
DA:42,14
DA:43,14
DA:44,13
DA:45,13
DA:49,0
DA:52,14
DA:55,1
LF:25
LH:24
BRDA:27,0,0,3
BRDA:27,0,1,21
BRDA:31,1,0,13
BRDA:31,1,1,8
BRDA:40,2,0,13
BRDA:40,2,1,1
BRDA:43,3,0,13
BRDA:43,3,1,1
BRF:8
BRH:8
end_of_record
TN:
SF:src/TimedState.ts
FN:9,(anonymous_0)
FN:23,(anonymous_1)
FN:28,(anonymous_2)
FN:36,(anonymous_3)
FN:41,(anonymous_4)
FNF:5
FNH:4
FNDA:10,(anonymous_0)
FNDA:0,(anonymous_1)
FNDA:26,(anonymous_2)
FNDA:5,(anonymous_3)
FNDA:15,(anonymous_4)
DA:2,1
DA:3,1
DA:10,10
DA:11,10
DA:15,10
DA:19,10
DA:23,10
DA:24,10
DA:25,10
DA:26,10
DA:29,26
DA:30,26
DA:31,26
DA:32,3
DA:33,3
DA:35,23
DA:36,14
DA:37,5
DA:42,15
DA:43,15
DA:44,15
DA:45,15
DA:46,14
DA:47,15
DA:48,14
DA:49,14
DA:50,14
DA:54,0
DA:57,15
DA:60,1
LF:30
LH:29
BRDA:31,0,0,3
BRDA:31,0,1,23
BRDA:35,1,0,14
BRDA:35,1,1,9
BRDA:45,2,0,14
BRDA:45,2,1,1
BRDA:47,3,0,14
BRDA:47,3,1,1
BRF:8
BRH:8
end_of_record
TN:
SF:src/base64.ts
FN:4,(anonymous_0)
FN:6,(anonymous_1)
FNF:2
FNH:2
FNDA:2,(anonymous_0)
FNDA:1,(anonymous_1)
DA:2,1
DA:3,1
DA:4,2
DA:5,1
DA:6,1
DA:7,1
LF:6
LH:6
BRF:0
BRH:0
end_of_record
TN:
SF:src/codeMutex.ts
FN:8,(anonymous_0)
FN:10,(anonymous_1)
FNF:2
FNH:2
FNDA:13,(anonymous_0)
FNDA:57,(anonymous_1)
DA:2,2
DA:3,2
DA:8,2
DA:10,13
DA:11,57
DA:12,31
DA:13,26
DA:14,26
DA:17,26
DA:21,2
LF:10
LH:10
BRDA:11,0,0,31
BRDA:11,0,1,26
BRF:2
BRH:2
end_of_record
TN:
SF:src/concurrency.ts
FN:7,(anonymous_0)
FN:9,(anonymous_1)
FN:16,(anonymous_2)
FN:19,(anonymous_3)
FN:36,(anonymous_4)
FNF:5
FNH:5
FNDA:1806,(anonymous_0)
FNDA:1806,(anonymous_1)
FNDA:268,(anonymous_2)
FNDA:1806,(anonymous_3)
FNDA:1806,(anonymous_4)
DA:2,2
DA:3,2
DA:4,2
DA:8,1806
DA:9,1806
DA:10,1806
DA:11,1806
DA:16,2
DA:17,268
DA:18,268
DA:19,268
DA:20,1806
DA:21,1806
DA:22,1806
DA:24,0
DA:25,1806
DA:26,1806
DA:27,1806
DA:30,0
DA:33,1806
DA:36,268
DA:37,1806
DA:38,1806
DA:39,1806
DA:42,2
LF:25
LH:23
BRDA:21,0,0,1806
BRDA:21,0,1,0
BRDA:33,1,0,1806
BRDA:33,1,1,925
BRDA:39,2,0,1806
BRDA:39,2,1,881
BRF:6
BRH:5
end_of_record
TN:
SF:src/concurrencyDecorator.ts
FN:12,concurrency
FN:13,(anonymous_1)
FN:14,(anonymous_2)
FN:20,(anonymous_3)
FNF:4
FNH:4
FNDA:135,concurrency
FNDA:135,(anonymous_1)
FNDA:909,(anonymous_2)
FNDA:909,(anonymous_3)
DA:2,1
DA:3,1
DA:4,1
DA:6,1
DA:13,135
DA:14,135
DA:15,909
DA:16,909
DA:17,135
DA:18,909
DA:19,136
DA:20,909
LF:12
LH:12
BRDA:16,0,0,135
BRDA:16,0,1,774
BRDA:18,1,0,136
BRDA:18,1,1,773
BRF:4
BRH:4
end_of_record
TN:
SF:src/createRace.ts
FN:30,(anonymous_0)
FN:32,(anonymous_1)
FNF:2
FNH:2
FNDA:3,(anonymous_0)
FNDA:6,(anonymous_1)
DA:2,1
DA:3,1
DA:30,1
DA:31,3
DA:32,3
DA:33,6
DA:34,2
DA:35,4
DA:36,4
DA:37,4
DA:40,4
DA:44,1
LF:12
LH:12
BRDA:33,0,0,2
BRDA:33,0,1,4
BRF:2
BRH:2
end_of_record
TN:
SF:src/fanout.ts
FN:5,(anonymous_0)
FN:8,(anonymous_1)
FN:9,(anonymous_2)
FN:11,(anonymous_3)
FN:14,(anonymous_4)
FNF:5
FNH:5
FNDA:3,(anonymous_0)
FNDA:9,(anonymous_1)
FNDA:10,(anonymous_2)
FNDA:5,(anonymous_3)
FNDA:9,(anonymous_4)
DA:2,1
DA:3,1
DA:6,3
DA:9,10
DA:12,5
DA:13,5
DA:14,9
DA:17,1
LF:8
LH:8
BRF:0
BRH:0
end_of_record
TN:
SF:src/go.ts
FN:5,(anonymous_0)
FN:6,(anonymous_1)
FNF:2
FNH:1
FNDA:1806,(anonymous_0)
FNDA:0,(anonymous_1)
DA:2,2
DA:3,2
DA:5,2
DA:6,1806
DA:8,2
LF:5
LH:5
BRF:0
BRH:0
end_of_record
TN:
SF:src/hasKeys.ts
FN:4,(anonymous_0)
FNF:1
FNH:1
FNDA:2,(anonymous_0)
DA:2,1
DA:3,1
DA:4,1
DA:5,2
DA:6,1
DA:7,1
DA:9,1
LF:7
LH:7
BRF:0
BRH:0
end_of_record
TN:
SF:src/hash.ts
FN:4,(anonymous_0)
FNF:1
FNH:1
FNDA:400,(anonymous_0)
DA:2,1
DA:3,1
DA:4,1
DA:5,400
DA:6,400
DA:7,400
DA:8,2760
DA:9,400
DA:11,1
LF:9
LH:9
BRF:0
BRH:0
end_of_record
TN:
SF:src/mutex.ts
FN:10,mutex
FN:14,(anonymous_1)
FN:15,(anonymous_2)
FN:19,(anonymous_3)
FN:25,(anonymous_4)
FNF:5
FNH:5
FNDA:7,mutex
FNDA:12,(anonymous_1)
FNDA:6,(anonymous_2)
FNDA:21,(anonymous_3)
FNDA:10,(anonymous_4)
DA:2,1
DA:3,1
DA:4,1
DA:11,7
DA:12,7
DA:13,2
DA:14,2
DA:15,12
DA:18,5
DA:19,5
DA:20,21
DA:21,21
DA:22,6
DA:23,21
DA:24,6
DA:25,21
LF:16
LH:16
BRDA:12,0,0,2
BRDA:12,0,1,5
BRDA:21,1,0,6
BRDA:21,1,1,15
BRDA:23,2,0,6
BRDA:23,2,1,15
BRF:6
BRH:6
end_of_record
TN:
SF:src/normalizeEmail.ts
FN:20,(anonymous_0)
FNF:1
FNH:1
FNDA:4,(anonymous_0)
DA:2,1
DA:3,1
DA:4,1
DA:20,1
DA:21,4
DA:22,4
DA:23,4
DA:24,4
DA:25,4
DA:26,4
DA:28,1
LF:11
LH:11
BRF:0
BRH:0
end_of_record
TN:
SF:src/once.ts
FN:10,once
FN:11,(anonymous_1)
FNF:2
FNH:2
FNDA:5,once
FNDA:17,(anonymous_1)
DA:3,1
DA:4,1
DA:5,1
DA:11,5
DA:12,17
DA:13,17
DA:14,4
DA:15,17
DA:16,5
DA:17,17
LF:10
LH:10
BRDA:13,0,0,4
BRDA:13,0,1,13
BRDA:15,1,0,5
BRDA:15,1,1,12
BRF:4
BRH:4
end_of_record
TN:
SF:src/tick.ts
FN:4,(anonymous_0)
FN:4,(anonymous_1)
FNF:2
FNH:2
FNDA:979,(anonymous_0)
FNDA:979,(anonymous_1)
DA:2,6
DA:3,6
DA:4,979
DA:5,6
LF:4
LH:4
BRDA:4,0,0,0
BRF:1
BRH:0
end_of_record
TN:
SF:src/timeout.ts
FN:19,(anonymous_0)
FN:19,(anonymous_1)
FN:20,(anonymous_2)
FN:22,(anonymous_3)
FN:25,(anonymous_4)
FNF:5
FNH:4
FNDA:4,(anonymous_0)
FNDA:4,(anonymous_1)
FNDA:1,(anonymous_2)
FNDA:3,(anonymous_3)
FNDA:0,(anonymous_4)
DA:2,1
DA:3,1
DA:19,4
DA:20,4
DA:21,4
DA:22,4
DA:23,3
DA:24,3
DA:26,0
DA:27,0
DA:30,1
LF:11
LH:9
BRDA:21,0,0,3
BRDA:21,0,1,1
BRF:2
BRH:2
end_of_record
TN:
SF:src/xorshift.ts
FN:4,(anonymous_0)
FN:6,xorShift32
FNF:2
FNH:2
FNDA:1,(anonymous_0)
FNDA:100,xorShift32
DA:2,1
DA:3,1
DA:4,1
DA:5,1
DA:6,1
DA:7,100
DA:8,100
DA:9,100
DA:10,100
DA:13,1
DA:14,1
LF:11
LH:11
BRDA:4,0,0,1
BRF:1
BRH:1
end_of_record
